[0.008s] Invoking command in '/home/duallife/projects/urdf/build/mybotv2': AMENT_PREFIX_PATH=/home/duallife/projects/urdf/install/ROBOv2:/home/duallife/projects/urdf/install/robov2description:/home/duallife/projects/urdf/install/mybot:/home/duallife/projects/urdf/install/robo6:/home/duallife/projects/urdf/install/mybotv2:/home/duallife/projects/urdf/install/interface:/opt/ros/humble CMAKE_PREFIX_PATH=${CMAKE_PREFIX_PATH}:/home/duallife/projects/urdf/install/robo6:/home/duallife/projects/urdf/install/ROBOv2:/opt/ros/humble PYTHONPATH=/home/duallife/projects/urdf/install/ROBOv2/lib/python3.10/site-packages:/home/duallife/projects/urdf/install/robo6/lib/python3.10/site-packages:/home/duallife/projects/urdf/install/interface/local/lib/python3.10/dist-packages:/opt/ros/humble/lib/python3.10/site-packages:/opt/ros/humble/local/lib/python3.10/dist-packages /usr/bin/cmake --build /home/duallife/projects/urdf/build/mybotv2 -- -j16 -l16
[0.045s] Invoked command in '/home/duallife/projects/urdf/build/mybotv2' returned '0': AMENT_PREFIX_PATH=/home/duallife/projects/urdf/install/ROBOv2:/home/duallife/projects/urdf/install/robov2description:/home/duallife/projects/urdf/install/mybot:/home/duallife/projects/urdf/install/robo6:/home/duallife/projects/urdf/install/mybotv2:/home/duallife/projects/urdf/install/interface:/opt/ros/humble CMAKE_PREFIX_PATH=${CMAKE_PREFIX_PATH}:/home/duallife/projects/urdf/install/robo6:/home/duallife/projects/urdf/install/ROBOv2:/opt/ros/humble PYTHONPATH=/home/duallife/projects/urdf/install/ROBOv2/lib/python3.10/site-packages:/home/duallife/projects/urdf/install/robo6/lib/python3.10/site-packages:/home/duallife/projects/urdf/install/interface/local/lib/python3.10/dist-packages:/opt/ros/humble/lib/python3.10/site-packages:/opt/ros/humble/local/lib/python3.10/dist-packages /usr/bin/cmake --build /home/duallife/projects/urdf/build/mybotv2 -- -j16 -l16
[0.078s] Invoking command in '/home/duallife/projects/urdf/build/mybotv2': AMENT_PREFIX_PATH=/home/duallife/projects/urdf/install/ROBOv2:/home/duallife/projects/urdf/install/robov2description:/home/duallife/projects/urdf/install/mybot:/home/duallife/projects/urdf/install/robo6:/home/duallife/projects/urdf/install/mybotv2:/home/duallife/projects/urdf/install/interface:/opt/ros/humble CMAKE_PREFIX_PATH=${CMAKE_PREFIX_PATH}:/home/duallife/projects/urdf/install/robo6:/home/duallife/projects/urdf/install/ROBOv2:/opt/ros/humble PYTHONPATH=/home/duallife/projects/urdf/install/ROBOv2/lib/python3.10/site-packages:/home/duallife/projects/urdf/install/robo6/lib/python3.10/site-packages:/home/duallife/projects/urdf/install/interface/local/lib/python3.10/dist-packages:/opt/ros/humble/lib/python3.10/site-packages:/opt/ros/humble/local/lib/python3.10/dist-packages /usr/bin/cmake --install /home/duallife/projects/urdf/build/mybotv2
[0.085s] -- Install configuration: ""
[0.085s] -- Up-to-date: /home/duallife/projects/urdf/install/mybotv2/share/ament_index/resource_index/package_run_dependencies/mybotv2
[0.085s] -- Up-to-date: /home/duallife/projects/urdf/install/mybotv2/share/ament_index/resource_index/parent_prefix_path/mybotv2
[0.085s] -- Up-to-date: /home/duallife/projects/urdf/install/mybotv2/share/mybotv2/environment/ament_prefix_path.sh
[0.085s] -- Up-to-date: /home/duallife/projects/urdf/install/mybotv2/share/mybotv2/environment/ament_prefix_path.dsv
[0.085s] -- Up-to-date: /home/duallife/projects/urdf/install/mybotv2/share/mybotv2/environment/path.sh
[0.086s] -- Up-to-date: /home/duallife/projects/urdf/install/mybotv2/share/mybotv2/environment/path.dsv
[0.086s] -- Up-to-date: /home/duallife/projects/urdf/install/mybotv2/share/mybotv2/local_setup.bash
[0.086s] -- Up-to-date: /home/duallife/projects/urdf/install/mybotv2/share/mybotv2/local_setup.sh
[0.086s] -- Up-to-date: /home/duallife/projects/urdf/install/mybotv2/share/mybotv2/local_setup.zsh
[0.086s] -- Up-to-date: /home/duallife/projects/urdf/install/mybotv2/share/mybotv2/local_setup.dsv
[0.086s] -- Installing: /home/duallife/projects/urdf/install/mybotv2/share/mybotv2/package.dsv
[0.086s] -- Up-to-date: /home/duallife/projects/urdf/install/mybotv2/share/ament_index/resource_index/packages/mybotv2
[0.086s] -- Up-to-date: /home/duallife/projects/urdf/install/mybotv2/share/mybotv2/cmake/mybotv2Config.cmake
[0.086s] -- Up-to-date: /home/duallife/projects/urdf/install/mybotv2/share/mybotv2/cmake/mybotv2Config-version.cmake
[0.086s] -- Up-to-date: /home/duallife/projects/urdf/install/mybotv2/share/mybotv2/package.xml
[0.086s] -- Up-to-date: /home/duallife/projects/urdf/install/mybotv2/share/mybotv2/launch
[0.086s] -- Up-to-date: /home/duallife/projects/urdf/install/mybotv2/share/mybotv2/launch/warehouse_db.launch.py
[0.086s] -- Up-to-date: /home/duallife/projects/urdf/install/mybotv2/share/mybotv2/launch/gazebo_moveit_rviz.launch.py
[0.086s] -- Up-to-date: /home/duallife/projects/urdf/install/mybotv2/share/mybotv2/launch/move_group.launch.py
[0.086s] -- Up-to-date: /home/duallife/projects/urdf/install/mybotv2/share/mybotv2/launch/spawn_controllers.launch.py
[0.086s] -- Up-to-date: /home/duallife/projects/urdf/install/mybotv2/share/mybotv2/launch/rsp.launch.py
[0.086s] -- Up-to-date: /home/duallife/projects/urdf/install/mybotv2/share/mybotv2/launch/botlaunch.launch.py
[0.087s] -- Up-to-date: /home/duallife/projects/urdf/install/mybotv2/share/mybotv2/launch/static_virtual_joint_tfs.launch.py
[0.087s] -- Up-to-date: /home/duallife/projects/urdf/install/mybotv2/share/mybotv2/launch/gazebo.launch.py
[0.087s] -- Up-to-date: /home/duallife/projects/urdf/install/mybotv2/share/mybotv2/launch/demo.launch.py
[0.087s] -- Up-to-date: /home/duallife/projects/urdf/install/mybotv2/share/mybotv2/launch/setup_assistant.launch.py
[0.087s] -- Up-to-date: /home/duallife/projects/urdf/install/mybotv2/share/mybotv2/launch/moveit_rviz.launch.py
[0.087s] -- Up-to-date: /home/duallife/projects/urdf/install/mybotv2/share/mybotv2/config
[0.087s] -- Up-to-date: /home/duallife/projects/urdf/install/mybotv2/share/mybotv2/config/moveit.rviz
[0.087s] -- Up-to-date: /home/duallife/projects/urdf/install/mybotv2/share/mybotv2/config/pilz_cartesian_limits.yaml
[0.087s] -- Up-to-date: /home/duallife/projects/urdf/install/mybotv2/share/mybotv2/config/ros2_controllers.yaml
[0.087s] -- Up-to-date: /home/duallife/projects/urdf/install/mybotv2/share/mybotv2/config/ROBOv2.srdf
[0.087s] -- Up-to-date: /home/duallife/projects/urdf/install/mybotv2/share/mybotv2/config/kinematics.yaml
[0.087s] -- Up-to-date: /home/duallife/projects/urdf/install/mybotv2/share/mybotv2/config/initial_positions.yaml
[0.087s] -- Up-to-date: /home/duallife/projects/urdf/install/mybotv2/share/mybotv2/config/moveit_controllers.yaml
[0.088s] -- Up-to-date: /home/duallife/projects/urdf/install/mybotv2/share/mybotv2/config/gazebo_ROBOv2.urdf.xacro
[0.088s] -- Up-to-date: /home/duallife/projects/urdf/install/mybotv2/share/mybotv2/config/ROBOv2.urdf.xacro
[0.088s] -- Up-to-date: /home/duallife/projects/urdf/install/mybotv2/share/mybotv2/config/joint_limits.yaml
[0.088s] -- Up-to-date: /home/duallife/projects/urdf/install/mybotv2/share/mybotv2/config/ROBOv2.ros2_control.xacro
[0.088s] -- Up-to-date: /home/duallife/projects/urdf/install/mybotv2/share/mybotv2/.setup_assistant
[0.088s] Invoked command in '/home/duallife/projects/urdf/build/mybotv2' returned '0': AMENT_PREFIX_PATH=/home/duallife/projects/urdf/install/ROBOv2:/home/duallife/projects/urdf/install/robov2description:/home/duallife/projects/urdf/install/mybot:/home/duallife/projects/urdf/install/robo6:/home/duallife/projects/urdf/install/mybotv2:/home/duallife/projects/urdf/install/interface:/opt/ros/humble CMAKE_PREFIX_PATH=${CMAKE_PREFIX_PATH}:/home/duallife/projects/urdf/install/robo6:/home/duallife/projects/urdf/install/ROBOv2:/opt/ros/humble PYTHONPATH=/home/duallife/projects/urdf/install/ROBOv2/lib/python3.10/site-packages:/home/duallife/projects/urdf/install/robo6/lib/python3.10/site-packages:/home/duallife/projects/urdf/install/interface/local/lib/python3.10/dist-packages:/opt/ros/humble/lib/python3.10/site-packages:/opt/ros/humble/local/lib/python3.10/dist-packages /usr/bin/cmake --install /home/duallife/projects/urdf/build/mybotv2
