[0.809s] Invoking command in '/home/duallife/projects/urdf/robo6': PYTHONPATH=/home/duallife/projects/urdf/build/robo6/prefix_override:/usr/lib/python3/dist-packages/colcon_core/task/python/colcon_distutils_commands:/home/duallife/projects/urdf/install/robo6/lib/python3.10/site-packages:${PYTHONPATH} /usr/bin/python3 -W ignore:setup.py install is deprecated setup.py egg_info --egg-base ../build/robo6 build --build-base /home/duallife/projects/urdf/build/robo6/build install --record /home/duallife/projects/urdf/build/robo6/install.log --single-version-externally-managed install_data
[1.002s] running egg_info
[1.002s] writing ../build/robo6/robo6.egg-info/PKG-INFO
[1.003s] writing dependency_links to ../build/robo6/robo6.egg-info/dependency_links.txt
[1.003s] writing entry points to ../build/robo6/robo6.egg-info/entry_points.txt
[1.003s] writing requirements to ../build/robo6/robo6.egg-info/requires.txt
[1.003s] writing top-level names to ../build/robo6/robo6.egg-info/top_level.txt
[1.004s] reading manifest file '../build/robo6/robo6.egg-info/SOURCES.txt'
[1.005s] writing manifest file '../build/robo6/robo6.egg-info/SOURCES.txt'
[1.005s] running build
[1.005s] running build_py
[1.006s] running install
[1.007s] running install_lib
[1.007s] running install_data
[1.008s] running install_egg_info
[1.009s] removing '/home/duallife/projects/urdf/install/robo6/lib/python3.10/site-packages/robo6-0.0.0-py3.10.egg-info' (and everything under it)
[1.009s] Copying ../build/robo6/robo6.egg-info to /home/duallife/projects/urdf/install/robo6/lib/python3.10/site-packages/robo6-0.0.0-py3.10.egg-info
[1.010s] running install_scripts
[1.026s] Installing jointAnglePub script to /home/duallife/projects/urdf/install/robo6/lib/robo6
[1.027s] Installing test_pub script to /home/duallife/projects/urdf/install/robo6/lib/robo6
[1.027s] Installing test_sub script to /home/duallife/projects/urdf/install/robo6/lib/robo6
[1.027s] writing list of installed files to '/home/duallife/projects/urdf/build/robo6/install.log'
[1.058s] Invoked command in '/home/duallife/projects/urdf/robo6' returned '0': PYTHONPATH=/home/duallife/projects/urdf/build/robo6/prefix_override:/usr/lib/python3/dist-packages/colcon_core/task/python/colcon_distutils_commands:/home/duallife/projects/urdf/install/robo6/lib/python3.10/site-packages:${PYTHONPATH} /usr/bin/python3 -W ignore:setup.py install is deprecated setup.py egg_info --egg-base ../build/robo6 build --build-base /home/duallife/projects/urdf/build/robo6/build install --record /home/duallife/projects/urdf/build/robo6/install.log --single-version-externally-managed install_data
