[0.794s] Invoking command in '/home/duallife/projects/urdf/robo6': PYTHONPATH=/home/duallife/projects/urdf/build/robo6/prefix_override:/usr/lib/python3/dist-packages/colcon_core/task/python/colcon_distutils_commands:/home/duallife/projects/urdf/install/robo6/lib/python3.10/site-packages:${PYTHONPATH} /usr/bin/python3 -W ignore:setup.py install is deprecated setup.py egg_info --egg-base ../build/robo6 build --build-base /home/duallife/projects/urdf/build/robo6/build install --record /home/duallife/projects/urdf/build/robo6/install.log --single-version-externally-managed install_data
[1.283s] running egg_info
[1.285s] writing ../build/robo6/robo6.egg-info/PKG-INFO
[1.287s] writing dependency_links to ../build/robo6/robo6.egg-info/dependency_links.txt
[1.287s] writing entry points to ../build/robo6/robo6.egg-info/entry_points.txt
[1.288s] writing requirements to ../build/robo6/robo6.egg-info/requires.txt
[1.288s] writing top-level names to ../build/robo6/robo6.egg-info/top_level.txt
[1.294s] reading manifest file '../build/robo6/robo6.egg-info/SOURCES.txt'
[1.296s] writing manifest file '../build/robo6/robo6.egg-info/SOURCES.txt'
[1.296s] running build
[1.296s] running build_py
[1.296s] copying robo6/jointAnglePub.py -> /home/duallife/projects/urdf/build/robo6/build/lib/robo6
[1.296s] running install
[1.296s] running install_lib
[1.297s] copying /home/duallife/projects/urdf/build/robo6/build/lib/robo6/jointAnglePub.py -> /home/duallife/projects/urdf/install/robo6/lib/python3.10/site-packages/robo6
[1.299s] byte-compiling /home/duallife/projects/urdf/install/robo6/lib/python3.10/site-packages/robo6/jointAnglePub.py to jointAnglePub.cpython-310.pyc
[1.303s] running install_data
[1.304s] running install_egg_info
[1.305s] removing '/home/duallife/projects/urdf/install/robo6/lib/python3.10/site-packages/robo6-0.0.0-py3.10.egg-info' (and everything under it)
[1.305s] Copying ../build/robo6/robo6.egg-info to /home/duallife/projects/urdf/install/robo6/lib/python3.10/site-packages/robo6-0.0.0-py3.10.egg-info
[1.306s] running install_scripts
[1.338s] Installing jointAnglePub script to /home/duallife/projects/urdf/install/robo6/lib/robo6
[1.338s] Installing test_pub script to /home/duallife/projects/urdf/install/robo6/lib/robo6
[1.338s] Installing test_sub script to /home/duallife/projects/urdf/install/robo6/lib/robo6
[1.338s] writing list of installed files to '/home/duallife/projects/urdf/build/robo6/install.log'
[1.431s] Invoked command in '/home/duallife/projects/urdf/robo6' returned '0': PYTHONPATH=/home/duallife/projects/urdf/build/robo6/prefix_override:/usr/lib/python3/dist-packages/colcon_core/task/python/colcon_distutils_commands:/home/duallife/projects/urdf/install/robo6/lib/python3.10/site-packages:${PYTHONPATH} /usr/bin/python3 -W ignore:setup.py install is deprecated setup.py egg_info --egg-base ../build/robo6 build --build-base /home/duallife/projects/urdf/build/robo6/build install --record /home/duallife/projects/urdf/build/robo6/install.log --single-version-externally-managed install_data
