[0.426s] Invoking command in '/home/duallife/projects/urdf/build/interface': CMAKE_PREFIX_PATH=/opt/ros/humble /usr/bin/cmake --build /home/duallife/projects/urdf/build/interface -- -j16 -l16
[0.471s] [  9%] Built target interface__cpp
[0.471s] [ 12%] Built target interface__rosidl_generator_c
[0.480s] [ 12%] Built target ament_cmake_python_copy_interface
[0.489s] [ 22%] Built target interface__rosidl_typesupport_fastrtps_c
[0.489s] [ 32%] Built target interface__rosidl_typesupport_cpp
[0.490s] [ 41%] Built target interface__rosidl_typesupport_c
[0.490s] [ 51%] Built target interface__rosidl_typesupport_fastrtps_cpp
[0.492s] [ 70%] Built target interface__rosidl_typesupport_introspection_cpp
[0.492s] [ 70%] Built target interface__rosidl_typesupport_introspection_c
[0.512s] [ 70%] Built target interface
[0.535s] [ 74%] Built target interface__py
[0.557s] [ 80%] Built target interface__rosidl_generator_py
[0.577s] [100%] Built target interface__rosidl_typesupport_introspection_c__pyext
[0.577s] [100%] Built target interface__rosidl_typesupport_fastrtps_c__pyext
[0.577s] [100%] Built target interface__rosidl_typesupport_c__pyext
[0.677s] running egg_info
[0.677s] writing interface.egg-info/PKG-INFO
[0.677s] writing dependency_links to interface.egg-info/dependency_links.txt
[0.677s] writing top-level names to interface.egg-info/top_level.txt
[0.679s] reading manifest file 'interface.egg-info/SOURCES.txt'
[0.679s] writing manifest file 'interface.egg-info/SOURCES.txt'
[0.703s] [100%] Built target ament_cmake_python_build_interface_egg
[0.715s] Invoked command in '/home/duallife/projects/urdf/build/interface' returned '0': CMAKE_PREFIX_PATH=/opt/ros/humble /usr/bin/cmake --build /home/duallife/projects/urdf/build/interface -- -j16 -l16
[0.794s] Invoking command in '/home/duallife/projects/urdf/build/interface': CMAKE_PREFIX_PATH=/opt/ros/humble /usr/bin/cmake --install /home/duallife/projects/urdf/build/interface
[0.801s] -- Install configuration: ""
[0.801s] -- Up-to-date: /home/duallife/projects/urdf/install/interface/share/ament_index/resource_index/rosidl_interfaces/interface
[0.802s] -- Up-to-date: /home/duallife/projects/urdf/install/interface/include/interface/interface
[0.802s] -- Up-to-date: /home/duallife/projects/urdf/install/interface/include/interface/interface/msg
[0.802s] -- Up-to-date: /home/duallife/projects/urdf/install/interface/include/interface/interface/msg/detail
[0.802s] -- Up-to-date: /home/duallife/projects/urdf/install/interface/include/interface/interface/msg/detail/joint_angle__type_support.h
[0.802s] -- Up-to-date: /home/duallife/projects/urdf/install/interface/include/interface/interface/msg/detail/joint_angle__struct.h
[0.802s] -- Up-to-date: /home/duallife/projects/urdf/install/interface/include/interface/interface/msg/detail/joint_angle__functions.h
[0.802s] -- Up-to-date: /home/duallife/projects/urdf/install/interface/include/interface/interface/msg/detail/joint_angle__functions.c
[0.802s] -- Up-to-date: /home/duallife/projects/urdf/install/interface/include/interface/interface/msg/joint_angle.h
[0.802s] -- Up-to-date: /home/duallife/projects/urdf/install/interface/include/interface/interface/msg/rosidl_generator_c__visibility_control.h
[0.802s] -- Up-to-date: /home/duallife/projects/urdf/install/interface/share/interface/environment/library_path.sh
[0.802s] -- Up-to-date: /home/duallife/projects/urdf/install/interface/share/interface/environment/library_path.dsv
[0.802s] -- Up-to-date: /home/duallife/projects/urdf/install/interface/lib/libinterface__rosidl_generator_c.so
[0.802s] -- Up-to-date: /home/duallife/projects/urdf/install/interface/include/interface/interface
[0.802s] -- Up-to-date: /home/duallife/projects/urdf/install/interface/include/interface/interface/msg
[0.802s] -- Up-to-date: /home/duallife/projects/urdf/install/interface/include/interface/interface/msg/detail
[0.802s] -- Up-to-date: /home/duallife/projects/urdf/install/interface/include/interface/interface/msg/detail/joint_angle__rosidl_typesupport_fastrtps_c.h
[0.802s] -- Up-to-date: /home/duallife/projects/urdf/install/interface/include/interface/interface/msg/rosidl_typesupport_fastrtps_c__visibility_control.h
[0.802s] -- Up-to-date: /home/duallife/projects/urdf/install/interface/lib/libinterface__rosidl_typesupport_fastrtps_c.so
[0.803s] -- Up-to-date: /home/duallife/projects/urdf/install/interface/include/interface/interface
[0.803s] -- Up-to-date: /home/duallife/projects/urdf/install/interface/include/interface/interface/msg
[0.803s] -- Up-to-date: /home/duallife/projects/urdf/install/interface/include/interface/interface/msg/detail
[0.803s] -- Up-to-date: /home/duallife/projects/urdf/install/interface/include/interface/interface/msg/detail/joint_angle__type_support.c
[0.803s] -- Up-to-date: /home/duallife/projects/urdf/install/interface/include/interface/interface/msg/detail/joint_angle__rosidl_typesupport_introspection_c.h
[0.803s] -- Up-to-date: /home/duallife/projects/urdf/install/interface/include/interface/interface/msg/rosidl_typesupport_introspection_c__visibility_control.h
[0.803s] -- Up-to-date: /home/duallife/projects/urdf/install/interface/lib/libinterface__rosidl_typesupport_introspection_c.so
[0.803s] -- Up-to-date: /home/duallife/projects/urdf/install/interface/lib/libinterface__rosidl_typesupport_c.so
[0.803s] -- Up-to-date: /home/duallife/projects/urdf/install/interface/include/interface/interface
[0.803s] -- Up-to-date: /home/duallife/projects/urdf/install/interface/include/interface/interface/msg
[0.803s] -- Up-to-date: /home/duallife/projects/urdf/install/interface/include/interface/interface/msg/detail
[0.803s] -- Up-to-date: /home/duallife/projects/urdf/install/interface/include/interface/interface/msg/detail/joint_angle__struct.hpp
[0.803s] -- Up-to-date: /home/duallife/projects/urdf/install/interface/include/interface/interface/msg/detail/joint_angle__traits.hpp
[0.803s] -- Up-to-date: /home/duallife/projects/urdf/install/interface/include/interface/interface/msg/detail/joint_angle__builder.hpp
[0.803s] -- Up-to-date: /home/duallife/projects/urdf/install/interface/include/interface/interface/msg/joint_angle.hpp
[0.803s] -- Up-to-date: /home/duallife/projects/urdf/install/interface/include/interface/interface
[0.803s] -- Up-to-date: /home/duallife/projects/urdf/install/interface/include/interface/interface/msg
[0.804s] -- Up-to-date: /home/duallife/projects/urdf/install/interface/include/interface/interface/msg/rosidl_typesupport_fastrtps_cpp__visibility_control.h
[0.804s] -- Up-to-date: /home/duallife/projects/urdf/install/interface/include/interface/interface/msg/detail
[0.804s] -- Up-to-date: /home/duallife/projects/urdf/install/interface/include/interface/interface/msg/detail/dds_fastrtps
[0.804s] -- Up-to-date: /home/duallife/projects/urdf/install/interface/include/interface/interface/msg/detail/joint_angle__rosidl_typesupport_fastrtps_cpp.hpp
[0.804s] -- Up-to-date: /home/duallife/projects/urdf/install/interface/lib/libinterface__rosidl_typesupport_fastrtps_cpp.so
[0.804s] -- Up-to-date: /home/duallife/projects/urdf/install/interface/include/interface/interface
[0.804s] -- Up-to-date: /home/duallife/projects/urdf/install/interface/include/interface/interface/msg
[0.804s] -- Up-to-date: /home/duallife/projects/urdf/install/interface/include/interface/interface/msg/detail
[0.804s] -- Up-to-date: /home/duallife/projects/urdf/install/interface/include/interface/interface/msg/detail/joint_angle__type_support.cpp
[0.804s] -- Up-to-date: /home/duallife/projects/urdf/install/interface/include/interface/interface/msg/detail/joint_angle__rosidl_typesupport_introspection_cpp.hpp
[0.804s] -- Up-to-date: /home/duallife/projects/urdf/install/interface/lib/libinterface__rosidl_typesupport_introspection_cpp.so
[0.804s] -- Up-to-date: /home/duallife/projects/urdf/install/interface/lib/libinterface__rosidl_typesupport_cpp.so
[0.804s] -- Up-to-date: /home/duallife/projects/urdf/install/interface/share/interface/environment/pythonpath.sh
[0.804s] -- Up-to-date: /home/duallife/projects/urdf/install/interface/share/interface/environment/pythonpath.dsv
[0.804s] -- Up-to-date: /home/duallife/projects/urdf/install/interface/local/lib/python3.10/dist-packages/interface-0.0.0-py3.10.egg-info
[0.804s] -- Installing: /home/duallife/projects/urdf/install/interface/local/lib/python3.10/dist-packages/interface-0.0.0-py3.10.egg-info/dependency_links.txt
[0.804s] -- Installing: /home/duallife/projects/urdf/install/interface/local/lib/python3.10/dist-packages/interface-0.0.0-py3.10.egg-info/PKG-INFO
[0.804s] -- Installing: /home/duallife/projects/urdf/install/interface/local/lib/python3.10/dist-packages/interface-0.0.0-py3.10.egg-info/top_level.txt
[0.804s] -- Installing: /home/duallife/projects/urdf/install/interface/local/lib/python3.10/dist-packages/interface-0.0.0-py3.10.egg-info/SOURCES.txt
[0.805s] -- Up-to-date: /home/duallife/projects/urdf/install/interface/local/lib/python3.10/dist-packages/interface
[0.805s] -- Up-to-date: /home/duallife/projects/urdf/install/interface/local/lib/python3.10/dist-packages/interface/interface_s__rosidl_typesupport_fastrtps_c.cpython-310-x86_64-linux-gnu.so
[0.805s] -- Up-to-date: /home/duallife/projects/urdf/install/interface/local/lib/python3.10/dist-packages/interface/_interface_s.ep.rosidl_typesupport_introspection_c.c
[0.805s] -- Up-to-date: /home/duallife/projects/urdf/install/interface/local/lib/python3.10/dist-packages/interface/interface_s__rosidl_typesupport_c.cpython-310-x86_64-linux-gnu.so
[0.805s] -- Up-to-date: /home/duallife/projects/urdf/install/interface/local/lib/python3.10/dist-packages/interface/_interface_s.ep.rosidl_typesupport_c.c
[0.805s] -- Up-to-date: /home/duallife/projects/urdf/install/interface/local/lib/python3.10/dist-packages/interface/__init__.py
[0.805s] -- Up-to-date: /home/duallife/projects/urdf/install/interface/local/lib/python3.10/dist-packages/interface/_interface_s.ep.rosidl_typesupport_fastrtps_c.c
[0.805s] -- Up-to-date: /home/duallife/projects/urdf/install/interface/local/lib/python3.10/dist-packages/interface/libinterface__rosidl_generator_py.so
[0.805s] -- Up-to-date: /home/duallife/projects/urdf/install/interface/local/lib/python3.10/dist-packages/interface/msg
[0.805s] -- Up-to-date: /home/duallife/projects/urdf/install/interface/local/lib/python3.10/dist-packages/interface/msg/__init__.py
[0.805s] -- Up-to-date: /home/duallife/projects/urdf/install/interface/local/lib/python3.10/dist-packages/interface/msg/_joint_angle.py
[0.805s] -- Up-to-date: /home/duallife/projects/urdf/install/interface/local/lib/python3.10/dist-packages/interface/msg/_joint_angle_s.c
[0.805s] -- Up-to-date: /home/duallife/projects/urdf/install/interface/local/lib/python3.10/dist-packages/interface/interface_s__rosidl_typesupport_introspection_c.cpython-310-x86_64-linux-gnu.so
[0.832s] Listing '/home/duallife/projects/urdf/install/interface/local/lib/python3.10/dist-packages/interface'...
[0.832s] Listing '/home/duallife/projects/urdf/install/interface/local/lib/python3.10/dist-packages/interface/msg'...
[0.835s] -- Up-to-date: /home/duallife/projects/urdf/install/interface/local/lib/python3.10/dist-packages/interface/interface_s__rosidl_typesupport_fastrtps_c.cpython-310-x86_64-linux-gnu.so
[0.835s] -- Up-to-date: /home/duallife/projects/urdf/install/interface/local/lib/python3.10/dist-packages/interface/interface_s__rosidl_typesupport_introspection_c.cpython-310-x86_64-linux-gnu.so
[0.836s] -- Up-to-date: /home/duallife/projects/urdf/install/interface/local/lib/python3.10/dist-packages/interface/interface_s__rosidl_typesupport_c.cpython-310-x86_64-linux-gnu.so
[0.836s] -- Up-to-date: /home/duallife/projects/urdf/install/interface/lib/libinterface__rosidl_generator_py.so
[0.836s] -- Up-to-date: /home/duallife/projects/urdf/install/interface/share/interface/msg/JointAngle.idl
[0.836s] -- Up-to-date: /home/duallife/projects/urdf/install/interface/share/interface/msg/JointAngle.msg
[0.836s] -- Up-to-date: /home/duallife/projects/urdf/install/interface/share/ament_index/resource_index/package_run_dependencies/interface
[0.836s] -- Up-to-date: /home/duallife/projects/urdf/install/interface/share/ament_index/resource_index/parent_prefix_path/interface
[0.837s] -- Up-to-date: /home/duallife/projects/urdf/install/interface/share/interface/environment/ament_prefix_path.sh
[0.837s] -- Up-to-date: /home/duallife/projects/urdf/install/interface/share/interface/environment/ament_prefix_path.dsv
[0.837s] -- Up-to-date: /home/duallife/projects/urdf/install/interface/share/interface/environment/path.sh
[0.837s] -- Up-to-date: /home/duallife/projects/urdf/install/interface/share/interface/environment/path.dsv
[0.837s] -- Up-to-date: /home/duallife/projects/urdf/install/interface/share/interface/local_setup.bash
[0.837s] -- Up-to-date: /home/duallife/projects/urdf/install/interface/share/interface/local_setup.sh
[0.837s] -- Up-to-date: /home/duallife/projects/urdf/install/interface/share/interface/local_setup.zsh
[0.837s] -- Up-to-date: /home/duallife/projects/urdf/install/interface/share/interface/local_setup.dsv
[0.837s] -- Installing: /home/duallife/projects/urdf/install/interface/share/interface/package.dsv
[0.837s] -- Up-to-date: /home/duallife/projects/urdf/install/interface/share/ament_index/resource_index/packages/interface
[0.837s] -- Up-to-date: /home/duallife/projects/urdf/install/interface/share/interface/cmake/export_interface__rosidl_generator_cExport.cmake
[0.837s] -- Up-to-date: /home/duallife/projects/urdf/install/interface/share/interface/cmake/export_interface__rosidl_generator_cExport-noconfig.cmake
[0.837s] -- Up-to-date: /home/duallife/projects/urdf/install/interface/share/interface/cmake/export_interface__rosidl_typesupport_fastrtps_cExport.cmake
[0.837s] -- Up-to-date: /home/duallife/projects/urdf/install/interface/share/interface/cmake/export_interface__rosidl_typesupport_fastrtps_cExport-noconfig.cmake
[0.837s] -- Up-to-date: /home/duallife/projects/urdf/install/interface/share/interface/cmake/interface__rosidl_typesupport_introspection_cExport.cmake
[0.837s] -- Up-to-date: /home/duallife/projects/urdf/install/interface/share/interface/cmake/interface__rosidl_typesupport_introspection_cExport-noconfig.cmake
[0.838s] -- Up-to-date: /home/duallife/projects/urdf/install/interface/share/interface/cmake/interface__rosidl_typesupport_cExport.cmake
[0.838s] -- Up-to-date: /home/duallife/projects/urdf/install/interface/share/interface/cmake/interface__rosidl_typesupport_cExport-noconfig.cmake
[0.838s] -- Up-to-date: /home/duallife/projects/urdf/install/interface/share/interface/cmake/export_interface__rosidl_generator_cppExport.cmake
[0.838s] -- Up-to-date: /home/duallife/projects/urdf/install/interface/share/interface/cmake/export_interface__rosidl_typesupport_fastrtps_cppExport.cmake
[0.838s] -- Up-to-date: /home/duallife/projects/urdf/install/interface/share/interface/cmake/export_interface__rosidl_typesupport_fastrtps_cppExport-noconfig.cmake
[0.838s] -- Up-to-date: /home/duallife/projects/urdf/install/interface/share/interface/cmake/interface__rosidl_typesupport_introspection_cppExport.cmake
[0.838s] -- Up-to-date: /home/duallife/projects/urdf/install/interface/share/interface/cmake/interface__rosidl_typesupport_introspection_cppExport-noconfig.cmake
[0.838s] -- Up-to-date: /home/duallife/projects/urdf/install/interface/share/interface/cmake/interface__rosidl_typesupport_cppExport.cmake
[0.838s] -- Up-to-date: /home/duallife/projects/urdf/install/interface/share/interface/cmake/interface__rosidl_typesupport_cppExport-noconfig.cmake
[0.838s] -- Up-to-date: /home/duallife/projects/urdf/install/interface/share/interface/cmake/export_interface__rosidl_generator_pyExport.cmake
[0.838s] -- Up-to-date: /home/duallife/projects/urdf/install/interface/share/interface/cmake/export_interface__rosidl_generator_pyExport-noconfig.cmake
[0.838s] -- Up-to-date: /home/duallife/projects/urdf/install/interface/share/interface/cmake/rosidl_cmake-extras.cmake
[0.838s] -- Up-to-date: /home/duallife/projects/urdf/install/interface/share/interface/cmake/ament_cmake_export_include_directories-extras.cmake
[0.838s] -- Up-to-date: /home/duallife/projects/urdf/install/interface/share/interface/cmake/ament_cmake_export_libraries-extras.cmake
[0.838s] -- Up-to-date: /home/duallife/projects/urdf/install/interface/share/interface/cmake/ament_cmake_export_targets-extras.cmake
[0.838s] -- Up-to-date: /home/duallife/projects/urdf/install/interface/share/interface/cmake/rosidl_cmake_export_typesupport_targets-extras.cmake
[0.838s] -- Up-to-date: /home/duallife/projects/urdf/install/interface/share/interface/cmake/ament_cmake_export_dependencies-extras.cmake
[0.838s] -- Up-to-date: /home/duallife/projects/urdf/install/interface/share/interface/cmake/rosidl_cmake_export_typesupport_libraries-extras.cmake
[0.838s] -- Up-to-date: /home/duallife/projects/urdf/install/interface/share/interface/cmake/interfaceConfig.cmake
[0.838s] -- Up-to-date: /home/duallife/projects/urdf/install/interface/share/interface/cmake/interfaceConfig-version.cmake
[0.838s] -- Up-to-date: /home/duallife/projects/urdf/install/interface/share/interface/package.xml
[0.840s] Invoked command in '/home/duallife/projects/urdf/build/interface' returned '0': CMAKE_PREFIX_PATH=/opt/ros/humble /usr/bin/cmake --install /home/duallife/projects/urdf/build/interface
