[0.449s] Invoking command in '/home/duallife/projects/urdf/robo6': PYTHONPATH=/home/duallife/projects/urdf/build/robo6/prefix_override:/usr/lib/python3/dist-packages/colcon_core/task/python/colcon_distutils_commands:/home/duallife/projects/urdf/install/robo6/lib/python3.10/site-packages:${PYTHONPATH} /usr/bin/python3 -W ignore:setup.py install is deprecated setup.py egg_info --egg-base ../build/robo6 build --build-base /home/duallife/projects/urdf/build/robo6/build install --record /home/duallife/projects/urdf/build/robo6/install.log --single-version-externally-managed install_data
[0.620s] running egg_info
[0.620s] writing ../build/robo6/robo6.egg-info/PKG-INFO
[0.620s] writing dependency_links to ../build/robo6/robo6.egg-info/dependency_links.txt
[0.620s] writing entry points to ../build/robo6/robo6.egg-info/entry_points.txt
[0.621s] writing requirements to ../build/robo6/robo6.egg-info/requires.txt
[0.621s] writing top-level names to ../build/robo6/robo6.egg-info/top_level.txt
[0.622s] reading manifest file '../build/robo6/robo6.egg-info/SOURCES.txt'
[0.622s] writing manifest file '../build/robo6/robo6.egg-info/SOURCES.txt'
[0.622s] running build
[0.623s] running build_py
[0.623s] copying robo6/test_pub.py -> /home/duallife/projects/urdf/build/robo6/build/lib/robo6
[0.623s] running install
[0.623s] running install_lib
[0.623s] copying /home/duallife/projects/urdf/build/robo6/build/lib/robo6/test_pub.py -> /home/duallife/projects/urdf/install/robo6/lib/python3.10/site-packages/robo6
[0.624s] byte-compiling /home/duallife/projects/urdf/install/robo6/lib/python3.10/site-packages/robo6/test_pub.py to test_pub.cpython-310.pyc
[0.624s] running install_data
[0.624s] running install_egg_info
[0.625s] removing '/home/duallife/projects/urdf/install/robo6/lib/python3.10/site-packages/robo6-0.0.0-py3.10.egg-info' (and everything under it)
[0.626s] Copying ../build/robo6/robo6.egg-info to /home/duallife/projects/urdf/install/robo6/lib/python3.10/site-packages/robo6-0.0.0-py3.10.egg-info
[0.626s] running install_scripts
[0.640s] Installing test_pub script to /home/duallife/projects/urdf/install/robo6/lib/robo6
[0.640s] Installing test_sub script to /home/duallife/projects/urdf/install/robo6/lib/robo6
[0.640s] writing list of installed files to '/home/duallife/projects/urdf/build/robo6/install.log'
[0.660s] Invoked command in '/home/duallife/projects/urdf/robo6' returned '0': PYTHONPATH=/home/duallife/projects/urdf/build/robo6/prefix_override:/usr/lib/python3/dist-packages/colcon_core/task/python/colcon_distutils_commands:/home/duallife/projects/urdf/install/robo6/lib/python3.10/site-packages:${PYTHONPATH} /usr/bin/python3 -W ignore:setup.py install is deprecated setup.py egg_info --egg-base ../build/robo6 build --build-base /home/duallife/projects/urdf/build/robo6/build install --record /home/duallife/projects/urdf/build/robo6/install.log --single-version-externally-managed install_data
