[0.703s] Invoking command in '/home/duallife/projects/urdf/robo6': PYTHONPATH=/home/duallife/projects/urdf/build/robo6/prefix_override:/usr/lib/python3/dist-packages/colcon_core/task/python/colcon_distutils_commands:/home/duallife/projects/urdf/install/robo6/lib/python3.10/site-packages:${PYTHONPATH} /usr/bin/python3 -W ignore:setup.py install is deprecated setup.py egg_info --egg-base ../build/robo6 build --build-base /home/duallife/projects/urdf/build/robo6/build install --record /home/duallife/projects/urdf/build/robo6/install.log --single-version-externally-managed install_data
[0.887s] running egg_info
[0.887s] writing ../build/robo6/robo6.egg-info/PKG-INFO
[0.888s] writing dependency_links to ../build/robo6/robo6.egg-info/dependency_links.txt
[0.888s] writing entry points to ../build/robo6/robo6.egg-info/entry_points.txt
[0.888s] writing requirements to ../build/robo6/robo6.egg-info/requires.txt
[0.888s] writing top-level names to ../build/robo6/robo6.egg-info/top_level.txt
[0.889s] reading manifest file '../build/robo6/robo6.egg-info/SOURCES.txt'
[0.890s] writing manifest file '../build/robo6/robo6.egg-info/SOURCES.txt'
[0.890s] running build
[0.890s] running build_py
[0.891s] running install
[0.891s] running install_lib
[0.892s] running install_data
[0.892s] running install_egg_info
[0.893s] removing '/home/duallife/projects/urdf/install/robo6/lib/python3.10/site-packages/robo6-0.0.0-py3.10.egg-info' (and everything under it)
[0.894s] Copying ../build/robo6/robo6.egg-info to /home/duallife/projects/urdf/install/robo6/lib/python3.10/site-packages/robo6-0.0.0-py3.10.egg-info
[0.895s] running install_scripts
[0.910s] Installing jointAnglePub script to /home/duallife/projects/urdf/install/robo6/lib/robo6
[0.911s] Installing test_pub script to /home/duallife/projects/urdf/install/robo6/lib/robo6
[0.911s] Installing test_sub script to /home/duallife/projects/urdf/install/robo6/lib/robo6
[0.911s] writing list of installed files to '/home/duallife/projects/urdf/build/robo6/install.log'
[0.957s] Invoked command in '/home/duallife/projects/urdf/robo6' returned '0': PYTHONPATH=/home/duallife/projects/urdf/build/robo6/prefix_override:/usr/lib/python3/dist-packages/colcon_core/task/python/colcon_distutils_commands:/home/duallife/projects/urdf/install/robo6/lib/python3.10/site-packages:${PYTHONPATH} /usr/bin/python3 -W ignore:setup.py install is deprecated setup.py egg_info --egg-base ../build/robo6 build --build-base /home/duallife/projects/urdf/build/robo6/build install --record /home/duallife/projects/urdf/build/robo6/install.log --single-version-externally-managed install_data
