[0.517s] Invoking command in '/home/duallife/projects/urdf/robo6': PYTHONPATH=/home/duallife/projects/urdf/build/robo6/prefix_override:/usr/lib/python3/dist-packages/colcon_core/task/python/colcon_distutils_commands:/home/duallife/projects/urdf/install/robo6/lib/python3.10/site-packages:${PYTHONPATH} /usr/bin/python3 -W ignore:setup.py install is deprecated setup.py egg_info --egg-base ../build/robo6 build --build-base /home/duallife/projects/urdf/build/robo6/build install --record /home/duallife/projects/urdf/build/robo6/install.log --single-version-externally-managed install_data
[0.708s] running egg_info
[0.709s] writing ../build/robo6/robo6.egg-info/PKG-INFO
[0.709s] writing dependency_links to ../build/robo6/robo6.egg-info/dependency_links.txt
[0.709s] writing entry points to ../build/robo6/robo6.egg-info/entry_points.txt
[0.709s] writing requirements to ../build/robo6/robo6.egg-info/requires.txt
[0.709s] writing top-level names to ../build/robo6/robo6.egg-info/top_level.txt
[0.710s] reading manifest file '../build/robo6/robo6.egg-info/SOURCES.txt'
[0.711s] writing manifest file '../build/robo6/robo6.egg-info/SOURCES.txt'
[0.711s] running build
[0.711s] running build_py
[0.711s] copying robo6/jointAnglePub.py -> /home/duallife/projects/urdf/build/robo6/build/lib/robo6
[0.712s] running install
[0.712s] running install_lib
[0.712s] copying /home/duallife/projects/urdf/build/robo6/build/lib/robo6/jointAnglePub.py -> /home/duallife/projects/urdf/install/robo6/lib/python3.10/site-packages/robo6
[0.713s] byte-compiling /home/duallife/projects/urdf/install/robo6/lib/python3.10/site-packages/robo6/jointAnglePub.py to jointAnglePub.cpython-310.pyc
[0.713s] running install_data
[0.713s] running install_egg_info
[0.714s] removing '/home/duallife/projects/urdf/install/robo6/lib/python3.10/site-packages/robo6-0.0.0-py3.10.egg-info' (and everything under it)
[0.715s] Copying ../build/robo6/robo6.egg-info to /home/duallife/projects/urdf/install/robo6/lib/python3.10/site-packages/robo6-0.0.0-py3.10.egg-info
[0.715s] running install_scripts
[0.735s] Installing jointAnglePub script to /home/duallife/projects/urdf/install/robo6/lib/robo6
[0.735s] Installing test_pub script to /home/duallife/projects/urdf/install/robo6/lib/robo6
[0.736s] Installing test_sub script to /home/duallife/projects/urdf/install/robo6/lib/robo6
[0.736s] writing list of installed files to '/home/duallife/projects/urdf/build/robo6/install.log'
[0.754s] Invoked command in '/home/duallife/projects/urdf/robo6' returned '0': PYTHONPATH=/home/duallife/projects/urdf/build/robo6/prefix_override:/usr/lib/python3/dist-packages/colcon_core/task/python/colcon_distutils_commands:/home/duallife/projects/urdf/install/robo6/lib/python3.10/site-packages:${PYTHONPATH} /usr/bin/python3 -W ignore:setup.py install is deprecated setup.py egg_info --egg-base ../build/robo6 build --build-base /home/duallife/projects/urdf/build/robo6/build install --record /home/duallife/projects/urdf/build/robo6/install.log --single-version-externally-managed install_data
