[0.750s] Invoking command in '/home/duallife/projects/urdf/robo6': PYTHONPATH=/home/duallife/projects/urdf/build/robo6/prefix_override:/usr/lib/python3/dist-packages/colcon_core/task/python/colcon_distutils_commands:/home/duallife/projects/urdf/install/robo6/lib/python3.10/site-packages:${PYTHONPATH} /usr/bin/python3 -W ignore:setup.py install is deprecated setup.py egg_info --egg-base ../build/robo6 build --build-base /home/duallife/projects/urdf/build/robo6/build install --record /home/duallife/projects/urdf/build/robo6/install.log --single-version-externally-managed install_data
[0.939s] running egg_info
[0.940s] writing ../build/robo6/robo6.egg-info/PKG-INFO
[0.940s] writing dependency_links to ../build/robo6/robo6.egg-info/dependency_links.txt
[0.940s] writing entry points to ../build/robo6/robo6.egg-info/entry_points.txt
[0.940s] writing requirements to ../build/robo6/robo6.egg-info/requires.txt
[0.940s] writing top-level names to ../build/robo6/robo6.egg-info/top_level.txt
[0.941s] reading manifest file '../build/robo6/robo6.egg-info/SOURCES.txt'
[0.942s] writing manifest file '../build/robo6/robo6.egg-info/SOURCES.txt'
[0.942s] running build
[0.942s] running build_py
[0.942s] running install
[0.942s] running install_lib
[0.943s] running install_data
[0.943s] copying urdf/robo6gazebo.urdf -> /home/duallife/projects/urdf/install/robo6/share/robo6/urdf
[0.943s] running install_egg_info
[0.944s] removing '/home/duallife/projects/urdf/install/robo6/lib/python3.10/site-packages/robo6-0.0.0-py3.10.egg-info' (and everything under it)
[0.945s] Copying ../build/robo6/robo6.egg-info to /home/duallife/projects/urdf/install/robo6/lib/python3.10/site-packages/robo6-0.0.0-py3.10.egg-info
[0.945s] running install_scripts
[0.959s] writing list of installed files to '/home/duallife/projects/urdf/build/robo6/install.log'
[0.977s] Invoked command in '/home/duallife/projects/urdf/robo6' returned '0': PYTHONPATH=/home/duallife/projects/urdf/build/robo6/prefix_override:/usr/lib/python3/dist-packages/colcon_core/task/python/colcon_distutils_commands:/home/duallife/projects/urdf/install/robo6/lib/python3.10/site-packages:${PYTHONPATH} /usr/bin/python3 -W ignore:setup.py install is deprecated setup.py egg_info --egg-base ../build/robo6 build --build-base /home/duallife/projects/urdf/build/robo6/build install --record /home/duallife/projects/urdf/build/robo6/install.log --single-version-externally-managed install_data
