-- Found ament_cmake: 1.3.9 (/opt/ros/humble/share/ament_cmake/cmake)
-- Found rosidl_default_generators: 1.2.0 (/opt/ros/humble/share/rosidl_default_generators/cmake)
-- Using all available rosidl_typesupport_c: rosidl_typesupport_fastrtps_c;rosidl_typesupport_introspection_c
-- Found rosidl_adapter: 3.1.5 (/opt/ros/humble/share/rosidl_adapter/cmake)
-- Using all available rosidl_typesupport_cpp: rosidl_typesupport_fastrtps_cpp;rosidl_typesupport_introspection_cpp
-- Found ament_cmake_ros: 0.10.0 (/opt/ros/humble/share/ament_cmake_ros/cmake)
-- Using all available rosidl_typesupport_c: rosidl_typesupport_fastrtps_c;rosidl_typesupport_introspection_c
-- Using all available rosidl_typesupport_cpp: rosidl_typesupport_fastrtps_cpp;rosidl_typesupport_introspection_cpp
-- Found PythonInterp: /usr/bin/python3 (found suitable version "3.10.12", minimum required is "3.6") 
-- Found python_cmake_module: 0.10.0 (/opt/ros/humble/share/python_cmake_module/cmake)
-- Found PythonLibs: /usr/lib/x86_64-linux-gnu/libpython3.10.so (found suitable version "3.10.12", minimum required is "3.5") 
-- Using PYTHON_EXECUTABLE: /usr/bin/python3
-- Using PYTHON_INCLUDE_DIRS: /usr/include/python3.10
-- Using PYTHON_LIBRARIES: /usr/lib/x86_64-linux-gnu/libpython3.10.so
-- Found PythonExtra: .so  
-- Found ament_lint_auto: 0.12.11 (/opt/ros/humble/share/ament_lint_auto/cmake)
-- Added test 'lint_cmake' to check CMake code style
-- Added test 'xmllint' to check XML markup files
-- Configuring done
-- Generating done
-- Build files have been written to: /home/duallife/projects/urdf/build/interface
[  3%] [34m[1mGenerating C code for ROS interfaces[0m
[  6%] [34m[1mGenerating C++ code for ROS interfaces[0m
[  6%] Built target ament_cmake_python_copy_interface
[  6%] Built target interface__cpp
[  9%] [32mBuilding C object CMakeFiles/interface__rosidl_generator_c.dir/rosidl_generator_c/interface/msg/detail/joint_angle__functions.c.o[0m
[ 19%] [34m[1mGenerating C++ type support for eProsima Fast-RTPS[0m
[ 19%] [34m[1mGenerating C++ type support dispatch for ROS interfaces[0m
[ 19%] [34m[1mGenerating C++ introspection for ROS interfaces[0m
running egg_info
creating interface.egg-info
writing interface.egg-info/PKG-INFO
writing dependency_links to interface.egg-info/dependency_links.txt
writing top-level names to interface.egg-info/top_level.txt
writing manifest file 'interface.egg-info/SOURCES.txt'
reading manifest file 'interface.egg-info/SOURCES.txt'
writing manifest file 'interface.egg-info/SOURCES.txt'
[ 22%] [32m[1mLinking C shared library libinterface__rosidl_generator_c.so[0m
[ 22%] Built target ament_cmake_python_build_interface_egg
[ 22%] Built target interface__rosidl_generator_c
[ 32%] [34m[1mGenerating C type support for eProsima Fast-RTPS[0m
[ 32%] [34m[1mGenerating C introspection for ROS interfaces[0m
[ 32%] [34m[1mGenerating C type support dispatch for ROS interfaces[0m
[ 35%] [32mBuilding CXX object CMakeFiles/interface__rosidl_typesupport_cpp.dir/rosidl_typesupport_cpp/interface/msg/joint_angle__type_support.cpp.o[0m
[ 38%] [32mBuilding CXX object CMakeFiles/interface__rosidl_typesupport_introspection_cpp.dir/rosidl_typesupport_introspection_cpp/interface/msg/detail/joint_angle__type_support.cpp.o[0m
[ 41%] [32mBuilding CXX object CMakeFiles/interface__rosidl_typesupport_fastrtps_cpp.dir/rosidl_typesupport_fastrtps_cpp/interface/msg/detail/dds_fastrtps/joint_angle__type_support.cpp.o[0m
[ 45%] [32mBuilding CXX object CMakeFiles/interface__rosidl_typesupport_c.dir/rosidl_typesupport_c/interface/msg/joint_angle__type_support.cpp.o[0m
[ 48%] [32mBuilding C object CMakeFiles/interface__rosidl_typesupport_introspection_c.dir/rosidl_typesupport_introspection_c/interface/msg/detail/joint_angle__type_support.c.o[0m
[ 51%] [32mBuilding CXX object CMakeFiles/interface__rosidl_typesupport_fastrtps_c.dir/rosidl_typesupport_fastrtps_c/interface/msg/detail/joint_angle__type_support_c.cpp.o[0m
[ 54%] [32m[1mLinking CXX shared library libinterface__rosidl_typesupport_c.so[0m
[ 58%] [32m[1mLinking C shared library libinterface__rosidl_typesupport_introspection_c.so[0m
[ 58%] Built target interface__rosidl_typesupport_c
[ 58%] Built target interface__rosidl_typesupport_introspection_c
[ 61%] [32m[1mLinking CXX shared library libinterface__rosidl_typesupport_cpp.so[0m
[ 61%] Built target interface__rosidl_typesupport_cpp
[ 64%] [32m[1mLinking CXX shared library libinterface__rosidl_typesupport_introspection_cpp.so[0m
[ 67%] [32m[1mLinking CXX shared library libinterface__rosidl_typesupport_fastrtps_cpp.so[0m
[ 67%] Built target interface__rosidl_typesupport_introspection_cpp
[ 70%] [32m[1mLinking CXX shared library libinterface__rosidl_typesupport_fastrtps_c.so[0m
[ 70%] Built target interface__rosidl_typesupport_fastrtps_cpp
[ 70%] Built target interface__rosidl_typesupport_fastrtps_c
[ 70%] Built target interface
[ 74%] [34m[1mGenerating Python code for ROS interfaces[0m
[ 74%] Built target interface__py
[ 77%] [32mBuilding C object CMakeFiles/interface__rosidl_generator_py.dir/rosidl_generator_py/interface/msg/_joint_angle_s.c.o[0m
[ 80%] [32m[1mLinking C shared library rosidl_generator_py/interface/libinterface__rosidl_generator_py.so[0m
[ 80%] Built target interface__rosidl_generator_py
[ 87%] [32mBuilding C object CMakeFiles/interface__rosidl_typesupport_introspection_c__pyext.dir/rosidl_generator_py/interface/_interface_s.ep.rosidl_typesupport_introspection_c.c.o[0m
[ 87%] [32mBuilding C object CMakeFiles/interface__rosidl_typesupport_fastrtps_c__pyext.dir/rosidl_generator_py/interface/_interface_s.ep.rosidl_typesupport_fastrtps_c.c.o[0m
[ 90%] [32mBuilding C object CMakeFiles/interface__rosidl_typesupport_c__pyext.dir/rosidl_generator_py/interface/_interface_s.ep.rosidl_typesupport_c.c.o[0m
[ 96%] [32m[1mLinking C shared library rosidl_generator_py/interface/interface_s__rosidl_typesupport_introspection_c.cpython-310-x86_64-linux-gnu.so[0m
[ 96%] [32m[1mLinking C shared library rosidl_generator_py/interface/interface_s__rosidl_typesupport_c.cpython-310-x86_64-linux-gnu.so[0m
[100%] [32m[1mLinking C shared library rosidl_generator_py/interface/interface_s__rosidl_typesupport_fastrtps_c.cpython-310-x86_64-linux-gnu.so[0m
[100%] Built target interface__rosidl_typesupport_c__pyext
[100%] Built target interface__rosidl_typesupport_introspection_c__pyext
[100%] Built target interface__rosidl_typesupport_fastrtps_c__pyext
-- Install configuration: ""
-- Installing: /home/duallife/projects/urdf/install/interface/share/ament_index/resource_index/rosidl_interfaces/interface
-- Installing: /home/duallife/projects/urdf/install/interface/include/interface/interface
-- Installing: /home/duallife/projects/urdf/install/interface/include/interface/interface/msg
-- Installing: /home/duallife/projects/urdf/install/interface/include/interface/interface/msg/detail
-- Installing: /home/duallife/projects/urdf/install/interface/include/interface/interface/msg/detail/joint_angle__type_support.h
-- Installing: /home/duallife/projects/urdf/install/interface/include/interface/interface/msg/detail/joint_angle__struct.h
-- Installing: /home/duallife/projects/urdf/install/interface/include/interface/interface/msg/detail/joint_angle__functions.h
-- Installing: /home/duallife/projects/urdf/install/interface/include/interface/interface/msg/detail/joint_angle__functions.c
-- Installing: /home/duallife/projects/urdf/install/interface/include/interface/interface/msg/joint_angle.h
-- Installing: /home/duallife/projects/urdf/install/interface/include/interface/interface/msg/rosidl_generator_c__visibility_control.h
-- Installing: /home/duallife/projects/urdf/install/interface/share/interface/environment/library_path.sh
-- Installing: /home/duallife/projects/urdf/install/interface/share/interface/environment/library_path.dsv
-- Installing: /home/duallife/projects/urdf/install/interface/lib/libinterface__rosidl_generator_c.so
-- Set runtime path of "/home/duallife/projects/urdf/install/interface/lib/libinterface__rosidl_generator_c.so" to ""
-- Up-to-date: /home/duallife/projects/urdf/install/interface/include/interface/interface
-- Up-to-date: /home/duallife/projects/urdf/install/interface/include/interface/interface/msg
-- Up-to-date: /home/duallife/projects/urdf/install/interface/include/interface/interface/msg/detail
-- Installing: /home/duallife/projects/urdf/install/interface/include/interface/interface/msg/detail/joint_angle__rosidl_typesupport_fastrtps_c.h
-- Installing: /home/duallife/projects/urdf/install/interface/include/interface/interface/msg/rosidl_typesupport_fastrtps_c__visibility_control.h
-- Installing: /home/duallife/projects/urdf/install/interface/lib/libinterface__rosidl_typesupport_fastrtps_c.so
-- Set runtime path of "/home/duallife/projects/urdf/install/interface/lib/libinterface__rosidl_typesupport_fastrtps_c.so" to ""
-- Up-to-date: /home/duallife/projects/urdf/install/interface/include/interface/interface
-- Up-to-date: /home/duallife/projects/urdf/install/interface/include/interface/interface/msg
-- Up-to-date: /home/duallife/projects/urdf/install/interface/include/interface/interface/msg/detail
-- Installing: /home/duallife/projects/urdf/install/interface/include/interface/interface/msg/detail/joint_angle__type_support.c
-- Installing: /home/duallife/projects/urdf/install/interface/include/interface/interface/msg/detail/joint_angle__rosidl_typesupport_introspection_c.h
-- Installing: /home/duallife/projects/urdf/install/interface/include/interface/interface/msg/rosidl_typesupport_introspection_c__visibility_control.h
-- Installing: /home/duallife/projects/urdf/install/interface/lib/libinterface__rosidl_typesupport_introspection_c.so
-- Set runtime path of "/home/duallife/projects/urdf/install/interface/lib/libinterface__rosidl_typesupport_introspection_c.so" to ""
-- Installing: /home/duallife/projects/urdf/install/interface/lib/libinterface__rosidl_typesupport_c.so
-- Set runtime path of "/home/duallife/projects/urdf/install/interface/lib/libinterface__rosidl_typesupport_c.so" to ""
-- Up-to-date: /home/duallife/projects/urdf/install/interface/include/interface/interface
-- Up-to-date: /home/duallife/projects/urdf/install/interface/include/interface/interface/msg
-- Up-to-date: /home/duallife/projects/urdf/install/interface/include/interface/interface/msg/detail
-- Installing: /home/duallife/projects/urdf/install/interface/include/interface/interface/msg/detail/joint_angle__struct.hpp
-- Installing: /home/duallife/projects/urdf/install/interface/include/interface/interface/msg/detail/joint_angle__traits.hpp
-- Installing: /home/duallife/projects/urdf/install/interface/include/interface/interface/msg/detail/joint_angle__builder.hpp
-- Installing: /home/duallife/projects/urdf/install/interface/include/interface/interface/msg/joint_angle.hpp
-- Up-to-date: /home/duallife/projects/urdf/install/interface/include/interface/interface
-- Up-to-date: /home/duallife/projects/urdf/install/interface/include/interface/interface/msg
-- Installing: /home/duallife/projects/urdf/install/interface/include/interface/interface/msg/rosidl_typesupport_fastrtps_cpp__visibility_control.h
-- Up-to-date: /home/duallife/projects/urdf/install/interface/include/interface/interface/msg/detail
-- Installing: /home/duallife/projects/urdf/install/interface/include/interface/interface/msg/detail/dds_fastrtps
-- Installing: /home/duallife/projects/urdf/install/interface/include/interface/interface/msg/detail/joint_angle__rosidl_typesupport_fastrtps_cpp.hpp
-- Installing: /home/duallife/projects/urdf/install/interface/lib/libinterface__rosidl_typesupport_fastrtps_cpp.so
-- Set runtime path of "/home/duallife/projects/urdf/install/interface/lib/libinterface__rosidl_typesupport_fastrtps_cpp.so" to ""
-- Up-to-date: /home/duallife/projects/urdf/install/interface/include/interface/interface
-- Up-to-date: /home/duallife/projects/urdf/install/interface/include/interface/interface/msg
-- Up-to-date: /home/duallife/projects/urdf/install/interface/include/interface/interface/msg/detail
-- Installing: /home/duallife/projects/urdf/install/interface/include/interface/interface/msg/detail/joint_angle__type_support.cpp
-- Installing: /home/duallife/projects/urdf/install/interface/include/interface/interface/msg/detail/joint_angle__rosidl_typesupport_introspection_cpp.hpp
-- Installing: /home/duallife/projects/urdf/install/interface/lib/libinterface__rosidl_typesupport_introspection_cpp.so
-- Set runtime path of "/home/duallife/projects/urdf/install/interface/lib/libinterface__rosidl_typesupport_introspection_cpp.so" to ""
-- Installing: /home/duallife/projects/urdf/install/interface/lib/libinterface__rosidl_typesupport_cpp.so
-- Set runtime path of "/home/duallife/projects/urdf/install/interface/lib/libinterface__rosidl_typesupport_cpp.so" to ""
-- Installing: /home/duallife/projects/urdf/install/interface/share/interface/environment/pythonpath.sh
-- Installing: /home/duallife/projects/urdf/install/interface/share/interface/environment/pythonpath.dsv
-- Installing: /home/duallife/projects/urdf/install/interface/local/lib/python3.10/dist-packages/interface-0.0.0-py3.10.egg-info
-- Installing: /home/duallife/projects/urdf/install/interface/local/lib/python3.10/dist-packages/interface-0.0.0-py3.10.egg-info/dependency_links.txt
-- Installing: /home/duallife/projects/urdf/install/interface/local/lib/python3.10/dist-packages/interface-0.0.0-py3.10.egg-info/PKG-INFO
-- Installing: /home/duallife/projects/urdf/install/interface/local/lib/python3.10/dist-packages/interface-0.0.0-py3.10.egg-info/top_level.txt
-- Installing: /home/duallife/projects/urdf/install/interface/local/lib/python3.10/dist-packages/interface-0.0.0-py3.10.egg-info/SOURCES.txt
-- Installing: /home/duallife/projects/urdf/install/interface/local/lib/python3.10/dist-packages/interface
-- Installing: /home/duallife/projects/urdf/install/interface/local/lib/python3.10/dist-packages/interface/interface_s__rosidl_typesupport_fastrtps_c.cpython-310-x86_64-linux-gnu.so
-- Installing: /home/duallife/projects/urdf/install/interface/local/lib/python3.10/dist-packages/interface/_interface_s.ep.rosidl_typesupport_introspection_c.c
-- Installing: /home/duallife/projects/urdf/install/interface/local/lib/python3.10/dist-packages/interface/interface_s__rosidl_typesupport_c.cpython-310-x86_64-linux-gnu.so
-- Installing: /home/duallife/projects/urdf/install/interface/local/lib/python3.10/dist-packages/interface/_interface_s.ep.rosidl_typesupport_c.c
-- Installing: /home/duallife/projects/urdf/install/interface/local/lib/python3.10/dist-packages/interface/__init__.py
-- Installing: /home/duallife/projects/urdf/install/interface/local/lib/python3.10/dist-packages/interface/_interface_s.ep.rosidl_typesupport_fastrtps_c.c
-- Installing: /home/duallife/projects/urdf/install/interface/local/lib/python3.10/dist-packages/interface/libinterface__rosidl_generator_py.so
-- Installing: /home/duallife/projects/urdf/install/interface/local/lib/python3.10/dist-packages/interface/msg
-- Installing: /home/duallife/projects/urdf/install/interface/local/lib/python3.10/dist-packages/interface/msg/__init__.py
-- Installing: /home/duallife/projects/urdf/install/interface/local/lib/python3.10/dist-packages/interface/msg/_joint_angle.py
-- Installing: /home/duallife/projects/urdf/install/interface/local/lib/python3.10/dist-packages/interface/msg/_joint_angle_s.c
-- Installing: /home/duallife/projects/urdf/install/interface/local/lib/python3.10/dist-packages/interface/interface_s__rosidl_typesupport_introspection_c.cpython-310-x86_64-linux-gnu.so
Listing '/home/duallife/projects/urdf/install/interface/local/lib/python3.10/dist-packages/interface'...
Compiling '/home/duallife/projects/urdf/install/interface/local/lib/python3.10/dist-packages/interface/__init__.py'...
Listing '/home/duallife/projects/urdf/install/interface/local/lib/python3.10/dist-packages/interface/msg'...
Compiling '/home/duallife/projects/urdf/install/interface/local/lib/python3.10/dist-packages/interface/msg/__init__.py'...
Compiling '/home/duallife/projects/urdf/install/interface/local/lib/python3.10/dist-packages/interface/msg/_joint_angle.py'...
-- Installing: /home/duallife/projects/urdf/install/interface/local/lib/python3.10/dist-packages/interface/interface_s__rosidl_typesupport_fastrtps_c.cpython-310-x86_64-linux-gnu.so
-- Set runtime path of "/home/duallife/projects/urdf/install/interface/local/lib/python3.10/dist-packages/interface/interface_s__rosidl_typesupport_fastrtps_c.cpython-310-x86_64-linux-gnu.so" to ""
-- Installing: /home/duallife/projects/urdf/install/interface/local/lib/python3.10/dist-packages/interface/interface_s__rosidl_typesupport_introspection_c.cpython-310-x86_64-linux-gnu.so
-- Set runtime path of "/home/duallife/projects/urdf/install/interface/local/lib/python3.10/dist-packages/interface/interface_s__rosidl_typesupport_introspection_c.cpython-310-x86_64-linux-gnu.so" to ""
-- Installing: /home/duallife/projects/urdf/install/interface/local/lib/python3.10/dist-packages/interface/interface_s__rosidl_typesupport_c.cpython-310-x86_64-linux-gnu.so
-- Set runtime path of "/home/duallife/projects/urdf/install/interface/local/lib/python3.10/dist-packages/interface/interface_s__rosidl_typesupport_c.cpython-310-x86_64-linux-gnu.so" to ""
-- Installing: /home/duallife/projects/urdf/install/interface/lib/libinterface__rosidl_generator_py.so
-- Set runtime path of "/home/duallife/projects/urdf/install/interface/lib/libinterface__rosidl_generator_py.so" to ""
-- Installing: /home/duallife/projects/urdf/install/interface/share/interface/msg/JointAngle.idl
-- Installing: /home/duallife/projects/urdf/install/interface/share/interface/msg/JointAngle.msg
-- Installing: /home/duallife/projects/urdf/install/interface/share/ament_index/resource_index/package_run_dependencies/interface
-- Installing: /home/duallife/projects/urdf/install/interface/share/ament_index/resource_index/parent_prefix_path/interface
-- Installing: /home/duallife/projects/urdf/install/interface/share/interface/environment/ament_prefix_path.sh
-- Installing: /home/duallife/projects/urdf/install/interface/share/interface/environment/ament_prefix_path.dsv
-- Installing: /home/duallife/projects/urdf/install/interface/share/interface/environment/path.sh
-- Installing: /home/duallife/projects/urdf/install/interface/share/interface/environment/path.dsv
-- Installing: /home/duallife/projects/urdf/install/interface/share/interface/local_setup.bash
-- Installing: /home/duallife/projects/urdf/install/interface/share/interface/local_setup.sh
-- Installing: /home/duallife/projects/urdf/install/interface/share/interface/local_setup.zsh
-- Installing: /home/duallife/projects/urdf/install/interface/share/interface/local_setup.dsv
-- Installing: /home/duallife/projects/urdf/install/interface/share/interface/package.dsv
-- Installing: /home/duallife/projects/urdf/install/interface/share/ament_index/resource_index/packages/interface
-- Installing: /home/duallife/projects/urdf/install/interface/share/interface/cmake/export_interface__rosidl_generator_cExport.cmake
-- Installing: /home/duallife/projects/urdf/install/interface/share/interface/cmake/export_interface__rosidl_generator_cExport-noconfig.cmake
-- Installing: /home/duallife/projects/urdf/install/interface/share/interface/cmake/export_interface__rosidl_typesupport_fastrtps_cExport.cmake
-- Installing: /home/duallife/projects/urdf/install/interface/share/interface/cmake/export_interface__rosidl_typesupport_fastrtps_cExport-noconfig.cmake
-- Installing: /home/duallife/projects/urdf/install/interface/share/interface/cmake/interface__rosidl_typesupport_introspection_cExport.cmake
-- Installing: /home/duallife/projects/urdf/install/interface/share/interface/cmake/interface__rosidl_typesupport_introspection_cExport-noconfig.cmake
-- Installing: /home/duallife/projects/urdf/install/interface/share/interface/cmake/interface__rosidl_typesupport_cExport.cmake
-- Installing: /home/duallife/projects/urdf/install/interface/share/interface/cmake/interface__rosidl_typesupport_cExport-noconfig.cmake
-- Installing: /home/duallife/projects/urdf/install/interface/share/interface/cmake/export_interface__rosidl_generator_cppExport.cmake
-- Installing: /home/duallife/projects/urdf/install/interface/share/interface/cmake/export_interface__rosidl_typesupport_fastrtps_cppExport.cmake
-- Installing: /home/duallife/projects/urdf/install/interface/share/interface/cmake/export_interface__rosidl_typesupport_fastrtps_cppExport-noconfig.cmake
-- Installing: /home/duallife/projects/urdf/install/interface/share/interface/cmake/interface__rosidl_typesupport_introspection_cppExport.cmake
-- Installing: /home/duallife/projects/urdf/install/interface/share/interface/cmake/interface__rosidl_typesupport_introspection_cppExport-noconfig.cmake
-- Installing: /home/duallife/projects/urdf/install/interface/share/interface/cmake/interface__rosidl_typesupport_cppExport.cmake
-- Installing: /home/duallife/projects/urdf/install/interface/share/interface/cmake/interface__rosidl_typesupport_cppExport-noconfig.cmake
-- Installing: /home/duallife/projects/urdf/install/interface/share/interface/cmake/export_interface__rosidl_generator_pyExport.cmake
-- Installing: /home/duallife/projects/urdf/install/interface/share/interface/cmake/export_interface__rosidl_generator_pyExport-noconfig.cmake
-- Installing: /home/duallife/projects/urdf/install/interface/share/interface/cmake/rosidl_cmake-extras.cmake
-- Installing: /home/duallife/projects/urdf/install/interface/share/interface/cmake/ament_cmake_export_include_directories-extras.cmake
-- Installing: /home/duallife/projects/urdf/install/interface/share/interface/cmake/ament_cmake_export_libraries-extras.cmake
-- Installing: /home/duallife/projects/urdf/install/interface/share/interface/cmake/ament_cmake_export_targets-extras.cmake
-- Installing: /home/duallife/projects/urdf/install/interface/share/interface/cmake/rosidl_cmake_export_typesupport_targets-extras.cmake
-- Installing: /home/duallife/projects/urdf/install/interface/share/interface/cmake/ament_cmake_export_dependencies-extras.cmake
-- Installing: /home/duallife/projects/urdf/install/interface/share/interface/cmake/rosidl_cmake_export_typesupport_libraries-extras.cmake
-- Installing: /home/duallife/projects/urdf/install/interface/share/interface/cmake/interfaceConfig.cmake
-- Installing: /home/duallife/projects/urdf/install/interface/share/interface/cmake/interfaceConfig-version.cmake
-- Installing: /home/duallife/projects/urdf/install/interface/share/interface/package.xml
