running egg_info
writing ../build/ROBOv2/ROBOv2.egg-info/PKG-INFO
writing dependency_links to ../build/ROBOv2/ROBOv2.egg-info/dependency_links.txt
writing entry points to ../build/ROBOv2/ROBOv2.egg-info/entry_points.txt
writing requirements to ../build/ROBOv2/ROBOv2.egg-info/requires.txt
writing top-level names to ../build/ROBOv2/ROBOv2.egg-info/top_level.txt
reading manifest file '../build/ROBOv2/ROBOv2.egg-info/SOURCES.txt'
writing manifest file '../build/ROBOv2/ROBOv2.egg-info/SOURCES.txt'
running build
running build_py
running install
running install_lib
running install_data
copying meshes/link6.stl -> /home/duallife/projects/urdf/install/ROBOv2/share/ROBOv2/meshes
running install_egg_info
Copying ../build/ROBOv2/ROBOv2.egg-info to /home/duallife/projects/urdf/install/ROBOv2/lib/python3.10/site-packages/ROBOv2-1.0.0-py3.10.egg-info
running install_scripts
Installing jointAnglePub script to /home/duallife/projects/urdf/install/ROBOv2/lib/ROBOv2
Installing test_pub script to /home/duallife/projects/urdf/install/ROBOv2/lib/ROBOv2
Installing test_sub script to /home/duallife/projects/urdf/install/ROBOv2/lib/ROBOv2
writing list of installed files to '/home/duallife/projects/urdf/build/ROBOv2/install.log'
