[0.778s] Invoking command in '/home/duallife/projects/urdf/ROBOv2': PYTHONPATH=/home/duallife/projects/urdf/build/ROBOv2/prefix_override:/usr/lib/python3/dist-packages/colcon_core/task/python/colcon_distutils_commands:/home/duallife/projects/urdf/install/ROBOv2/lib/python3.10/site-packages:${PYTHONPATH} /usr/bin/python3 -W ignore:setup.py install is deprecated setup.py egg_info --egg-base ../build/ROBOv2 build --build-base /home/duallife/projects/urdf/build/ROBOv2/build install --record /home/duallife/projects/urdf/build/ROBOv2/install.log --single-version-externally-managed install_data
[0.960s] running egg_info
[0.960s] writing ../build/ROBOv2/ROBOv2.egg-info/PKG-INFO
[0.961s] writing dependency_links to ../build/ROBOv2/ROBOv2.egg-info/dependency_links.txt
[0.961s] writing entry points to ../build/ROBOv2/ROBOv2.egg-info/entry_points.txt
[0.961s] writing requirements to ../build/ROBOv2/ROBOv2.egg-info/requires.txt
[0.961s] writing top-level names to ../build/ROBOv2/ROBOv2.egg-info/top_level.txt
[0.962s] reading manifest file '../build/ROBOv2/ROBOv2.egg-info/SOURCES.txt'
[0.963s] writing manifest file '../build/ROBOv2/ROBOv2.egg-info/SOURCES.txt'
[0.963s] running build
[0.963s] running build_py
[0.964s] running install
[0.964s] running install_lib
[0.965s] running install_data
[0.966s] copying meshes/link6.stl -> /home/duallife/projects/urdf/install/ROBOv2/share/ROBOv2/meshes
[0.969s] running install_egg_info
[0.970s] Copying ../build/ROBOv2/ROBOv2.egg-info to /home/duallife/projects/urdf/install/ROBOv2/lib/python3.10/site-packages/ROBOv2-1.0.0-py3.10.egg-info
[0.971s] running install_scripts
[0.986s] Installing jointAnglePub script to /home/duallife/projects/urdf/install/ROBOv2/lib/ROBOv2
[0.986s] Installing test_pub script to /home/duallife/projects/urdf/install/ROBOv2/lib/ROBOv2
[0.986s] Installing test_sub script to /home/duallife/projects/urdf/install/ROBOv2/lib/ROBOv2
[0.987s] writing list of installed files to '/home/duallife/projects/urdf/build/ROBOv2/install.log'
[1.028s] Invoked command in '/home/duallife/projects/urdf/ROBOv2' returned '0': PYTHONPATH=/home/duallife/projects/urdf/build/ROBOv2/prefix_override:/usr/lib/python3/dist-packages/colcon_core/task/python/colcon_distutils_commands:/home/duallife/projects/urdf/install/ROBOv2/lib/python3.10/site-packages:${PYTHONPATH} /usr/bin/python3 -W ignore:setup.py install is deprecated setup.py egg_info --egg-base ../build/ROBOv2 build --build-base /home/duallife/projects/urdf/build/ROBOv2/build install --record /home/duallife/projects/urdf/build/ROBOv2/install.log --single-version-externally-managed install_data
