[0.686s] Invoking command in '/home/duallife/projects/urdf/ROBOv2': PYTHONPATH=/home/duallife/projects/urdf/build/ROBOv2/prefix_override:/usr/lib/python3/dist-packages/colcon_core/task/python/colcon_distutils_commands:/home/duallife/projects/urdf/install/ROBOv2/lib/python3.10/site-packages:${PYTHONPATH} /usr/bin/python3 -W ignore:setup.py install is deprecated setup.py egg_info --egg-base ../build/ROBOv2 build --build-base /home/duallife/projects/urdf/build/ROBOv2/build install --record /home/duallife/projects/urdf/build/ROBOv2/install.log --single-version-externally-managed install_data
[0.868s] running egg_info
[0.869s] writing ../build/ROBOv2/ROBOv2.egg-info/PKG-INFO
[0.869s] writing dependency_links to ../build/ROBOv2/ROBOv2.egg-info/dependency_links.txt
[0.869s] writing entry points to ../build/ROBOv2/ROBOv2.egg-info/entry_points.txt
[0.869s] writing requirements to ../build/ROBOv2/ROBOv2.egg-info/requires.txt
[0.870s] writing top-level names to ../build/ROBOv2/ROBOv2.egg-info/top_level.txt
[0.871s] reading manifest file '../build/ROBOv2/ROBOv2.egg-info/SOURCES.txt'
[0.871s] writing manifest file '../build/ROBOv2/ROBOv2.egg-info/SOURCES.txt'
[0.871s] running build
[0.872s] running build_py
[0.872s] running install
[0.872s] running install_lib
[0.873s] running install_data
[0.873s] copying urdf/ROBOv2.urdf -> /home/duallife/projects/urdf/install/ROBOv2/share/ROBOv2/urdf
[0.873s] copying urdf/ROBOv2gazebo.urdf -> /home/duallife/projects/urdf/install/ROBOv2/share/ROBOv2/urdf
[0.873s] running install_egg_info
[0.875s] removing '/home/duallife/projects/urdf/install/ROBOv2/lib/python3.10/site-packages/ROBOv2-1.0.0-py3.10.egg-info' (and everything under it)
[0.875s] Copying ../build/ROBOv2/ROBOv2.egg-info to /home/duallife/projects/urdf/install/ROBOv2/lib/python3.10/site-packages/ROBOv2-1.0.0-py3.10.egg-info
[0.876s] running install_scripts
[0.891s] Installing jointAnglePub script to /home/duallife/projects/urdf/install/ROBOv2/lib/ROBOv2
[0.891s] Installing test_pub script to /home/duallife/projects/urdf/install/ROBOv2/lib/ROBOv2
[0.891s] Installing test_sub script to /home/duallife/projects/urdf/install/ROBOv2/lib/ROBOv2
[0.891s] writing list of installed files to '/home/duallife/projects/urdf/build/ROBOv2/install.log'
[0.914s] Invoked command in '/home/duallife/projects/urdf/ROBOv2' returned '0': PYTHONPATH=/home/duallife/projects/urdf/build/ROBOv2/prefix_override:/usr/lib/python3/dist-packages/colcon_core/task/python/colcon_distutils_commands:/home/duallife/projects/urdf/install/ROBOv2/lib/python3.10/site-packages:${PYTHONPATH} /usr/bin/python3 -W ignore:setup.py install is deprecated setup.py egg_info --egg-base ../build/ROBOv2 build --build-base /home/duallife/projects/urdf/build/ROBOv2/build install --record /home/duallife/projects/urdf/build/ROBOv2/install.log --single-version-externally-managed install_data
