[0.197s] Invoking command in '/home/duallife/projects/urdf/build/interface': CMAKE_PREFIX_PATH=${CMAKE_PREFIX_PATH}:/home/duallife/projects/urdf/install/robo6:/opt/ros/humble /usr/bin/cmake --build /home/duallife/projects/urdf/build/interface -- -j16 -l16
[0.245s] [  3%] Built target interface__cpp
[0.245s] [ 12%] Built target interface__rosidl_generator_c
[0.254s] [ 12%] Built target ament_cmake_python_copy_interface
[0.263s] [ 22%] Built target interface__rosidl_typesupport_introspection_cpp
[0.263s] [ 32%] Built target interface__rosidl_typesupport_cpp
[0.263s] [ 41%] Built target interface__rosidl_typesupport_fastrtps_cpp
[0.273s] [ 64%] Built target interface__rosidl_typesupport_c
[0.273s] [ 64%] Built target interface__rosidl_typesupport_introspection_c
[0.273s] [ 70%] Built target interface__rosidl_typesupport_fastrtps_c
[0.293s] [ 70%] Built target interface
[0.314s] [ 74%] Built target interface__py
[0.337s] [ 80%] Built target interface__rosidl_generator_py
[0.358s] [100%] Built target interface__rosidl_typesupport_introspection_c__pyext
[0.358s] [100%] Built target interface__rosidl_typesupport_fastrtps_c__pyext
[0.358s] [100%] Built target interface__rosidl_typesupport_c__pyext
[0.446s] running egg_info
[0.446s] writing interface.egg-info/PKG-INFO
[0.447s] writing dependency_links to interface.egg-info/dependency_links.txt
[0.447s] writing top-level names to interface.egg-info/top_level.txt
[0.449s] reading manifest file 'interface.egg-info/SOURCES.txt'
[0.449s] writing manifest file 'interface.egg-info/SOURCES.txt'
[0.477s] [100%] Built target ament_cmake_python_build_interface_egg
[0.489s] Invoked command in '/home/duallife/projects/urdf/build/interface' returned '0': CMAKE_PREFIX_PATH=${CMAKE_PREFIX_PATH}:/home/duallife/projects/urdf/install/robo6:/opt/ros/humble /usr/bin/cmake --build /home/duallife/projects/urdf/build/interface -- -j16 -l16
[0.586s] Invoking command in '/home/duallife/projects/urdf/build/interface': CMAKE_PREFIX_PATH=${CMAKE_PREFIX_PATH}:/home/duallife/projects/urdf/install/robo6:/opt/ros/humble /usr/bin/cmake --install /home/duallife/projects/urdf/build/interface
[0.592s] -- Install configuration: ""
[0.593s] -- Up-to-date: /home/duallife/projects/urdf/install/interface/share/ament_index/resource_index/rosidl_interfaces/interface
[0.593s] -- Up-to-date: /home/duallife/projects/urdf/install/interface/include/interface/interface
[0.593s] -- Up-to-date: /home/duallife/projects/urdf/install/interface/include/interface/interface/msg
[0.593s] -- Up-to-date: /home/duallife/projects/urdf/install/interface/include/interface/interface/msg/detail
[0.593s] -- Up-to-date: /home/duallife/projects/urdf/install/interface/include/interface/interface/msg/detail/joint_angle__type_support.h
[0.593s] -- Up-to-date: /home/duallife/projects/urdf/install/interface/include/interface/interface/msg/detail/joint_angle__struct.h
[0.593s] -- Up-to-date: /home/duallife/projects/urdf/install/interface/include/interface/interface/msg/detail/joint_angle__functions.h
[0.593s] -- Up-to-date: /home/duallife/projects/urdf/install/interface/include/interface/interface/msg/detail/joint_angle__functions.c
[0.593s] -- Up-to-date: /home/duallife/projects/urdf/install/interface/include/interface/interface/msg/joint_angle.h
[0.593s] -- Up-to-date: /home/duallife/projects/urdf/install/interface/include/interface/interface/msg/rosidl_generator_c__visibility_control.h
[0.593s] -- Up-to-date: /home/duallife/projects/urdf/install/interface/share/interface/environment/library_path.sh
[0.593s] -- Up-to-date: /home/duallife/projects/urdf/install/interface/share/interface/environment/library_path.dsv
[0.593s] -- Up-to-date: /home/duallife/projects/urdf/install/interface/lib/libinterface__rosidl_generator_c.so
[0.594s] -- Up-to-date: /home/duallife/projects/urdf/install/interface/include/interface/interface
[0.594s] -- Up-to-date: /home/duallife/projects/urdf/install/interface/include/interface/interface/msg
[0.594s] -- Up-to-date: /home/duallife/projects/urdf/install/interface/include/interface/interface/msg/detail
[0.594s] -- Up-to-date: /home/duallife/projects/urdf/install/interface/include/interface/interface/msg/detail/joint_angle__rosidl_typesupport_fastrtps_c.h
[0.594s] -- Up-to-date: /home/duallife/projects/urdf/install/interface/include/interface/interface/msg/rosidl_typesupport_fastrtps_c__visibility_control.h
[0.594s] -- Up-to-date: /home/duallife/projects/urdf/install/interface/lib/libinterface__rosidl_typesupport_fastrtps_c.so
[0.594s] -- Up-to-date: /home/duallife/projects/urdf/install/interface/include/interface/interface
[0.594s] -- Up-to-date: /home/duallife/projects/urdf/install/interface/include/interface/interface/msg
[0.594s] -- Up-to-date: /home/duallife/projects/urdf/install/interface/include/interface/interface/msg/detail
[0.594s] -- Up-to-date: /home/duallife/projects/urdf/install/interface/include/interface/interface/msg/detail/joint_angle__type_support.c
[0.594s] -- Up-to-date: /home/duallife/projects/urdf/install/interface/include/interface/interface/msg/detail/joint_angle__rosidl_typesupport_introspection_c.h
[0.594s] -- Up-to-date: /home/duallife/projects/urdf/install/interface/include/interface/interface/msg/rosidl_typesupport_introspection_c__visibility_control.h
[0.594s] -- Up-to-date: /home/duallife/projects/urdf/install/interface/lib/libinterface__rosidl_typesupport_introspection_c.so
[0.594s] -- Up-to-date: /home/duallife/projects/urdf/install/interface/lib/libinterface__rosidl_typesupport_c.so
[0.594s] -- Up-to-date: /home/duallife/projects/urdf/install/interface/include/interface/interface
[0.594s] -- Up-to-date: /home/duallife/projects/urdf/install/interface/include/interface/interface/msg
[0.594s] -- Up-to-date: /home/duallife/projects/urdf/install/interface/include/interface/interface/msg/detail
[0.594s] -- Up-to-date: /home/duallife/projects/urdf/install/interface/include/interface/interface/msg/detail/joint_angle__struct.hpp
[0.594s] -- Up-to-date: /home/duallife/projects/urdf/install/interface/include/interface/interface/msg/detail/joint_angle__traits.hpp
[0.595s] -- Up-to-date: /home/duallife/projects/urdf/install/interface/include/interface/interface/msg/detail/joint_angle__builder.hpp
[0.595s] -- Up-to-date: /home/duallife/projects/urdf/install/interface/include/interface/interface/msg/joint_angle.hpp
[0.595s] -- Up-to-date: /home/duallife/projects/urdf/install/interface/include/interface/interface
[0.595s] -- Up-to-date: /home/duallife/projects/urdf/install/interface/include/interface/interface/msg
[0.595s] -- Up-to-date: /home/duallife/projects/urdf/install/interface/include/interface/interface/msg/rosidl_typesupport_fastrtps_cpp__visibility_control.h
[0.595s] -- Up-to-date: /home/duallife/projects/urdf/install/interface/include/interface/interface/msg/detail
[0.595s] -- Up-to-date: /home/duallife/projects/urdf/install/interface/include/interface/interface/msg/detail/dds_fastrtps
[0.595s] -- Up-to-date: /home/duallife/projects/urdf/install/interface/include/interface/interface/msg/detail/joint_angle__rosidl_typesupport_fastrtps_cpp.hpp
[0.595s] -- Up-to-date: /home/duallife/projects/urdf/install/interface/lib/libinterface__rosidl_typesupport_fastrtps_cpp.so
[0.595s] -- Up-to-date: /home/duallife/projects/urdf/install/interface/include/interface/interface
[0.595s] -- Up-to-date: /home/duallife/projects/urdf/install/interface/include/interface/interface/msg
[0.595s] -- Up-to-date: /home/duallife/projects/urdf/install/interface/include/interface/interface/msg/detail
[0.595s] -- Up-to-date: /home/duallife/projects/urdf/install/interface/include/interface/interface/msg/detail/joint_angle__type_support.cpp
[0.595s] -- Up-to-date: /home/duallife/projects/urdf/install/interface/include/interface/interface/msg/detail/joint_angle__rosidl_typesupport_introspection_cpp.hpp
[0.595s] -- Up-to-date: /home/duallife/projects/urdf/install/interface/lib/libinterface__rosidl_typesupport_introspection_cpp.so
[0.595s] -- Up-to-date: /home/duallife/projects/urdf/install/interface/lib/libinterface__rosidl_typesupport_cpp.so
[0.595s] -- Up-to-date: /home/duallife/projects/urdf/install/interface/share/interface/environment/pythonpath.sh
[0.595s] -- Up-to-date: /home/duallife/projects/urdf/install/interface/share/interface/environment/pythonpath.dsv
[0.595s] -- Up-to-date: /home/duallife/projects/urdf/install/interface/local/lib/python3.10/dist-packages/interface-0.0.0-py3.10.egg-info
[0.595s] -- Installing: /home/duallife/projects/urdf/install/interface/local/lib/python3.10/dist-packages/interface-0.0.0-py3.10.egg-info/dependency_links.txt
[0.595s] -- Installing: /home/duallife/projects/urdf/install/interface/local/lib/python3.10/dist-packages/interface-0.0.0-py3.10.egg-info/PKG-INFO
[0.596s] -- Installing: /home/duallife/projects/urdf/install/interface/local/lib/python3.10/dist-packages/interface-0.0.0-py3.10.egg-info/top_level.txt
[0.596s] -- Installing: /home/duallife/projects/urdf/install/interface/local/lib/python3.10/dist-packages/interface-0.0.0-py3.10.egg-info/SOURCES.txt
[0.596s] -- Up-to-date: /home/duallife/projects/urdf/install/interface/local/lib/python3.10/dist-packages/interface
[0.596s] -- Up-to-date: /home/duallife/projects/urdf/install/interface/local/lib/python3.10/dist-packages/interface/interface_s__rosidl_typesupport_fastrtps_c.cpython-310-x86_64-linux-gnu.so
[0.596s] -- Up-to-date: /home/duallife/projects/urdf/install/interface/local/lib/python3.10/dist-packages/interface/_interface_s.ep.rosidl_typesupport_introspection_c.c
[0.596s] -- Up-to-date: /home/duallife/projects/urdf/install/interface/local/lib/python3.10/dist-packages/interface/interface_s__rosidl_typesupport_c.cpython-310-x86_64-linux-gnu.so
[0.596s] -- Up-to-date: /home/duallife/projects/urdf/install/interface/local/lib/python3.10/dist-packages/interface/_interface_s.ep.rosidl_typesupport_c.c
[0.596s] -- Up-to-date: /home/duallife/projects/urdf/install/interface/local/lib/python3.10/dist-packages/interface/__init__.py
[0.596s] -- Up-to-date: /home/duallife/projects/urdf/install/interface/local/lib/python3.10/dist-packages/interface/_interface_s.ep.rosidl_typesupport_fastrtps_c.c
[0.596s] -- Up-to-date: /home/duallife/projects/urdf/install/interface/local/lib/python3.10/dist-packages/interface/libinterface__rosidl_generator_py.so
[0.596s] -- Up-to-date: /home/duallife/projects/urdf/install/interface/local/lib/python3.10/dist-packages/interface/msg
[0.596s] -- Up-to-date: /home/duallife/projects/urdf/install/interface/local/lib/python3.10/dist-packages/interface/msg/__init__.py
[0.596s] -- Up-to-date: /home/duallife/projects/urdf/install/interface/local/lib/python3.10/dist-packages/interface/msg/_joint_angle.py
[0.596s] -- Up-to-date: /home/duallife/projects/urdf/install/interface/local/lib/python3.10/dist-packages/interface/msg/_joint_angle_s.c
[0.596s] -- Up-to-date: /home/duallife/projects/urdf/install/interface/local/lib/python3.10/dist-packages/interface/interface_s__rosidl_typesupport_introspection_c.cpython-310-x86_64-linux-gnu.so
[0.619s] Listing '/home/duallife/projects/urdf/install/interface/local/lib/python3.10/dist-packages/interface'...
[0.619s] Listing '/home/duallife/projects/urdf/install/interface/local/lib/python3.10/dist-packages/interface/msg'...
[0.622s] -- Up-to-date: /home/duallife/projects/urdf/install/interface/local/lib/python3.10/dist-packages/interface/interface_s__rosidl_typesupport_fastrtps_c.cpython-310-x86_64-linux-gnu.so
[0.622s] -- Up-to-date: /home/duallife/projects/urdf/install/interface/local/lib/python3.10/dist-packages/interface/interface_s__rosidl_typesupport_introspection_c.cpython-310-x86_64-linux-gnu.so
[0.622s] -- Up-to-date: /home/duallife/projects/urdf/install/interface/local/lib/python3.10/dist-packages/interface/interface_s__rosidl_typesupport_c.cpython-310-x86_64-linux-gnu.so
[0.623s] -- Up-to-date: /home/duallife/projects/urdf/install/interface/lib/libinterface__rosidl_generator_py.so
[0.623s] -- Up-to-date: /home/duallife/projects/urdf/install/interface/share/interface/msg/JointAngle.idl
[0.623s] -- Up-to-date: /home/duallife/projects/urdf/install/interface/share/interface/msg/JointAngle.msg
[0.623s] -- Up-to-date: /home/duallife/projects/urdf/install/interface/share/ament_index/resource_index/package_run_dependencies/interface
[0.623s] -- Up-to-date: /home/duallife/projects/urdf/install/interface/share/ament_index/resource_index/parent_prefix_path/interface
[0.623s] -- Up-to-date: /home/duallife/projects/urdf/install/interface/share/interface/environment/ament_prefix_path.sh
[0.623s] -- Up-to-date: /home/duallife/projects/urdf/install/interface/share/interface/environment/ament_prefix_path.dsv
[0.624s] -- Up-to-date: /home/duallife/projects/urdf/install/interface/share/interface/environment/path.sh
[0.624s] -- Up-to-date: /home/duallife/projects/urdf/install/interface/share/interface/environment/path.dsv
[0.624s] -- Up-to-date: /home/duallife/projects/urdf/install/interface/share/interface/local_setup.bash
[0.624s] -- Up-to-date: /home/duallife/projects/urdf/install/interface/share/interface/local_setup.sh
[0.624s] -- Up-to-date: /home/duallife/projects/urdf/install/interface/share/interface/local_setup.zsh
[0.624s] -- Up-to-date: /home/duallife/projects/urdf/install/interface/share/interface/local_setup.dsv
[0.624s] -- Installing: /home/duallife/projects/urdf/install/interface/share/interface/package.dsv
[0.624s] -- Up-to-date: /home/duallife/projects/urdf/install/interface/share/ament_index/resource_index/packages/interface
[0.624s] -- Up-to-date: /home/duallife/projects/urdf/install/interface/share/interface/cmake/export_interface__rosidl_generator_cExport.cmake
[0.624s] -- Up-to-date: /home/duallife/projects/urdf/install/interface/share/interface/cmake/export_interface__rosidl_generator_cExport-noconfig.cmake
[0.624s] -- Up-to-date: /home/duallife/projects/urdf/install/interface/share/interface/cmake/export_interface__rosidl_typesupport_fastrtps_cExport.cmake
[0.624s] -- Up-to-date: /home/duallife/projects/urdf/install/interface/share/interface/cmake/export_interface__rosidl_typesupport_fastrtps_cExport-noconfig.cmake
[0.624s] -- Up-to-date: /home/duallife/projects/urdf/install/interface/share/interface/cmake/interface__rosidl_typesupport_introspection_cExport.cmake
[0.624s] -- Up-to-date: /home/duallife/projects/urdf/install/interface/share/interface/cmake/interface__rosidl_typesupport_introspection_cExport-noconfig.cmake
[0.624s] -- Up-to-date: /home/duallife/projects/urdf/install/interface/share/interface/cmake/interface__rosidl_typesupport_cExport.cmake
[0.624s] -- Up-to-date: /home/duallife/projects/urdf/install/interface/share/interface/cmake/interface__rosidl_typesupport_cExport-noconfig.cmake
[0.625s] -- Up-to-date: /home/duallife/projects/urdf/install/interface/share/interface/cmake/export_interface__rosidl_generator_cppExport.cmake
[0.625s] -- Up-to-date: /home/duallife/projects/urdf/install/interface/share/interface/cmake/export_interface__rosidl_typesupport_fastrtps_cppExport.cmake
[0.625s] -- Up-to-date: /home/duallife/projects/urdf/install/interface/share/interface/cmake/export_interface__rosidl_typesupport_fastrtps_cppExport-noconfig.cmake
[0.625s] -- Up-to-date: /home/duallife/projects/urdf/install/interface/share/interface/cmake/interface__rosidl_typesupport_introspection_cppExport.cmake
[0.625s] -- Up-to-date: /home/duallife/projects/urdf/install/interface/share/interface/cmake/interface__rosidl_typesupport_introspection_cppExport-noconfig.cmake
[0.625s] -- Up-to-date: /home/duallife/projects/urdf/install/interface/share/interface/cmake/interface__rosidl_typesupport_cppExport.cmake
[0.625s] -- Up-to-date: /home/duallife/projects/urdf/install/interface/share/interface/cmake/interface__rosidl_typesupport_cppExport-noconfig.cmake
[0.625s] -- Up-to-date: /home/duallife/projects/urdf/install/interface/share/interface/cmake/export_interface__rosidl_generator_pyExport.cmake
[0.625s] -- Up-to-date: /home/duallife/projects/urdf/install/interface/share/interface/cmake/export_interface__rosidl_generator_pyExport-noconfig.cmake
[0.625s] -- Up-to-date: /home/duallife/projects/urdf/install/interface/share/interface/cmake/rosidl_cmake-extras.cmake
[0.625s] -- Up-to-date: /home/duallife/projects/urdf/install/interface/share/interface/cmake/ament_cmake_export_include_directories-extras.cmake
[0.625s] -- Up-to-date: /home/duallife/projects/urdf/install/interface/share/interface/cmake/ament_cmake_export_libraries-extras.cmake
[0.625s] -- Up-to-date: /home/duallife/projects/urdf/install/interface/share/interface/cmake/ament_cmake_export_targets-extras.cmake
[0.625s] -- Up-to-date: /home/duallife/projects/urdf/install/interface/share/interface/cmake/rosidl_cmake_export_typesupport_targets-extras.cmake
[0.625s] -- Up-to-date: /home/duallife/projects/urdf/install/interface/share/interface/cmake/ament_cmake_export_dependencies-extras.cmake
[0.625s] -- Up-to-date: /home/duallife/projects/urdf/install/interface/share/interface/cmake/rosidl_cmake_export_typesupport_libraries-extras.cmake
[0.625s] -- Up-to-date: /home/duallife/projects/urdf/install/interface/share/interface/cmake/interfaceConfig.cmake
[0.625s] -- Up-to-date: /home/duallife/projects/urdf/install/interface/share/interface/cmake/interfaceConfig-version.cmake
[0.625s] -- Up-to-date: /home/duallife/projects/urdf/install/interface/share/interface/package.xml
[0.627s] Invoked command in '/home/duallife/projects/urdf/build/interface' returned '0': CMAKE_PREFIX_PATH=${CMAKE_PREFIX_PATH}:/home/duallife/projects/urdf/install/robo6:/opt/ros/humble /usr/bin/cmake --install /home/duallife/projects/urdf/build/interface
