[0.462s] Invoking command in '/home/duallife/projects/urdf/robo6': PYTHONPATH=/home/duallife/projects/urdf/build/robo6/prefix_override:/home/duallife/projects/urdf/install/robo6/lib/python3.10/site-packages:${PYTHONPATH} /usr/bin/python3 -W ignore:setup.py install is deprecated setup.py egg_info --egg-base ../build/robo6 build --build-base /home/duallife/projects/urdf/build/robo6/build install --record /home/duallife/projects/urdf/build/robo6/install.log --single-version-externally-managed install_data
[0.634s] running egg_info
[0.635s] writing ../build/robo6/robo6.egg-info/PKG-INFO
[0.635s] writing dependency_links to ../build/robo6/robo6.egg-info/dependency_links.txt
[0.635s] writing entry points to ../build/robo6/robo6.egg-info/entry_points.txt
[0.636s] writing requirements to ../build/robo6/robo6.egg-info/requires.txt
[0.636s] writing top-level names to ../build/robo6/robo6.egg-info/top_level.txt
[0.637s] reading manifest file '../build/robo6/robo6.egg-info/SOURCES.txt'
[0.637s] writing manifest file '../build/robo6/robo6.egg-info/SOURCES.txt'
[0.637s] running build
[0.637s] running build_py
[0.638s] running install
[0.638s] running install_lib
[0.639s] running install_data
[0.639s] copying launch/gazebo.launch.py -> /home/duallife/projects/urdf/install/robo6/share/robo6/launch
[0.639s] copying urdf/robo6.urdf -> /home/duallife/projects/urdf/install/robo6/share/robo6/urdf
[0.639s] copying urdf/robo6gazebo.urdf -> /home/duallife/projects/urdf/install/robo6/share/robo6/urdf
[0.639s] running install_egg_info
[0.640s] removing '/home/duallife/projects/urdf/install/robo6/lib/python3.10/site-packages/robo6-0.0.0-py3.10.egg-info' (and everything under it)
[0.641s] Copying ../build/robo6/robo6.egg-info to /home/duallife/projects/urdf/install/robo6/lib/python3.10/site-packages/robo6-0.0.0-py3.10.egg-info
[0.641s] running install_scripts
[0.656s] writing list of installed files to '/home/duallife/projects/urdf/build/robo6/install.log'
[0.675s] Invoked command in '/home/duallife/projects/urdf/robo6' returned '0': PYTHONPATH=/home/duallife/projects/urdf/build/robo6/prefix_override:/home/duallife/projects/urdf/install/robo6/lib/python3.10/site-packages:${PYTHONPATH} /usr/bin/python3 -W ignore:setup.py install is deprecated setup.py egg_info --egg-base ../build/robo6 build --build-base /home/duallife/projects/urdf/build/robo6/build install --record /home/duallife/projects/urdf/build/robo6/install.log --single-version-externally-managed install_data
