[0.008s] Invoking command in '/home/duallife/projects/urdf/build/mybot': CMAKE_PREFIX_PATH=/home/duallife/projects/urdf/install/robo6:/opt/ros/humble /usr/bin/cmake /home/duallife/projects/urdf/mybot -DCMAKE_INSTALL_PREFIX=/home/duallife/projects/urdf/install/mybot
[0.118s] -- The C compiler identification is GNU 11.4.0
[0.208s] -- The CXX compiler identification is GNU 11.4.0
[0.217s] -- Detecting C compiler ABI info
[0.284s] -- Detecting C compiler ABI info - done
[0.288s] -- Check for working C compiler: /usr/bin/cc - skipped
[0.289s] -- Detecting C compile features
[0.289s] -- Detecting C compile features - done
[0.292s] -- Detecting CXX compiler ABI info
[0.364s] -- Detecting CXX compiler ABI info - done
[0.369s] -- Check for working CXX compiler: /usr/bin/c++ - skipped
[0.369s] -- Detecting CXX compile features
[0.369s] -- Detecting CXX compile features - done
[0.372s] -- Found ament_cmake: 1.3.9 (/opt/ros/humble/share/ament_cmake/cmake)
[0.485s] -- Found Python3: /usr/bin/python3 (found version "3.10.12") found components: Interpreter 
[0.606s] -- Configuring done
[0.608s] -- Generating done
[0.609s] -- Build files have been written to: /home/duallife/projects/urdf/build/mybot
[0.613s] Invoked command in '/home/duallife/projects/urdf/build/mybot' returned '0': CMAKE_PREFIX_PATH=/home/duallife/projects/urdf/install/robo6:/opt/ros/humble /usr/bin/cmake /home/duallife/projects/urdf/mybot -DCMAKE_INSTALL_PREFIX=/home/duallife/projects/urdf/install/mybot
[0.615s] Invoking command in '/home/duallife/projects/urdf/build/mybot': CMAKE_PREFIX_PATH=/home/duallife/projects/urdf/install/robo6:/opt/ros/humble /usr/bin/cmake --build /home/duallife/projects/urdf/build/mybot -- -j16 -l16
[0.648s] Invoked command in '/home/duallife/projects/urdf/build/mybot' returned '0': CMAKE_PREFIX_PATH=/home/duallife/projects/urdf/install/robo6:/opt/ros/humble /usr/bin/cmake --build /home/duallife/projects/urdf/build/mybot -- -j16 -l16
[0.685s] Invoking command in '/home/duallife/projects/urdf/build/mybot': CMAKE_PREFIX_PATH=/home/duallife/projects/urdf/install/robo6:/opt/ros/humble /usr/bin/cmake --install /home/duallife/projects/urdf/build/mybot
[0.690s] -- Install configuration: ""
[0.691s] -- Installing: /home/duallife/projects/urdf/install/mybot/share/ament_index/resource_index/package_run_dependencies/mybot
[0.691s] -- Installing: /home/duallife/projects/urdf/install/mybot/share/ament_index/resource_index/parent_prefix_path/mybot
[0.691s] -- Installing: /home/duallife/projects/urdf/install/mybot/share/mybot/environment/ament_prefix_path.sh
[0.691s] -- Installing: /home/duallife/projects/urdf/install/mybot/share/mybot/environment/ament_prefix_path.dsv
[0.691s] -- Installing: /home/duallife/projects/urdf/install/mybot/share/mybot/environment/path.sh
[0.692s] -- Installing: /home/duallife/projects/urdf/install/mybot/share/mybot/environment/path.dsv
[0.692s] -- Installing: /home/duallife/projects/urdf/install/mybot/share/mybot/local_setup.bash
[0.692s] -- Installing: /home/duallife/projects/urdf/install/mybot/share/mybot/local_setup.sh
[0.692s] -- Installing: /home/duallife/projects/urdf/install/mybot/share/mybot/local_setup.zsh
[0.692s] -- Installing: /home/duallife/projects/urdf/install/mybot/share/mybot/local_setup.dsv
[0.692s] -- Installing: /home/duallife/projects/urdf/install/mybot/share/mybot/package.dsv
[0.692s] -- Installing: /home/duallife/projects/urdf/install/mybot/share/ament_index/resource_index/packages/mybot
[0.692s] -- Installing: /home/duallife/projects/urdf/install/mybot/share/mybot/cmake/mybotConfig.cmake
[0.692s] -- Installing: /home/duallife/projects/urdf/install/mybot/share/mybot/cmake/mybotConfig-version.cmake
[0.692s] -- Installing: /home/duallife/projects/urdf/install/mybot/share/mybot/package.xml
[0.693s] -- Installing: /home/duallife/projects/urdf/install/mybot/share/mybot/launch
[0.693s] -- Installing: /home/duallife/projects/urdf/install/mybot/share/mybot/launch/warehouse_db.launch.py
[0.693s] -- Installing: /home/duallife/projects/urdf/install/mybot/share/mybot/launch/move_group.launch.py
[0.693s] -- Installing: /home/duallife/projects/urdf/install/mybot/share/mybot/launch/spawn_controllers.launch.py
[0.693s] -- Installing: /home/duallife/projects/urdf/install/mybot/share/mybot/launch/rsp.launch.py
[0.693s] -- Installing: /home/duallife/projects/urdf/install/mybot/share/mybot/launch/static_virtual_joint_tfs.launch.py
[0.693s] -- Installing: /home/duallife/projects/urdf/install/mybot/share/mybot/launch/demo.launch.py
[0.693s] -- Installing: /home/duallife/projects/urdf/install/mybot/share/mybot/launch/setup_assistant.launch.py
[0.693s] -- Installing: /home/duallife/projects/urdf/install/mybot/share/mybot/launch/moveit_rviz.launch.py
[0.693s] -- Installing: /home/duallife/projects/urdf/install/mybot/share/mybot/config
[0.693s] -- Installing: /home/duallife/projects/urdf/install/mybot/share/mybot/config/robo6.srdf
[0.694s] -- Installing: /home/duallife/projects/urdf/install/mybot/share/mybot/config/moveit.rviz
[0.694s] -- Installing: /home/duallife/projects/urdf/install/mybot/share/mybot/config/pilz_cartesian_limits.yaml
[0.694s] -- Installing: /home/duallife/projects/urdf/install/mybot/share/mybot/config/robo6.ros2_control.xacro
[0.694s] -- Installing: /home/duallife/projects/urdf/install/mybot/share/mybot/config/ros2_controllers.yaml
[0.694s] -- Installing: /home/duallife/projects/urdf/install/mybot/share/mybot/config/robo6.urdf.xacro
[0.694s] -- Installing: /home/duallife/projects/urdf/install/mybot/share/mybot/config/kinematics.yaml
[0.694s] -- Installing: /home/duallife/projects/urdf/install/mybot/share/mybot/config/initial_positions.yaml
[0.694s] -- Installing: /home/duallife/projects/urdf/install/mybot/share/mybot/config/moveit_controllers.yaml
[0.694s] -- Installing: /home/duallife/projects/urdf/install/mybot/share/mybot/config/joint_limits.yaml
[0.694s] -- Installing: /home/duallife/projects/urdf/install/mybot/share/mybot/.setup_assistant
[0.696s] Invoked command in '/home/duallife/projects/urdf/build/mybot' returned '0': CMAKE_PREFIX_PATH=/home/duallife/projects/urdf/install/robo6:/opt/ros/humble /usr/bin/cmake --install /home/duallife/projects/urdf/build/mybot
