[0.669s] Invoking command in '/home/duallife/projects/urdf/ROBOv2': PYTHONPATH=/home/duallife/projects/urdf/build/ROBOv2/prefix_override:/usr/lib/python3/dist-packages/colcon_core/task/python/colcon_distutils_commands:/home/duallife/projects/urdf/install/ROBOv2/lib/python3.10/site-packages:${PYTHONPATH} /usr/bin/python3 -W ignore:setup.py install is deprecated setup.py egg_info --egg-base ../build/ROBOv2 build --build-base /home/duallife/projects/urdf/build/ROBOv2/build install --record /home/duallife/projects/urdf/build/ROBOv2/install.log --single-version-externally-managed install_data
[0.848s] running egg_info
[0.848s] writing ../build/ROBOv2/ROBOv2.egg-info/PKG-INFO
[0.848s] writing dependency_links to ../build/ROBOv2/ROBOv2.egg-info/dependency_links.txt
[0.848s] writing entry points to ../build/ROBOv2/ROBOv2.egg-info/entry_points.txt
[0.848s] writing requirements to ../build/ROBOv2/ROBOv2.egg-info/requires.txt
[0.849s] writing top-level names to ../build/ROBOv2/ROBOv2.egg-info/top_level.txt
[0.850s] reading manifest file '../build/ROBOv2/ROBOv2.egg-info/SOURCES.txt'
[0.851s] writing manifest file '../build/ROBOv2/ROBOv2.egg-info/SOURCES.txt'
[0.851s] running build
[0.851s] running build_py
[0.851s] running install
[0.851s] running install_lib
[0.852s] running install_data
[0.852s] running install_egg_info
[0.854s] removing '/home/duallife/projects/urdf/install/ROBOv2/lib/python3.10/site-packages/ROBOv2-0.0.0-py3.10.egg-info' (and everything under it)
[0.854s] Copying ../build/ROBOv2/ROBOv2.egg-info to /home/duallife/projects/urdf/install/ROBOv2/lib/python3.10/site-packages/ROBOv2-0.0.0-py3.10.egg-info
[0.854s] running install_scripts
[0.869s] Installing jointAnglePub script to /home/duallife/projects/urdf/install/ROBOv2/lib/ROBOv2
[0.869s] Installing test_pub script to /home/duallife/projects/urdf/install/ROBOv2/lib/ROBOv2
[0.869s] Installing test_sub script to /home/duallife/projects/urdf/install/ROBOv2/lib/ROBOv2
[0.869s] writing list of installed files to '/home/duallife/projects/urdf/build/ROBOv2/install.log'
[0.890s] Invoked command in '/home/duallife/projects/urdf/ROBOv2' returned '0': PYTHONPATH=/home/duallife/projects/urdf/build/ROBOv2/prefix_override:/usr/lib/python3/dist-packages/colcon_core/task/python/colcon_distutils_commands:/home/duallife/projects/urdf/install/ROBOv2/lib/python3.10/site-packages:${PYTHONPATH} /usr/bin/python3 -W ignore:setup.py install is deprecated setup.py egg_info --egg-base ../build/ROBOv2 build --build-base /home/duallife/projects/urdf/build/ROBOv2/build install --record /home/duallife/projects/urdf/build/ROBOv2/install.log --single-version-externally-managed install_data
