[0.007s] Invoking command in '/home/duallife/projects/urdf/build/robov2description': AMENT_PREFIX_PATH=/home/duallife/projects/urdf/install/ROBOv2:${AMENT_PREFIX_PATH} CMAKE_PREFIX_PATH=/opt/ros/humble PYTHONPATH=/home/duallife/projects/urdf/install/ROBOv2/lib/python3.10/site-packages:${PYTHONPATH} /usr/bin/cmake /home/duallife/projects/urdf/robov2description -DCMAKE_INSTALL_PREFIX=/home/duallife/projects/urdf/install/robov2description
[0.099s] -- The C compiler identification is GNU 11.4.0
[0.191s] -- The CXX compiler identification is GNU 11.4.0
[0.200s] -- Detecting C compiler ABI info
[0.266s] -- Detecting C compiler ABI info - done
[0.271s] -- Check for working C compiler: /usr/bin/cc - skipped
[0.271s] -- Detecting C compile features
[0.272s] -- Detecting C compile features - done
[0.274s] -- Detecting CXX compiler ABI info
[0.347s] -- Detecting CXX compiler ABI info - done
[0.352s] -- Check for working CXX compiler: /usr/bin/c++ - skipped
[0.352s] -- Detecting CXX compile features
[0.352s] -- Detecting CXX compile features - done
[0.355s] -- Found ament_cmake: 1.3.9 (/opt/ros/humble/share/ament_cmake/cmake)
[0.471s] -- Found Python3: /usr/bin/python3 (found version "3.10.12") found components: Interpreter 
[0.591s] -- Configuring done
[0.593s] -- Generating done
[0.594s] -- Build files have been written to: /home/duallife/projects/urdf/build/robov2description
[0.597s] Invoked command in '/home/duallife/projects/urdf/build/robov2description' returned '0': AMENT_PREFIX_PATH=/home/duallife/projects/urdf/install/ROBOv2:${AMENT_PREFIX_PATH} CMAKE_PREFIX_PATH=/opt/ros/humble PYTHONPATH=/home/duallife/projects/urdf/install/ROBOv2/lib/python3.10/site-packages:${PYTHONPATH} /usr/bin/cmake /home/duallife/projects/urdf/robov2description -DCMAKE_INSTALL_PREFIX=/home/duallife/projects/urdf/install/robov2description
[0.598s] Invoking command in '/home/duallife/projects/urdf/build/robov2description': AMENT_PREFIX_PATH=/home/duallife/projects/urdf/install/ROBOv2:${AMENT_PREFIX_PATH} CMAKE_PREFIX_PATH=/opt/ros/humble PYTHONPATH=/home/duallife/projects/urdf/install/ROBOv2/lib/python3.10/site-packages:${PYTHONPATH} /usr/bin/cmake --build /home/duallife/projects/urdf/build/robov2description -- -j16 -l16
[0.635s] Invoked command in '/home/duallife/projects/urdf/build/robov2description' returned '0': AMENT_PREFIX_PATH=/home/duallife/projects/urdf/install/ROBOv2:${AMENT_PREFIX_PATH} CMAKE_PREFIX_PATH=/opt/ros/humble PYTHONPATH=/home/duallife/projects/urdf/install/ROBOv2/lib/python3.10/site-packages:${PYTHONPATH} /usr/bin/cmake --build /home/duallife/projects/urdf/build/robov2description -- -j16 -l16
[0.662s] Invoking command in '/home/duallife/projects/urdf/build/robov2description': AMENT_PREFIX_PATH=/home/duallife/projects/urdf/install/ROBOv2:${AMENT_PREFIX_PATH} CMAKE_PREFIX_PATH=/opt/ros/humble PYTHONPATH=/home/duallife/projects/urdf/install/ROBOv2/lib/python3.10/site-packages:${PYTHONPATH} /usr/bin/cmake --install /home/duallife/projects/urdf/build/robov2description
[0.668s] -- Install configuration: ""
[0.668s] -- Installing: /home/duallife/projects/urdf/install/robov2description/share/ament_index/resource_index/package_run_dependencies/robov2description
[0.669s] -- Installing: /home/duallife/projects/urdf/install/robov2description/share/ament_index/resource_index/parent_prefix_path/robov2description
[0.669s] -- Installing: /home/duallife/projects/urdf/install/robov2description/share/robov2description/environment/ament_prefix_path.sh
[0.669s] -- Installing: /home/duallife/projects/urdf/install/robov2description/share/robov2description/environment/ament_prefix_path.dsv
[0.669s] -- Installing: /home/duallife/projects/urdf/install/robov2description/share/robov2description/environment/path.sh
[0.669s] -- Installing: /home/duallife/projects/urdf/install/robov2description/share/robov2description/environment/path.dsv
[0.670s] -- Installing: /home/duallife/projects/urdf/install/robov2description/share/robov2description/local_setup.bash
[0.670s] -- Installing: /home/duallife/projects/urdf/install/robov2description/share/robov2description/local_setup.sh
[0.670s] -- Installing: /home/duallife/projects/urdf/install/robov2description/share/robov2description/local_setup.zsh
[0.670s] -- Installing: /home/duallife/projects/urdf/install/robov2description/share/robov2description/local_setup.dsv
[0.670s] -- Installing: /home/duallife/projects/urdf/install/robov2description/share/robov2description/package.dsv
[0.670s] -- Installing: /home/duallife/projects/urdf/install/robov2description/share/ament_index/resource_index/packages/robov2description
[0.670s] -- Installing: /home/duallife/projects/urdf/install/robov2description/share/robov2description/cmake/robov2descriptionConfig.cmake
[0.670s] -- Installing: /home/duallife/projects/urdf/install/robov2description/share/robov2description/cmake/robov2descriptionConfig-version.cmake
[0.670s] -- Installing: /home/duallife/projects/urdf/install/robov2description/share/robov2description/package.xml
[0.670s] -- Installing: /home/duallife/projects/urdf/install/robov2description/share/robov2description/launch
[0.670s] -- Installing: /home/duallife/projects/urdf/install/robov2description/share/robov2description/launch/warehouse_db.launch.py
[0.670s] -- Installing: /home/duallife/projects/urdf/install/robov2description/share/robov2description/launch/gazebo_moveit_rviz.launch.py
[0.671s] -- Installing: /home/duallife/projects/urdf/install/robov2description/share/robov2description/launch/move_group.launch.py
[0.671s] -- Installing: /home/duallife/projects/urdf/install/robov2description/share/robov2description/launch/spawn_controllers.launch.py
[0.671s] -- Installing: /home/duallife/projects/urdf/install/robov2description/share/robov2description/launch/rsp.launch.py
[0.671s] -- Installing: /home/duallife/projects/urdf/install/robov2description/share/robov2description/launch/botlaunch.launch.py
[0.671s] -- Installing: /home/duallife/projects/urdf/install/robov2description/share/robov2description/launch/static_virtual_joint_tfs.launch.py
[0.671s] -- Installing: /home/duallife/projects/urdf/install/robov2description/share/robov2description/launch/gazebo.launch.py
[0.671s] -- Installing: /home/duallife/projects/urdf/install/robov2description/share/robov2description/launch/demo.launch.py
[0.671s] -- Installing: /home/duallife/projects/urdf/install/robov2description/share/robov2description/launch/setup_assistant.launch.py
[0.671s] -- Installing: /home/duallife/projects/urdf/install/robov2description/share/robov2description/launch/moveit_rviz.launch.py
[0.671s] -- Installing: /home/duallife/projects/urdf/install/robov2description/share/robov2description/config
[0.672s] -- Installing: /home/duallife/projects/urdf/install/robov2description/share/robov2description/config/moveit.rviz
[0.672s] -- Installing: /home/duallife/projects/urdf/install/robov2description/share/robov2description/config/pilz_cartesian_limits.yaml
[0.672s] -- Installing: /home/duallife/projects/urdf/install/robov2description/share/robov2description/config/ros2_controllers.yaml
[0.672s] -- Installing: /home/duallife/projects/urdf/install/robov2description/share/robov2description/config/ROBOv2.srdf
[0.672s] -- Installing: /home/duallife/projects/urdf/install/robov2description/share/robov2description/config/kinematics.yaml
[0.672s] -- Installing: /home/duallife/projects/urdf/install/robov2description/share/robov2description/config/initial_positions.yaml
[0.672s] -- Installing: /home/duallife/projects/urdf/install/robov2description/share/robov2description/config/moveit_controllers.yaml
[0.672s] -- Installing: /home/duallife/projects/urdf/install/robov2description/share/robov2description/config/gazebo_ROBOv2.urdf.xacro
[0.672s] -- Installing: /home/duallife/projects/urdf/install/robov2description/share/robov2description/config/ROBOv2.urdf.xacro
[0.673s] -- Installing: /home/duallife/projects/urdf/install/robov2description/share/robov2description/config/joint_limits.yaml
[0.673s] -- Installing: /home/duallife/projects/urdf/install/robov2description/share/robov2description/config/ROBOv2.ros2_control.xacro
[0.673s] -- Installing: /home/duallife/projects/urdf/install/robov2description/share/robov2description/.setup_assistant
[0.675s] Invoked command in '/home/duallife/projects/urdf/build/robov2description' returned '0': AMENT_PREFIX_PATH=/home/duallife/projects/urdf/install/ROBOv2:${AMENT_PREFIX_PATH} CMAKE_PREFIX_PATH=/opt/ros/humble PYTHONPATH=/home/duallife/projects/urdf/install/ROBOv2/lib/python3.10/site-packages:${PYTHONPATH} /usr/bin/cmake --install /home/duallife/projects/urdf/build/robov2description
