-- Install configuration: ""
-- Up-to-date: /home/duallife/projects/urdf/install/mybotv2/share/ament_index/resource_index/package_run_dependencies/mybotv2
-- Up-to-date: /home/duallife/projects/urdf/install/mybotv2/share/ament_index/resource_index/parent_prefix_path/mybotv2
-- Up-to-date: /home/duallife/projects/urdf/install/mybotv2/share/mybotv2/environment/ament_prefix_path.sh
-- Up-to-date: /home/duallife/projects/urdf/install/mybotv2/share/mybotv2/environment/ament_prefix_path.dsv
-- Up-to-date: /home/duallife/projects/urdf/install/mybotv2/share/mybotv2/environment/path.sh
-- Up-to-date: /home/duallife/projects/urdf/install/mybotv2/share/mybotv2/environment/path.dsv
-- Up-to-date: /home/duallife/projects/urdf/install/mybotv2/share/mybotv2/local_setup.bash
-- Up-to-date: /home/duallife/projects/urdf/install/mybotv2/share/mybotv2/local_setup.sh
-- Up-to-date: /home/duallife/projects/urdf/install/mybotv2/share/mybotv2/local_setup.zsh
-- Up-to-date: /home/duallife/projects/urdf/install/mybotv2/share/mybotv2/local_setup.dsv
-- Installing: /home/duallife/projects/urdf/install/mybotv2/share/mybotv2/package.dsv
-- Up-to-date: /home/duallife/projects/urdf/install/mybotv2/share/ament_index/resource_index/packages/mybotv2
-- Up-to-date: /home/duallife/projects/urdf/install/mybotv2/share/mybotv2/cmake/mybotv2Config.cmake
-- Up-to-date: /home/duallife/projects/urdf/install/mybotv2/share/mybotv2/cmake/mybotv2Config-version.cmake
-- Up-to-date: /home/duallife/projects/urdf/install/mybotv2/share/mybotv2/package.xml
-- Up-to-date: /home/duallife/projects/urdf/install/mybotv2/share/mybotv2/launch
-- Up-to-date: /home/duallife/projects/urdf/install/mybotv2/share/mybotv2/launch/warehouse_db.launch.py
-- Up-to-date: /home/duallife/projects/urdf/install/mybotv2/share/mybotv2/launch/gazebo_moveit_rviz.launch.py
-- Up-to-date: /home/duallife/projects/urdf/install/mybotv2/share/mybotv2/launch/move_group.launch.py
-- Up-to-date: /home/duallife/projects/urdf/install/mybotv2/share/mybotv2/launch/spawn_controllers.launch.py
-- Up-to-date: /home/duallife/projects/urdf/install/mybotv2/share/mybotv2/launch/rsp.launch.py
-- Up-to-date: /home/duallife/projects/urdf/install/mybotv2/share/mybotv2/launch/botlaunch.launch.py
-- Up-to-date: /home/duallife/projects/urdf/install/mybotv2/share/mybotv2/launch/static_virtual_joint_tfs.launch.py
-- Up-to-date: /home/duallife/projects/urdf/install/mybotv2/share/mybotv2/launch/gazebo.launch.py
-- Up-to-date: /home/duallife/projects/urdf/install/mybotv2/share/mybotv2/launch/demo.launch.py
-- Up-to-date: /home/duallife/projects/urdf/install/mybotv2/share/mybotv2/launch/setup_assistant.launch.py
-- Up-to-date: /home/duallife/projects/urdf/install/mybotv2/share/mybotv2/launch/moveit_rviz.launch.py
-- Up-to-date: /home/duallife/projects/urdf/install/mybotv2/share/mybotv2/config
-- Up-to-date: /home/duallife/projects/urdf/install/mybotv2/share/mybotv2/config/moveit.rviz
-- Up-to-date: /home/duallife/projects/urdf/install/mybotv2/share/mybotv2/config/pilz_cartesian_limits.yaml
-- Installing: /home/duallife/projects/urdf/install/mybotv2/share/mybotv2/config/ros2_controllers.yaml
-- Up-to-date: /home/duallife/projects/urdf/install/mybotv2/share/mybotv2/config/ROBOv2.srdf
-- Up-to-date: /home/duallife/projects/urdf/install/mybotv2/share/mybotv2/config/kinematics.yaml
-- Up-to-date: /home/duallife/projects/urdf/install/mybotv2/share/mybotv2/config/initial_positions.yaml
-- Up-to-date: /home/duallife/projects/urdf/install/mybotv2/share/mybotv2/config/moveit_controllers.yaml
-- Up-to-date: /home/duallife/projects/urdf/install/mybotv2/share/mybotv2/config/gazebo_ROBOv2.urdf.xacro
-- Up-to-date: /home/duallife/projects/urdf/install/mybotv2/share/mybotv2/config/ROBOv2.urdf.xacro
-- Up-to-date: /home/duallife/projects/urdf/install/mybotv2/share/mybotv2/config/joint_limits.yaml
-- Up-to-date: /home/duallife/projects/urdf/install/mybotv2/share/mybotv2/config/ROBOv2.ros2_control.xacro
-- Up-to-date: /home/duallife/projects/urdf/install/mybotv2/share/mybotv2/.setup_assistant
