[0.008s] Invoking command in '/home/duallife/projects/urdf/build/mybot': AMENT_PREFIX_PATH=/home/duallife/projects/urdf/install/robo6:/home/duallife/projects/urdf/install/robov2description:/home/duallife/projects/urdf/install/mybot:/home/duallife/projects/urdf/install/mybotv2:/home/duallife/projects/urdf/install/interface:/home/duallife/projects/urdf/install/ROBOv2:/opt/ros/humble CMAKE_PREFIX_PATH=${CMAKE_PREFIX_PATH}:/home/duallife/projects/urdf/install/robo6:/home/duallife/projects/urdf/install/ROBOv2:/opt/ros/humble /usr/bin/cmake --build /home/duallife/projects/urdf/build/mybot -- -j16 -l16
[0.045s] Invoked command in '/home/duallife/projects/urdf/build/mybot' returned '0': AMENT_PREFIX_PATH=/home/duallife/projects/urdf/install/robo6:/home/duallife/projects/urdf/install/robov2description:/home/duallife/projects/urdf/install/mybot:/home/duallife/projects/urdf/install/mybotv2:/home/duallife/projects/urdf/install/interface:/home/duallife/projects/urdf/install/ROBOv2:/opt/ros/humble CMAKE_PREFIX_PATH=${CMAKE_PREFIX_PATH}:/home/duallife/projects/urdf/install/robo6:/home/duallife/projects/urdf/install/ROBOv2:/opt/ros/humble /usr/bin/cmake --build /home/duallife/projects/urdf/build/mybot -- -j16 -l16
[0.070s] Invoking command in '/home/duallife/projects/urdf/build/mybot': AMENT_PREFIX_PATH=/home/duallife/projects/urdf/install/robo6:/home/duallife/projects/urdf/install/robov2description:/home/duallife/projects/urdf/install/mybot:/home/duallife/projects/urdf/install/mybotv2:/home/duallife/projects/urdf/install/interface:/home/duallife/projects/urdf/install/ROBOv2:/opt/ros/humble CMAKE_PREFIX_PATH=${CMAKE_PREFIX_PATH}:/home/duallife/projects/urdf/install/robo6:/home/duallife/projects/urdf/install/ROBOv2:/opt/ros/humble /usr/bin/cmake --install /home/duallife/projects/urdf/build/mybot
[0.077s] -- Install configuration: ""
[0.077s] -- Up-to-date: /home/duallife/projects/urdf/install/mybot/share/ament_index/resource_index/package_run_dependencies/mybot
[0.077s] -- Up-to-date: /home/duallife/projects/urdf/install/mybot/share/ament_index/resource_index/parent_prefix_path/mybot
[0.078s] -- Up-to-date: /home/duallife/projects/urdf/install/mybot/share/mybot/environment/ament_prefix_path.sh
[0.078s] -- Up-to-date: /home/duallife/projects/urdf/install/mybot/share/mybot/environment/ament_prefix_path.dsv
[0.078s] -- Up-to-date: /home/duallife/projects/urdf/install/mybot/share/mybot/environment/path.sh
[0.078s] -- Up-to-date: /home/duallife/projects/urdf/install/mybot/share/mybot/environment/path.dsv
[0.078s] -- Up-to-date: /home/duallife/projects/urdf/install/mybot/share/mybot/local_setup.bash
[0.078s] -- Up-to-date: /home/duallife/projects/urdf/install/mybot/share/mybot/local_setup.sh
[0.078s] -- Up-to-date: /home/duallife/projects/urdf/install/mybot/share/mybot/local_setup.zsh
[0.078s] -- Up-to-date: /home/duallife/projects/urdf/install/mybot/share/mybot/local_setup.dsv
[0.078s] -- Installing: /home/duallife/projects/urdf/install/mybot/share/mybot/package.dsv
[0.078s] -- Up-to-date: /home/duallife/projects/urdf/install/mybot/share/ament_index/resource_index/packages/mybot
[0.078s] -- Up-to-date: /home/duallife/projects/urdf/install/mybot/share/mybot/cmake/mybotConfig.cmake
[0.078s] -- Up-to-date: /home/duallife/projects/urdf/install/mybot/share/mybot/cmake/mybotConfig-version.cmake
[0.078s] -- Up-to-date: /home/duallife/projects/urdf/install/mybot/share/mybot/package.xml
[0.079s] -- Up-to-date: /home/duallife/projects/urdf/install/mybot/share/mybot/launch
[0.079s] -- Up-to-date: /home/duallife/projects/urdf/install/mybot/share/mybot/launch/warehouse_db.launch.py
[0.079s] -- Up-to-date: /home/duallife/projects/urdf/install/mybot/share/mybot/launch/gazebo_moveit_rviz.launch.py
[0.079s] -- Up-to-date: /home/duallife/projects/urdf/install/mybot/share/mybot/launch/move_group.launch.py
[0.079s] -- Up-to-date: /home/duallife/projects/urdf/install/mybot/share/mybot/launch/spawn_controllers.launch.py
[0.079s] -- Up-to-date: /home/duallife/projects/urdf/install/mybot/share/mybot/launch/rsp.launch.py
[0.079s] -- Up-to-date: /home/duallife/projects/urdf/install/mybot/share/mybot/launch/botlaunch.launch.py
[0.080s] -- Up-to-date: /home/duallife/projects/urdf/install/mybot/share/mybot/launch/static_virtual_joint_tfs.launch.py
[0.080s] -- Up-to-date: /home/duallife/projects/urdf/install/mybot/share/mybot/launch/gazebo.launch.py
[0.080s] -- Up-to-date: /home/duallife/projects/urdf/install/mybot/share/mybot/launch/demo.launch.py
[0.080s] -- Up-to-date: /home/duallife/projects/urdf/install/mybot/share/mybot/launch/setup_assistant.launch.py
[0.080s] -- Up-to-date: /home/duallife/projects/urdf/install/mybot/share/mybot/launch/moveit_rviz.launch.py
[0.080s] -- Up-to-date: /home/duallife/projects/urdf/install/mybot/share/mybot/config
[0.080s] -- Up-to-date: /home/duallife/projects/urdf/install/mybot/share/mybot/config/robo6.srdf
[0.080s] -- Up-to-date: /home/duallife/projects/urdf/install/mybot/share/mybot/config/moveit.rviz
[0.080s] -- Up-to-date: /home/duallife/projects/urdf/install/mybot/share/mybot/config/pilz_cartesian_limits.yaml
[0.080s] -- Up-to-date: /home/duallife/projects/urdf/install/mybot/share/mybot/config/robo6.ros2_control.xacro
[0.080s] -- Up-to-date: /home/duallife/projects/urdf/install/mybot/share/mybot/config/ros2_controllers.yaml
[0.080s] -- Up-to-date: /home/duallife/projects/urdf/install/mybot/share/mybot/config/robo6.urdf.xacro
[0.080s] -- Up-to-date: /home/duallife/projects/urdf/install/mybot/share/mybot/config/kinematics.yaml
[0.080s] -- Up-to-date: /home/duallife/projects/urdf/install/mybot/share/mybot/config/initial_positions.yaml
[0.080s] -- Up-to-date: /home/duallife/projects/urdf/install/mybot/share/mybot/config/gazebo_robo6.urdf.xacro
[0.080s] -- Up-to-date: /home/duallife/projects/urdf/install/mybot/share/mybot/config/moveit_controllers.yaml
[0.080s] -- Up-to-date: /home/duallife/projects/urdf/install/mybot/share/mybot/config/joint_limits.yaml
[0.080s] -- Up-to-date: /home/duallife/projects/urdf/install/mybot/share/mybot/.setup_assistant
[0.085s] Invoked command in '/home/duallife/projects/urdf/build/mybot' returned '0': AMENT_PREFIX_PATH=/home/duallife/projects/urdf/install/robo6:/home/duallife/projects/urdf/install/robov2description:/home/duallife/projects/urdf/install/mybot:/home/duallife/projects/urdf/install/mybotv2:/home/duallife/projects/urdf/install/interface:/home/duallife/projects/urdf/install/ROBOv2:/opt/ros/humble CMAKE_PREFIX_PATH=${CMAKE_PREFIX_PATH}:/home/duallife/projects/urdf/install/robo6:/home/duallife/projects/urdf/install/ROBOv2:/opt/ros/humble /usr/bin/cmake --install /home/duallife/projects/urdf/build/mybot
