[0.443s] Invoking command in '/home/duallife/projects/urdf/robo6': PYTHONPATH=/home/duallife/projects/urdf/build/robo6/prefix_override:/usr/lib/python3/dist-packages/colcon_core/task/python/colcon_distutils_commands:/home/duallife/projects/urdf/install/robo6/lib/python3.10/site-packages:${PYTHONPATH} /usr/bin/python3 -W ignore:setup.py install is deprecated setup.py egg_info --egg-base ../build/robo6 build --build-base /home/duallife/projects/urdf/build/robo6/build install --record /home/duallife/projects/urdf/build/robo6/install.log --single-version-externally-managed install_data
[0.607s] running egg_info
[0.607s] writing ../build/robo6/robo6.egg-info/PKG-INFO
[0.608s] writing dependency_links to ../build/robo6/robo6.egg-info/dependency_links.txt
[0.608s] writing entry points to ../build/robo6/robo6.egg-info/entry_points.txt
[0.608s] writing requirements to ../build/robo6/robo6.egg-info/requires.txt
[0.608s] writing top-level names to ../build/robo6/robo6.egg-info/top_level.txt
[0.609s] reading manifest file '../build/robo6/robo6.egg-info/SOURCES.txt'
[0.610s] writing manifest file '../build/robo6/robo6.egg-info/SOURCES.txt'
[0.610s] running build
[0.610s] running build_py
[0.610s] copying robo6/test_sub.py -> /home/duallife/projects/urdf/build/robo6/build/lib/robo6
[0.610s] running install
[0.610s] running install_lib
[0.611s] copying /home/duallife/projects/urdf/build/robo6/build/lib/robo6/test_sub.py -> /home/duallife/projects/urdf/install/robo6/lib/python3.10/site-packages/robo6
[0.611s] byte-compiling /home/duallife/projects/urdf/install/robo6/lib/python3.10/site-packages/robo6/test_sub.py to test_sub.cpython-310.pyc
[0.611s] running install_data
[0.612s] running install_egg_info
[0.613s] removing '/home/duallife/projects/urdf/install/robo6/lib/python3.10/site-packages/robo6-0.0.0-py3.10.egg-info' (and everything under it)
[0.613s] Copying ../build/robo6/robo6.egg-info to /home/duallife/projects/urdf/install/robo6/lib/python3.10/site-packages/robo6-0.0.0-py3.10.egg-info
[0.614s] running install_scripts
[0.627s] Installing test_sub script to /home/duallife/projects/urdf/install/robo6/lib/robo6
[0.627s] writing list of installed files to '/home/duallife/projects/urdf/build/robo6/install.log'
[0.646s] Invoked command in '/home/duallife/projects/urdf/robo6' returned '0': PYTHONPATH=/home/duallife/projects/urdf/build/robo6/prefix_override:/usr/lib/python3/dist-packages/colcon_core/task/python/colcon_distutils_commands:/home/duallife/projects/urdf/install/robo6/lib/python3.10/site-packages:${PYTHONPATH} /usr/bin/python3 -W ignore:setup.py install is deprecated setup.py egg_info --egg-base ../build/robo6 build --build-base /home/duallife/projects/urdf/build/robo6/build install --record /home/duallife/projects/urdf/build/robo6/install.log --single-version-externally-managed install_data
