[0.748s] Invoking command in '/home/duallife/projects/urdf/robo6': PYTHONPATH=/home/duallife/projects/urdf/build/robo6/prefix_override:/usr/lib/python3/dist-packages/colcon_core/task/python/colcon_distutils_commands:/home/duallife/projects/urdf/install/robo6/lib/python3.10/site-packages:${PYTHONPATH} /usr/bin/python3 -W ignore:setup.py install is deprecated setup.py egg_info --egg-base ../build/robo6 build --build-base /home/duallife/projects/urdf/build/robo6/build install --record /home/duallife/projects/urdf/build/robo6/install.log --single-version-externally-managed install_data
[0.950s] running egg_info
[0.950s] writing ../build/robo6/robo6.egg-info/PKG-INFO
[0.950s] writing dependency_links to ../build/robo6/robo6.egg-info/dependency_links.txt
[0.950s] writing entry points to ../build/robo6/robo6.egg-info/entry_points.txt
[0.951s] writing requirements to ../build/robo6/robo6.egg-info/requires.txt
[0.951s] writing top-level names to ../build/robo6/robo6.egg-info/top_level.txt
[0.952s] reading manifest file '../build/robo6/robo6.egg-info/SOURCES.txt'
[0.953s] writing manifest file '../build/robo6/robo6.egg-info/SOURCES.txt'
[0.953s] running build
[0.953s] running build_py
[0.954s] running install
[0.954s] running install_lib
[0.958s] running install_data
[0.960s] running install_egg_info
[0.962s] removing '/home/duallife/projects/urdf/install/robo6/lib/python3.10/site-packages/robo6-0.0.0-py3.10.egg-info' (and everything under it)
[0.962s] Copying ../build/robo6/robo6.egg-info to /home/duallife/projects/urdf/install/robo6/lib/python3.10/site-packages/robo6-0.0.0-py3.10.egg-info
[0.963s] running install_scripts
[0.979s] Installing jointAnglePub script to /home/duallife/projects/urdf/install/robo6/lib/robo6
[0.979s] Installing test_pub script to /home/duallife/projects/urdf/install/robo6/lib/robo6
[0.979s] Installing test_sub script to /home/duallife/projects/urdf/install/robo6/lib/robo6
[0.979s] writing list of installed files to '/home/duallife/projects/urdf/build/robo6/install.log'
[1.012s] Invoked command in '/home/duallife/projects/urdf/robo6' returned '0': PYTHONPATH=/home/duallife/projects/urdf/build/robo6/prefix_override:/usr/lib/python3/dist-packages/colcon_core/task/python/colcon_distutils_commands:/home/duallife/projects/urdf/install/robo6/lib/python3.10/site-packages:${PYTHONPATH} /usr/bin/python3 -W ignore:setup.py install is deprecated setup.py egg_info --egg-base ../build/robo6 build --build-base /home/duallife/projects/urdf/build/robo6/build install --record /home/duallife/projects/urdf/build/robo6/install.log --single-version-externally-managed install_data
