[0.196s] Invoking command in '/home/duallife/projects/urdf/build/interface': CMAKE_PREFIX_PATH=${CMAKE_PREFIX_PATH}:/home/duallife/projects/urdf/install/robo6:/opt/ros/humble /usr/bin/cmake --build /home/duallife/projects/urdf/build/interface -- -j16 -l16
[0.258s] [  3%] Built target interface__cpp
[0.260s] [ 12%] Built target interface__rosidl_generator_c
[0.269s] [ 12%] Built target ament_cmake_python_copy_interface
[0.280s] [ 70%] Built target interface__rosidl_typesupport_c
[0.280s] [ 70%] Built target interface__rosidl_typesupport_introspection_cpp
[0.280s] [ 70%] Built target interface__rosidl_typesupport_fastrtps_cpp
[0.281s] [ 70%] Built target interface__rosidl_typesupport_introspection_c
[0.281s] [ 70%] Built target interface__rosidl_typesupport_cpp
[0.281s] [ 70%] Built target interface__rosidl_typesupport_fastrtps_c
[0.302s] [ 70%] Built target interface
[0.325s] [ 74%] Built target interface__py
[0.351s] [ 80%] Built target interface__rosidl_generator_py
[0.374s] [ 87%] Built target interface__rosidl_typesupport_fastrtps_c__pyext
[0.374s] [100%] Built target interface__rosidl_typesupport_introspection_c__pyext
[0.374s] [100%] Built target interface__rosidl_typesupport_c__pyext
[0.460s] running egg_info
[0.460s] writing interface.egg-info/PKG-INFO
[0.460s] writing dependency_links to interface.egg-info/dependency_links.txt
[0.460s] writing top-level names to interface.egg-info/top_level.txt
[0.462s] reading manifest file 'interface.egg-info/SOURCES.txt'
[0.462s] writing manifest file 'interface.egg-info/SOURCES.txt'
[0.483s] [100%] Built target ament_cmake_python_build_interface_egg
[0.495s] Invoked command in '/home/duallife/projects/urdf/build/interface' returned '0': CMAKE_PREFIX_PATH=${CMAKE_PREFIX_PATH}:/home/duallife/projects/urdf/install/robo6:/opt/ros/humble /usr/bin/cmake --build /home/duallife/projects/urdf/build/interface -- -j16 -l16
[0.590s] Invoking command in '/home/duallife/projects/urdf/build/interface': CMAKE_PREFIX_PATH=${CMAKE_PREFIX_PATH}:/home/duallife/projects/urdf/install/robo6:/opt/ros/humble /usr/bin/cmake --install /home/duallife/projects/urdf/build/interface
[0.597s] -- Install configuration: ""
[0.597s] -- Up-to-date: /home/duallife/projects/urdf/install/interface/share/ament_index/resource_index/rosidl_interfaces/interface
[0.597s] -- Up-to-date: /home/duallife/projects/urdf/install/interface/include/interface/interface
[0.598s] -- Up-to-date: /home/duallife/projects/urdf/install/interface/include/interface/interface/msg
[0.598s] -- Up-to-date: /home/duallife/projects/urdf/install/interface/include/interface/interface/msg/detail
[0.598s] -- Up-to-date: /home/duallife/projects/urdf/install/interface/include/interface/interface/msg/detail/joint_angle__type_support.h
[0.598s] -- Up-to-date: /home/duallife/projects/urdf/install/interface/include/interface/interface/msg/detail/joint_angle__struct.h
[0.598s] -- Up-to-date: /home/duallife/projects/urdf/install/interface/include/interface/interface/msg/detail/joint_angle__functions.h
[0.598s] -- Up-to-date: /home/duallife/projects/urdf/install/interface/include/interface/interface/msg/detail/joint_angle__functions.c
[0.598s] -- Up-to-date: /home/duallife/projects/urdf/install/interface/include/interface/interface/msg/joint_angle.h
[0.599s] -- Up-to-date: /home/duallife/projects/urdf/install/interface/include/interface/interface/msg/rosidl_generator_c__visibility_control.h
[0.599s] -- Up-to-date: /home/duallife/projects/urdf/install/interface/share/interface/environment/library_path.sh
[0.599s] -- Up-to-date: /home/duallife/projects/urdf/install/interface/share/interface/environment/library_path.dsv
[0.599s] -- Up-to-date: /home/duallife/projects/urdf/install/interface/lib/libinterface__rosidl_generator_c.so
[0.599s] -- Up-to-date: /home/duallife/projects/urdf/install/interface/include/interface/interface
[0.599s] -- Up-to-date: /home/duallife/projects/urdf/install/interface/include/interface/interface/msg
[0.599s] -- Up-to-date: /home/duallife/projects/urdf/install/interface/include/interface/interface/msg/detail
[0.599s] -- Up-to-date: /home/duallife/projects/urdf/install/interface/include/interface/interface/msg/detail/joint_angle__rosidl_typesupport_fastrtps_c.h
[0.599s] -- Up-to-date: /home/duallife/projects/urdf/install/interface/include/interface/interface/msg/rosidl_typesupport_fastrtps_c__visibility_control.h
[0.599s] -- Up-to-date: /home/duallife/projects/urdf/install/interface/lib/libinterface__rosidl_typesupport_fastrtps_c.so
[0.599s] -- Up-to-date: /home/duallife/projects/urdf/install/interface/include/interface/interface
[0.599s] -- Up-to-date: /home/duallife/projects/urdf/install/interface/include/interface/interface/msg
[0.599s] -- Up-to-date: /home/duallife/projects/urdf/install/interface/include/interface/interface/msg/detail
[0.599s] -- Up-to-date: /home/duallife/projects/urdf/install/interface/include/interface/interface/msg/detail/joint_angle__type_support.c
[0.599s] -- Up-to-date: /home/duallife/projects/urdf/install/interface/include/interface/interface/msg/detail/joint_angle__rosidl_typesupport_introspection_c.h
[0.599s] -- Up-to-date: /home/duallife/projects/urdf/install/interface/include/interface/interface/msg/rosidl_typesupport_introspection_c__visibility_control.h
[0.599s] -- Up-to-date: /home/duallife/projects/urdf/install/interface/lib/libinterface__rosidl_typesupport_introspection_c.so
[0.600s] -- Up-to-date: /home/duallife/projects/urdf/install/interface/lib/libinterface__rosidl_typesupport_c.so
[0.600s] -- Up-to-date: /home/duallife/projects/urdf/install/interface/include/interface/interface
[0.600s] -- Up-to-date: /home/duallife/projects/urdf/install/interface/include/interface/interface/msg
[0.600s] -- Up-to-date: /home/duallife/projects/urdf/install/interface/include/interface/interface/msg/detail
[0.600s] -- Up-to-date: /home/duallife/projects/urdf/install/interface/include/interface/interface/msg/detail/joint_angle__struct.hpp
[0.600s] -- Up-to-date: /home/duallife/projects/urdf/install/interface/include/interface/interface/msg/detail/joint_angle__traits.hpp
[0.600s] -- Up-to-date: /home/duallife/projects/urdf/install/interface/include/interface/interface/msg/detail/joint_angle__builder.hpp
[0.600s] -- Up-to-date: /home/duallife/projects/urdf/install/interface/include/interface/interface/msg/joint_angle.hpp
[0.600s] -- Up-to-date: /home/duallife/projects/urdf/install/interface/include/interface/interface
[0.600s] -- Up-to-date: /home/duallife/projects/urdf/install/interface/include/interface/interface/msg
[0.600s] -- Up-to-date: /home/duallife/projects/urdf/install/interface/include/interface/interface/msg/rosidl_typesupport_fastrtps_cpp__visibility_control.h
[0.600s] -- Up-to-date: /home/duallife/projects/urdf/install/interface/include/interface/interface/msg/detail
[0.600s] -- Up-to-date: /home/duallife/projects/urdf/install/interface/include/interface/interface/msg/detail/dds_fastrtps
[0.600s] -- Up-to-date: /home/duallife/projects/urdf/install/interface/include/interface/interface/msg/detail/joint_angle__rosidl_typesupport_fastrtps_cpp.hpp
[0.600s] -- Up-to-date: /home/duallife/projects/urdf/install/interface/lib/libinterface__rosidl_typesupport_fastrtps_cpp.so
[0.600s] -- Up-to-date: /home/duallife/projects/urdf/install/interface/include/interface/interface
[0.600s] -- Up-to-date: /home/duallife/projects/urdf/install/interface/include/interface/interface/msg
[0.600s] -- Up-to-date: /home/duallife/projects/urdf/install/interface/include/interface/interface/msg/detail
[0.600s] -- Up-to-date: /home/duallife/projects/urdf/install/interface/include/interface/interface/msg/detail/joint_angle__type_support.cpp
[0.600s] -- Up-to-date: /home/duallife/projects/urdf/install/interface/include/interface/interface/msg/detail/joint_angle__rosidl_typesupport_introspection_cpp.hpp
[0.601s] -- Up-to-date: /home/duallife/projects/urdf/install/interface/lib/libinterface__rosidl_typesupport_introspection_cpp.so
[0.601s] -- Up-to-date: /home/duallife/projects/urdf/install/interface/lib/libinterface__rosidl_typesupport_cpp.so
[0.601s] -- Up-to-date: /home/duallife/projects/urdf/install/interface/share/interface/environment/pythonpath.sh
[0.601s] -- Up-to-date: /home/duallife/projects/urdf/install/interface/share/interface/environment/pythonpath.dsv
[0.601s] -- Up-to-date: /home/duallife/projects/urdf/install/interface/local/lib/python3.10/dist-packages/interface-0.0.0-py3.10.egg-info
[0.601s] -- Installing: /home/duallife/projects/urdf/install/interface/local/lib/python3.10/dist-packages/interface-0.0.0-py3.10.egg-info/dependency_links.txt
[0.601s] -- Installing: /home/duallife/projects/urdf/install/interface/local/lib/python3.10/dist-packages/interface-0.0.0-py3.10.egg-info/PKG-INFO
[0.602s] -- Installing: /home/duallife/projects/urdf/install/interface/local/lib/python3.10/dist-packages/interface-0.0.0-py3.10.egg-info/top_level.txt
[0.602s] -- Installing: /home/duallife/projects/urdf/install/interface/local/lib/python3.10/dist-packages/interface-0.0.0-py3.10.egg-info/SOURCES.txt
[0.602s] -- Up-to-date: /home/duallife/projects/urdf/install/interface/local/lib/python3.10/dist-packages/interface
[0.602s] -- Up-to-date: /home/duallife/projects/urdf/install/interface/local/lib/python3.10/dist-packages/interface/interface_s__rosidl_typesupport_fastrtps_c.cpython-310-x86_64-linux-gnu.so
[0.602s] -- Up-to-date: /home/duallife/projects/urdf/install/interface/local/lib/python3.10/dist-packages/interface/_interface_s.ep.rosidl_typesupport_introspection_c.c
[0.602s] -- Up-to-date: /home/duallife/projects/urdf/install/interface/local/lib/python3.10/dist-packages/interface/interface_s__rosidl_typesupport_c.cpython-310-x86_64-linux-gnu.so
[0.602s] -- Up-to-date: /home/duallife/projects/urdf/install/interface/local/lib/python3.10/dist-packages/interface/_interface_s.ep.rosidl_typesupport_c.c
[0.602s] -- Up-to-date: /home/duallife/projects/urdf/install/interface/local/lib/python3.10/dist-packages/interface/__init__.py
[0.602s] -- Up-to-date: /home/duallife/projects/urdf/install/interface/local/lib/python3.10/dist-packages/interface/_interface_s.ep.rosidl_typesupport_fastrtps_c.c
[0.602s] -- Up-to-date: /home/duallife/projects/urdf/install/interface/local/lib/python3.10/dist-packages/interface/libinterface__rosidl_generator_py.so
[0.602s] -- Up-to-date: /home/duallife/projects/urdf/install/interface/local/lib/python3.10/dist-packages/interface/msg
[0.602s] -- Up-to-date: /home/duallife/projects/urdf/install/interface/local/lib/python3.10/dist-packages/interface/msg/__init__.py
[0.602s] -- Up-to-date: /home/duallife/projects/urdf/install/interface/local/lib/python3.10/dist-packages/interface/msg/_joint_angle.py
[0.602s] -- Up-to-date: /home/duallife/projects/urdf/install/interface/local/lib/python3.10/dist-packages/interface/msg/_joint_angle_s.c
[0.603s] -- Up-to-date: /home/duallife/projects/urdf/install/interface/local/lib/python3.10/dist-packages/interface/interface_s__rosidl_typesupport_introspection_c.cpython-310-x86_64-linux-gnu.so
[0.626s] Listing '/home/duallife/projects/urdf/install/interface/local/lib/python3.10/dist-packages/interface'...
[0.626s] Listing '/home/duallife/projects/urdf/install/interface/local/lib/python3.10/dist-packages/interface/msg'...
[0.629s] -- Up-to-date: /home/duallife/projects/urdf/install/interface/local/lib/python3.10/dist-packages/interface/interface_s__rosidl_typesupport_fastrtps_c.cpython-310-x86_64-linux-gnu.so
[0.629s] -- Up-to-date: /home/duallife/projects/urdf/install/interface/local/lib/python3.10/dist-packages/interface/interface_s__rosidl_typesupport_introspection_c.cpython-310-x86_64-linux-gnu.so
[0.630s] -- Up-to-date: /home/duallife/projects/urdf/install/interface/local/lib/python3.10/dist-packages/interface/interface_s__rosidl_typesupport_c.cpython-310-x86_64-linux-gnu.so
[0.630s] -- Up-to-date: /home/duallife/projects/urdf/install/interface/lib/libinterface__rosidl_generator_py.so
[0.630s] -- Up-to-date: /home/duallife/projects/urdf/install/interface/share/interface/msg/JointAngle.idl
[0.630s] -- Up-to-date: /home/duallife/projects/urdf/install/interface/share/interface/msg/JointAngle.msg
[0.631s] -- Up-to-date: /home/duallife/projects/urdf/install/interface/share/ament_index/resource_index/package_run_dependencies/interface
[0.631s] -- Up-to-date: /home/duallife/projects/urdf/install/interface/share/ament_index/resource_index/parent_prefix_path/interface
[0.631s] -- Up-to-date: /home/duallife/projects/urdf/install/interface/share/interface/environment/ament_prefix_path.sh
[0.631s] -- Up-to-date: /home/duallife/projects/urdf/install/interface/share/interface/environment/ament_prefix_path.dsv
[0.631s] -- Up-to-date: /home/duallife/projects/urdf/install/interface/share/interface/environment/path.sh
[0.631s] -- Up-to-date: /home/duallife/projects/urdf/install/interface/share/interface/environment/path.dsv
[0.631s] -- Up-to-date: /home/duallife/projects/urdf/install/interface/share/interface/local_setup.bash
[0.631s] -- Up-to-date: /home/duallife/projects/urdf/install/interface/share/interface/local_setup.sh
[0.631s] -- Up-to-date: /home/duallife/projects/urdf/install/interface/share/interface/local_setup.zsh
[0.631s] -- Up-to-date: /home/duallife/projects/urdf/install/interface/share/interface/local_setup.dsv
[0.631s] -- Installing: /home/duallife/projects/urdf/install/interface/share/interface/package.dsv
[0.631s] -- Up-to-date: /home/duallife/projects/urdf/install/interface/share/ament_index/resource_index/packages/interface
[0.632s] -- Up-to-date: /home/duallife/projects/urdf/install/interface/share/interface/cmake/export_interface__rosidl_generator_cExport.cmake
[0.632s] -- Up-to-date: /home/duallife/projects/urdf/install/interface/share/interface/cmake/export_interface__rosidl_generator_cExport-noconfig.cmake
[0.632s] -- Up-to-date: /home/duallife/projects/urdf/install/interface/share/interface/cmake/export_interface__rosidl_typesupport_fastrtps_cExport.cmake
[0.633s] -- Up-to-date: /home/duallife/projects/urdf/install/interface/share/interface/cmake/export_interface__rosidl_typesupport_fastrtps_cExport-noconfig.cmake
[0.633s] -- Up-to-date: /home/duallife/projects/urdf/install/interface/share/interface/cmake/interface__rosidl_typesupport_introspection_cExport.cmake
[0.633s] -- Up-to-date: /home/duallife/projects/urdf/install/interface/share/interface/cmake/interface__rosidl_typesupport_introspection_cExport-noconfig.cmake
[0.633s] -- Up-to-date: /home/duallife/projects/urdf/install/interface/share/interface/cmake/interface__rosidl_typesupport_cExport.cmake
[0.633s] -- Up-to-date: /home/duallife/projects/urdf/install/interface/share/interface/cmake/interface__rosidl_typesupport_cExport-noconfig.cmake
[0.633s] -- Up-to-date: /home/duallife/projects/urdf/install/interface/share/interface/cmake/export_interface__rosidl_generator_cppExport.cmake
[0.634s] -- Up-to-date: /home/duallife/projects/urdf/install/interface/share/interface/cmake/export_interface__rosidl_typesupport_fastrtps_cppExport.cmake
[0.634s] -- Up-to-date: /home/duallife/projects/urdf/install/interface/share/interface/cmake/export_interface__rosidl_typesupport_fastrtps_cppExport-noconfig.cmake
[0.634s] -- Up-to-date: /home/duallife/projects/urdf/install/interface/share/interface/cmake/interface__rosidl_typesupport_introspection_cppExport.cmake
[0.634s] -- Up-to-date: /home/duallife/projects/urdf/install/interface/share/interface/cmake/interface__rosidl_typesupport_introspection_cppExport-noconfig.cmake
[0.634s] -- Up-to-date: /home/duallife/projects/urdf/install/interface/share/interface/cmake/interface__rosidl_typesupport_cppExport.cmake
[0.635s] -- Up-to-date: /home/duallife/projects/urdf/install/interface/share/interface/cmake/interface__rosidl_typesupport_cppExport-noconfig.cmake
[0.635s] -- Up-to-date: /home/duallife/projects/urdf/install/interface/share/interface/cmake/export_interface__rosidl_generator_pyExport.cmake
[0.635s] -- Up-to-date: /home/duallife/projects/urdf/install/interface/share/interface/cmake/export_interface__rosidl_generator_pyExport-noconfig.cmake
[0.635s] -- Up-to-date: /home/duallife/projects/urdf/install/interface/share/interface/cmake/rosidl_cmake-extras.cmake
[0.635s] -- Up-to-date: /home/duallife/projects/urdf/install/interface/share/interface/cmake/ament_cmake_export_include_directories-extras.cmake
[0.635s] -- Up-to-date: /home/duallife/projects/urdf/install/interface/share/interface/cmake/ament_cmake_export_libraries-extras.cmake
[0.635s] -- Up-to-date: /home/duallife/projects/urdf/install/interface/share/interface/cmake/ament_cmake_export_targets-extras.cmake
[0.635s] -- Up-to-date: /home/duallife/projects/urdf/install/interface/share/interface/cmake/rosidl_cmake_export_typesupport_targets-extras.cmake
[0.635s] -- Up-to-date: /home/duallife/projects/urdf/install/interface/share/interface/cmake/ament_cmake_export_dependencies-extras.cmake
[0.635s] -- Up-to-date: /home/duallife/projects/urdf/install/interface/share/interface/cmake/rosidl_cmake_export_typesupport_libraries-extras.cmake
[0.635s] -- Up-to-date: /home/duallife/projects/urdf/install/interface/share/interface/cmake/interfaceConfig.cmake
[0.635s] -- Up-to-date: /home/duallife/projects/urdf/install/interface/share/interface/cmake/interfaceConfig-version.cmake
[0.635s] -- Up-to-date: /home/duallife/projects/urdf/install/interface/share/interface/package.xml
[0.638s] Invoked command in '/home/duallife/projects/urdf/build/interface' returned '0': CMAKE_PREFIX_PATH=${CMAKE_PREFIX_PATH}:/home/duallife/projects/urdf/install/robo6:/opt/ros/humble /usr/bin/cmake --install /home/duallife/projects/urdf/build/interface
