-- Install configuration: ""
-- Up-to-date: /home/duallife/projects/urdf/install/robov2description/share/ament_index/resource_index/package_run_dependencies/robov2description
-- Up-to-date: /home/duallife/projects/urdf/install/robov2description/share/ament_index/resource_index/parent_prefix_path/robov2description
-- Up-to-date: /home/duallife/projects/urdf/install/robov2description/share/robov2description/environment/ament_prefix_path.sh
-- Up-to-date: /home/duallife/projects/urdf/install/robov2description/share/robov2description/environment/ament_prefix_path.dsv
-- Up-to-date: /home/duallife/projects/urdf/install/robov2description/share/robov2description/environment/path.sh
-- Up-to-date: /home/duallife/projects/urdf/install/robov2description/share/robov2description/environment/path.dsv
-- Up-to-date: /home/duallife/projects/urdf/install/robov2description/share/robov2description/local_setup.bash
-- Up-to-date: /home/duallife/projects/urdf/install/robov2description/share/robov2description/local_setup.sh
-- Up-to-date: /home/duallife/projects/urdf/install/robov2description/share/robov2description/local_setup.zsh
-- Up-to-date: /home/duallife/projects/urdf/install/robov2description/share/robov2description/local_setup.dsv
-- Installing: /home/duallife/projects/urdf/install/robov2description/share/robov2description/package.dsv
-- Up-to-date: /home/duallife/projects/urdf/install/robov2description/share/ament_index/resource_index/packages/robov2description
-- Up-to-date: /home/duallife/projects/urdf/install/robov2description/share/robov2description/cmake/robov2descriptionConfig.cmake
-- Up-to-date: /home/duallife/projects/urdf/install/robov2description/share/robov2description/cmake/robov2descriptionConfig-version.cmake
-- Up-to-date: /home/duallife/projects/urdf/install/robov2description/share/robov2description/package.xml
-- Up-to-date: /home/duallife/projects/urdf/install/robov2description/share/robov2description/launch
-- Up-to-date: /home/duallife/projects/urdf/install/robov2description/share/robov2description/launch/warehouse_db.launch.py
-- Up-to-date: /home/duallife/projects/urdf/install/robov2description/share/robov2description/launch/gazebo_moveit_rviz.launch.py
-- Up-to-date: /home/duallife/projects/urdf/install/robov2description/share/robov2description/launch/move_group.launch.py
-- Up-to-date: /home/duallife/projects/urdf/install/robov2description/share/robov2description/launch/spawn_controllers.launch.py
-- Up-to-date: /home/duallife/projects/urdf/install/robov2description/share/robov2description/launch/rsp.launch.py
-- Up-to-date: /home/duallife/projects/urdf/install/robov2description/share/robov2description/launch/botlaunch.launch.py
-- Up-to-date: /home/duallife/projects/urdf/install/robov2description/share/robov2description/launch/static_virtual_joint_tfs.launch.py
-- Up-to-date: /home/duallife/projects/urdf/install/robov2description/share/robov2description/launch/gazebo.launch.py
-- Up-to-date: /home/duallife/projects/urdf/install/robov2description/share/robov2description/launch/demo.launch.py
-- Up-to-date: /home/duallife/projects/urdf/install/robov2description/share/robov2description/launch/setup_assistant.launch.py
-- Up-to-date: /home/duallife/projects/urdf/install/robov2description/share/robov2description/launch/moveit_rviz.launch.py
-- Up-to-date: /home/duallife/projects/urdf/install/robov2description/share/robov2description/config
-- Up-to-date: /home/duallife/projects/urdf/install/robov2description/share/robov2description/config/moveit.rviz
-- Up-to-date: /home/duallife/projects/urdf/install/robov2description/share/robov2description/config/pilz_cartesian_limits.yaml
-- Up-to-date: /home/duallife/projects/urdf/install/robov2description/share/robov2description/config/ros2_controllers.yaml
-- Up-to-date: /home/duallife/projects/urdf/install/robov2description/share/robov2description/config/ROBOv2.srdf
-- Up-to-date: /home/duallife/projects/urdf/install/robov2description/share/robov2description/config/kinematics.yaml
-- Up-to-date: /home/duallife/projects/urdf/install/robov2description/share/robov2description/config/initial_positions.yaml
-- Up-to-date: /home/duallife/projects/urdf/install/robov2description/share/robov2description/config/moveit_controllers.yaml
-- Up-to-date: /home/duallife/projects/urdf/install/robov2description/share/robov2description/config/gazebo_ROBOv2.urdf.xacro
-- Up-to-date: /home/duallife/projects/urdf/install/robov2description/share/robov2description/config/ROBOv2.urdf.xacro
-- Up-to-date: /home/duallife/projects/urdf/install/robov2description/share/robov2description/config/joint_limits.yaml
-- Up-to-date: /home/duallife/projects/urdf/install/robov2description/share/robov2description/config/ROBOv2.ros2_control.xacro
-- Up-to-date: /home/duallife/projects/urdf/install/robov2description/share/robov2description/.setup_assistant
