[0.009s] Invoking command in '/home/duallife/projects/urdf/build/interface': CMAKE_PREFIX_PATH=/opt/ros/humble /usr/bin/cmake /home/duallife/projects/urdf/interface -DCMAKE_INSTALL_PREFIX=/home/duallife/projects/urdf/install/interface
[0.019s] -- Found ament_cmake: 1.3.9 (/opt/ros/humble/share/ament_cmake/cmake)
[0.103s] -- Found rosidl_default_generators: 1.2.0 (/opt/ros/humble/share/rosidl_default_generators/cmake)
[0.104s] -- Using all available rosidl_typesupport_c: rosidl_typesupport_fastrtps_c;rosidl_typesupport_introspection_c
[0.105s] -- Found rosidl_adapter: 3.1.5 (/opt/ros/humble/share/rosidl_adapter/cmake)
[0.126s] -- Using all available rosidl_typesupport_cpp: rosidl_typesupport_fastrtps_cpp;rosidl_typesupport_introspection_cpp
[0.256s] [31mCMake Error at /opt/ros/humble/share/rosidl_adapter/cmake/rosidl_adapt_interfaces.cmake:59 (message):
[0.257s]   execute_process(/usr/bin/python3 -m rosidl_adapter --package-name interface
[0.257s]   --arguments-file
[0.257s]   /home/duallife/projects/urdf/build/interface/rosidl_adapter__arguments__interface.json
[0.257s]   --output-dir
[0.257s]   /home/duallife/projects/urdf/build/interface/rosidl_adapter/interface
[0.257s]   --output-file
[0.257s]   /home/duallife/projects/urdf/build/interface/rosidl_adapter/interface.idls)
[0.257s]   returned error code 1:
[0.257s] 
[0.257s]   Error processing 'float32 J1' of 'interface/JointAngle': ''J1' is an
[0.257s]   invalid field name.  It should have the pattern
[0.258s]   '^(?!.*__)(?!.*_$)[a-z][a-z0-9_]*$''
[0.258s] 
[0.258s]   Traceback (most recent call last):
[0.258s] 
[0.258s]     File "/usr/lib/python3.10/runpy.py", line 196, in _run_module_as_main
[0.258s]       return _run_code(code, main_globals, None,
[0.258s]     File "/usr/lib/python3.10/runpy.py", line 86, in _run_code
[0.258s]       exec(code, run_globals)
[0.258s]     File "/opt/ros/humble/local/lib/python3.10/dist-packages/rosidl_adapter/__main__.py", line 19, in <module>
[0.258s]       sys.exit(main())
[0.258s]     File "/opt/ros/humble/local/lib/python3.10/dist-packages/rosidl_adapter/main.py", line 53, in main
[0.258s]       abs_idl_file = convert_to_idl(
[0.258s]     File "/opt/ros/humble/local/lib/python3.10/dist-packages/rosidl_adapter/__init__.py", line 19, in convert_to_idl
[0.258s]       return convert_msg_to_idl(
[0.258s]     File "/opt/ros/humble/local/lib/python3.10/dist-packages/rosidl_adapter/msg/__init__.py", line 28, in convert_msg_to_idl
[0.258s]       msg = parse_message_string(package_name, input_file.stem, content)
[0.258s]     File "/opt/ros/humble/local/lib/python3.10/dist-packages/rosidl_adapter/parser.py", line 519, in parse_message_string
[0.258s]       fields.append(Field(
[0.258s]     File "/opt/ros/humble/local/lib/python3.10/dist-packages/rosidl_adapter/parser.py", line 354, in __init__
[0.258s]       raise NameError(
[0.258s] 
[0.258s]   NameError: 'J1' is an invalid field name.  It should have the pattern
[0.258s]   '^(?!.*__)(?!.*_$)[a-z][a-z0-9_]*$'
[0.259s] 
[0.259s] Call Stack (most recent call first):
[0.259s]   /opt/ros/humble/share/rosidl_cmake/cmake/rosidl_generate_interfaces.cmake:130 (rosidl_adapt_interfaces)
[0.259s]   CMakeLists.txt:12 (rosidl_generate_interfaces)
[0.259s] 
[0.259s] [0m
[0.259s] -- Configuring incomplete, errors occurred!
[0.259s] See also "/home/duallife/projects/urdf/build/interface/CMakeFiles/CMakeOutput.log".
[0.262s] Invoked command in '/home/duallife/projects/urdf/build/interface' returned '1': CMAKE_PREFIX_PATH=/opt/ros/humble /usr/bin/cmake /home/duallife/projects/urdf/interface -DCMAKE_INSTALL_PREFIX=/home/duallife/projects/urdf/install/interface
