[0.008s] Invoking command in '/home/duallife/projects/urdf/build/mybotv2': AMENT_PREFIX_PATH=/home/duallife/projects/urdf/install/ROBOv2:${AMENT_PREFIX_PATH} CMAKE_PREFIX_PATH=/opt/ros/humble PYTHONPATH=/home/duallife/projects/urdf/install/ROBOv2/lib/python3.10/site-packages:${PYTHONPATH} /usr/bin/cmake /home/duallife/projects/urdf/mybotv2 -DCMAKE_INSTALL_PREFIX=/home/duallife/projects/urdf/install/mybotv2
[0.095s] -- The C compiler identification is GNU 11.4.0
[0.185s] -- The CXX compiler identification is GNU 11.4.0
[0.194s] -- Detecting C compiler ABI info
[0.259s] -- Detecting C compiler ABI info - done
[0.263s] -- Check for working C compiler: /usr/bin/cc - skipped
[0.264s] -- Detecting C compile features
[0.264s] -- Detecting C compile features - done
[0.267s] -- Detecting CXX compiler ABI info
[0.338s] -- Detecting CXX compiler ABI info - done
[0.343s] -- Check for working CXX compiler: /usr/bin/c++ - skipped
[0.343s] -- Detecting CXX compile features
[0.343s] -- Detecting CXX compile features - done
[0.346s] -- Found ament_cmake: 1.3.9 (/opt/ros/humble/share/ament_cmake/cmake)
[0.458s] -- Found Python3: /usr/bin/python3 (found version "3.10.12") found components: Interpreter 
[0.577s] -- Configuring done
[0.579s] -- Generating done
[0.580s] -- Build files have been written to: /home/duallife/projects/urdf/build/mybotv2
[0.584s] Invoked command in '/home/duallife/projects/urdf/build/mybotv2' returned '0': AMENT_PREFIX_PATH=/home/duallife/projects/urdf/install/ROBOv2:${AMENT_PREFIX_PATH} CMAKE_PREFIX_PATH=/opt/ros/humble PYTHONPATH=/home/duallife/projects/urdf/install/ROBOv2/lib/python3.10/site-packages:${PYTHONPATH} /usr/bin/cmake /home/duallife/projects/urdf/mybotv2 -DCMAKE_INSTALL_PREFIX=/home/duallife/projects/urdf/install/mybotv2
[0.586s] Invoking command in '/home/duallife/projects/urdf/build/mybotv2': AMENT_PREFIX_PATH=/home/duallife/projects/urdf/install/ROBOv2:${AMENT_PREFIX_PATH} CMAKE_PREFIX_PATH=/opt/ros/humble PYTHONPATH=/home/duallife/projects/urdf/install/ROBOv2/lib/python3.10/site-packages:${PYTHONPATH} /usr/bin/cmake --build /home/duallife/projects/urdf/build/mybotv2 -- -j16 -l16
[0.618s] Invoked command in '/home/duallife/projects/urdf/build/mybotv2' returned '0': AMENT_PREFIX_PATH=/home/duallife/projects/urdf/install/ROBOv2:${AMENT_PREFIX_PATH} CMAKE_PREFIX_PATH=/opt/ros/humble PYTHONPATH=/home/duallife/projects/urdf/install/ROBOv2/lib/python3.10/site-packages:${PYTHONPATH} /usr/bin/cmake --build /home/duallife/projects/urdf/build/mybotv2 -- -j16 -l16
[0.646s] Invoking command in '/home/duallife/projects/urdf/build/mybotv2': AMENT_PREFIX_PATH=/home/duallife/projects/urdf/install/ROBOv2:${AMENT_PREFIX_PATH} CMAKE_PREFIX_PATH=/opt/ros/humble PYTHONPATH=/home/duallife/projects/urdf/install/ROBOv2/lib/python3.10/site-packages:${PYTHONPATH} /usr/bin/cmake --install /home/duallife/projects/urdf/build/mybotv2
[0.652s] -- Install configuration: ""
[0.652s] -- Installing: /home/duallife/projects/urdf/install/mybotv2/share/ament_index/resource_index/package_run_dependencies/mybotv2
[0.652s] -- Installing: /home/duallife/projects/urdf/install/mybotv2/share/ament_index/resource_index/parent_prefix_path/mybotv2
[0.653s] -- Installing: /home/duallife/projects/urdf/install/mybotv2/share/mybotv2/environment/ament_prefix_path.sh
[0.653s] -- Installing: /home/duallife/projects/urdf/install/mybotv2/share/mybotv2/environment/ament_prefix_path.dsv
[0.653s] -- Installing: /home/duallife/projects/urdf/install/mybotv2/share/mybotv2/environment/path.sh
[0.653s] -- Installing: /home/duallife/projects/urdf/install/mybotv2/share/mybotv2/environment/path.dsv
[0.653s] -- Installing: /home/duallife/projects/urdf/install/mybotv2/share/mybotv2/local_setup.bash
[0.653s] -- Installing: /home/duallife/projects/urdf/install/mybotv2/share/mybotv2/local_setup.sh
[0.653s] -- Installing: /home/duallife/projects/urdf/install/mybotv2/share/mybotv2/local_setup.zsh
[0.653s] -- Installing: /home/duallife/projects/urdf/install/mybotv2/share/mybotv2/local_setup.dsv
[0.653s] -- Installing: /home/duallife/projects/urdf/install/mybotv2/share/mybotv2/package.dsv
[0.654s] -- Installing: /home/duallife/projects/urdf/install/mybotv2/share/ament_index/resource_index/packages/mybotv2
[0.654s] -- Installing: /home/duallife/projects/urdf/install/mybotv2/share/mybotv2/cmake/mybotv2Config.cmake
[0.654s] -- Installing: /home/duallife/projects/urdf/install/mybotv2/share/mybotv2/cmake/mybotv2Config-version.cmake
[0.654s] -- Installing: /home/duallife/projects/urdf/install/mybotv2/share/mybotv2/package.xml
[0.654s] -- Installing: /home/duallife/projects/urdf/install/mybotv2/share/mybotv2/launch
[0.654s] -- Installing: /home/duallife/projects/urdf/install/mybotv2/share/mybotv2/launch/warehouse_db.launch.py
[0.654s] -- Installing: /home/duallife/projects/urdf/install/mybotv2/share/mybotv2/launch/gazebo_moveit_rviz.launch.py
[0.654s] -- Installing: /home/duallife/projects/urdf/install/mybotv2/share/mybotv2/launch/move_group.launch.py
[0.654s] -- Installing: /home/duallife/projects/urdf/install/mybotv2/share/mybotv2/launch/spawn_controllers.launch.py
[0.655s] -- Installing: /home/duallife/projects/urdf/install/mybotv2/share/mybotv2/launch/rsp.launch.py
[0.655s] -- Installing: /home/duallife/projects/urdf/install/mybotv2/share/mybotv2/launch/botlaunch.launch.py
[0.655s] -- Installing: /home/duallife/projects/urdf/install/mybotv2/share/mybotv2/launch/static_virtual_joint_tfs.launch.py
[0.655s] -- Installing: /home/duallife/projects/urdf/install/mybotv2/share/mybotv2/launch/gazebo.launch.py
[0.655s] -- Installing: /home/duallife/projects/urdf/install/mybotv2/share/mybotv2/launch/demo.launch.py
[0.655s] -- Installing: /home/duallife/projects/urdf/install/mybotv2/share/mybotv2/launch/setup_assistant.launch.py
[0.655s] -- Installing: /home/duallife/projects/urdf/install/mybotv2/share/mybotv2/launch/moveit_rviz.launch.py
[0.655s] -- Installing: /home/duallife/projects/urdf/install/mybotv2/share/mybotv2/config
[0.655s] -- Installing: /home/duallife/projects/urdf/install/mybotv2/share/mybotv2/config/moveit.rviz
[0.655s] -- Installing: /home/duallife/projects/urdf/install/mybotv2/share/mybotv2/config/pilz_cartesian_limits.yaml
[0.656s] -- Installing: /home/duallife/projects/urdf/install/mybotv2/share/mybotv2/config/ros2_controllers.yaml
[0.656s] -- Installing: /home/duallife/projects/urdf/install/mybotv2/share/mybotv2/config/ROBOv2.srdf
[0.656s] -- Installing: /home/duallife/projects/urdf/install/mybotv2/share/mybotv2/config/kinematics.yaml
[0.656s] -- Installing: /home/duallife/projects/urdf/install/mybotv2/share/mybotv2/config/initial_positions.yaml
[0.656s] -- Installing: /home/duallife/projects/urdf/install/mybotv2/share/mybotv2/config/moveit_controllers.yaml
[0.656s] -- Installing: /home/duallife/projects/urdf/install/mybotv2/share/mybotv2/config/gazebo_ROBOv2.urdf.xacro
[0.656s] -- Installing: /home/duallife/projects/urdf/install/mybotv2/share/mybotv2/config/ROBOv2.urdf.xacro
[0.656s] -- Installing: /home/duallife/projects/urdf/install/mybotv2/share/mybotv2/config/joint_limits.yaml
[0.656s] -- Installing: /home/duallife/projects/urdf/install/mybotv2/share/mybotv2/config/ROBOv2.ros2_control.xacro
[0.657s] -- Installing: /home/duallife/projects/urdf/install/mybotv2/share/mybotv2/.setup_assistant
[0.658s] Invoked command in '/home/duallife/projects/urdf/build/mybotv2' returned '0': AMENT_PREFIX_PATH=/home/duallife/projects/urdf/install/ROBOv2:${AMENT_PREFIX_PATH} CMAKE_PREFIX_PATH=/opt/ros/humble PYTHONPATH=/home/duallife/projects/urdf/install/ROBOv2/lib/python3.10/site-packages:${PYTHONPATH} /usr/bin/cmake --install /home/duallife/projects/urdf/build/mybotv2
