[0.009s] Invoking command in '/home/duallife/projects/urdf/build/interface': CMAKE_PREFIX_PATH=/opt/ros/humble /usr/bin/cmake /home/duallife/projects/urdf/interface -DCMAKE_INSTALL_PREFIX=/home/duallife/projects/urdf/install/interface
[0.106s] -- The C compiler identification is GNU 11.4.0
[0.197s] -- The CXX compiler identification is GNU 11.4.0
[0.205s] -- Detecting C compiler ABI info
[0.269s] -- Detecting C compiler ABI info - done
[0.274s] -- Check for working C compiler: /usr/bin/cc - skipped
[0.274s] -- Detecting C compile features
[0.274s] -- Detecting C compile features - done
[0.277s] -- Detecting CXX compiler ABI info
[0.349s] -- Detecting CXX compiler ABI info - done
[0.353s] -- Check for working CXX compiler: /usr/bin/c++ - skipped
[0.354s] -- Detecting CXX compile features
[0.354s] -- Detecting CXX compile features - done
[0.356s] -- Found ament_cmake: 1.3.9 (/opt/ros/humble/share/ament_cmake/cmake)
[0.466s] -- Found Python3: /usr/bin/python3 (found version "3.10.12") found components: Interpreter 
[0.540s] -- Found rosidl_default_generators: 1.2.0 (/opt/ros/humble/share/rosidl_default_generators/cmake)
[0.543s] -- Using all available rosidl_typesupport_c: rosidl_typesupport_fastrtps_c;rosidl_typesupport_introspection_c
[0.550s] -- Found rosidl_adapter: 3.1.5 (/opt/ros/humble/share/rosidl_adapter/cmake)
[0.592s] -- Using all available rosidl_typesupport_cpp: rosidl_typesupport_fastrtps_cpp;rosidl_typesupport_introspection_cpp
[0.625s] [31mCMake Error at /opt/ros/humble/share/rosidl_cmake/cmake/rosidl_generate_interfaces.cmake:93 (message):
[0.625s]   rosidl_generate_interfaces() the passed file 'msg/JointAngle.msg' doesn't
[0.625s]   exist relative to the CMAKE_CURRENT_SOURCE_DIR
[0.625s]   '/home/duallife/projects/urdf/interface'
[0.626s] Call Stack (most recent call first):
[0.626s]   CMakeLists.txt:12 (rosidl_generate_interfaces)
[0.626s] 
[0.626s] [0m
[0.626s] -- Configuring incomplete, errors occurred!
[0.626s] See also "/home/duallife/projects/urdf/build/interface/CMakeFiles/CMakeOutput.log".
[0.630s] Invoked command in '/home/duallife/projects/urdf/build/interface' returned '1': CMAKE_PREFIX_PATH=/opt/ros/humble /usr/bin/cmake /home/duallife/projects/urdf/interface -DCMAKE_INSTALL_PREFIX=/home/duallife/projects/urdf/install/interface
