[0.075s] DEBUG:colcon:Command line arguments: ['/usr/bin/colcon', 'build']
[0.075s] DEBUG:colcon:Parsed command line arguments: Namespace(log_base=None, log_level=None, verb_name='build', build_base='build', install_base='install', merge_install=False, symlink_install=False, test_result_base=None, continue_on_error=False, executor='parallel', parallel_workers=16, event_handlers=None, ignore_user_meta=False, metas=['./colcon.meta'], base_paths=['.'], packages_ignore=None, packages_ignore_regex=None, paths=None, packages_up_to=None, packages_up_to_regex=None, packages_above=None, packages_above_and_dependencies=None, packages_above_depth=None, packages_select_by_dep=None, packages_skip_by_dep=None, packages_skip_up_to=None, packages_select_build_failed=False, packages_skip_build_finished=False, packages_select_test_failures=False, packages_skip_test_passed=False, packages_select=None, packages_skip=None, packages_select_regex=None, packages_skip_regex=None, packages_start=None, packages_end=None, allow_overriding=[], cmake_args=None, cmake_target=None, cmake_target_skip_unavailable=False, cmake_clean_cache=False, cmake_clean_first=False, cmake_force_configure=False, ament_cmake_args=None, catkin_cmake_args=None, catkin_skip_building_tests=False, verb_parser=<colcon_defaults.argument_parser.defaults.DefaultArgumentsDecorator object at 0x7e8a97d463b0>, verb_extension=<colcon_core.verb.build.BuildVerb object at 0x7e8a97d45e70>, main=<bound method BuildVerb.main of <colcon_core.verb.build.BuildVerb object at 0x7e8a97d45e70>>)
[0.202s] Level 1:colcon.colcon_core.package_discovery:discover_packages(colcon_meta) check parameters
[0.202s] Level 1:colcon.colcon_core.package_discovery:discover_packages(recursive) check parameters
[0.202s] Level 1:colcon.colcon_core.package_discovery:discover_packages(ignore) check parameters
[0.202s] Level 1:colcon.colcon_core.package_discovery:discover_packages(path) check parameters
[0.202s] Level 1:colcon.colcon_core.package_discovery:discover_packages(colcon_meta) discover
[0.202s] Level 1:colcon.colcon_core.package_discovery:discover_packages(recursive) discover
[0.202s] INFO:colcon.colcon_core.package_discovery:Crawling recursively for packages in '/home/duallife/projects/urdf'
[0.202s] Level 1:colcon.colcon_core.package_identification:_identify(.) by extensions ['ignore', 'ignore_ament_install']
[0.203s] Level 1:colcon.colcon_core.package_identification:_identify(.) by extension 'ignore'
[0.203s] Level 1:colcon.colcon_core.package_identification:_identify(.) by extension 'ignore_ament_install'
[0.203s] Level 1:colcon.colcon_core.package_identification:_identify(.) by extensions ['colcon_pkg']
[0.203s] Level 1:colcon.colcon_core.package_identification:_identify(.) by extension 'colcon_pkg'
[0.203s] Level 1:colcon.colcon_core.package_identification:_identify(.) by extensions ['colcon_meta']
[0.203s] Level 1:colcon.colcon_core.package_identification:_identify(.) by extension 'colcon_meta'
[0.203s] Level 1:colcon.colcon_core.package_identification:_identify(.) by extensions ['ros']
[0.203s] Level 1:colcon.colcon_core.package_identification:_identify(.) by extension 'ros'
[0.211s] Level 1:colcon.colcon_core.package_identification:_identify(.) by extensions ['cmake', 'python']
[0.211s] Level 1:colcon.colcon_core.package_identification:_identify(.) by extension 'cmake'
[0.211s] Level 1:colcon.colcon_core.package_identification:_identify(.) by extension 'python'
[0.211s] Level 1:colcon.colcon_core.package_identification:_identify(.) by extensions ['python_setup_py']
[0.211s] Level 1:colcon.colcon_core.package_identification:_identify(.) by extension 'python_setup_py'
[0.211s] Level 1:colcon.colcon_core.package_identification:_identify(build) by extensions ['ignore', 'ignore_ament_install']
[0.211s] Level 1:colcon.colcon_core.package_identification:_identify(build) by extension 'ignore'
[0.211s] Level 1:colcon.colcon_core.package_identification:_identify(build) ignored
[0.211s] Level 1:colcon.colcon_core.package_identification:_identify(install) by extensions ['ignore', 'ignore_ament_install']
[0.211s] Level 1:colcon.colcon_core.package_identification:_identify(install) by extension 'ignore'
[0.211s] Level 1:colcon.colcon_core.package_identification:_identify(install) ignored
[0.211s] Level 1:colcon.colcon_core.package_identification:_identify(log) by extensions ['ignore', 'ignore_ament_install']
[0.211s] Level 1:colcon.colcon_core.package_identification:_identify(log) by extension 'ignore'
[0.211s] Level 1:colcon.colcon_core.package_identification:_identify(log) ignored
[0.211s] Level 1:colcon.colcon_core.package_identification:_identify(mybot) by extensions ['ignore', 'ignore_ament_install']
[0.211s] Level 1:colcon.colcon_core.package_identification:_identify(mybot) by extension 'ignore'
[0.211s] Level 1:colcon.colcon_core.package_identification:_identify(mybot) by extension 'ignore_ament_install'
[0.211s] Level 1:colcon.colcon_core.package_identification:_identify(mybot) by extensions ['colcon_pkg']
[0.211s] Level 1:colcon.colcon_core.package_identification:_identify(mybot) by extension 'colcon_pkg'
[0.212s] Level 1:colcon.colcon_core.package_identification:_identify(mybot) by extensions ['colcon_meta']
[0.212s] Level 1:colcon.colcon_core.package_identification:_identify(mybot) by extension 'colcon_meta'
[0.212s] Level 1:colcon.colcon_core.package_identification:_identify(mybot) by extensions ['ros']
[0.212s] Level 1:colcon.colcon_core.package_identification:_identify(mybot) by extension 'ros'
[0.213s] DEBUG:colcon.colcon_core.package_identification:Package 'mybot' with type 'ros.ament_cmake' and name 'mybot'
[0.214s] Level 1:colcon.colcon_core.package_identification:_identify(robo6) by extensions ['ignore', 'ignore_ament_install']
[0.214s] Level 1:colcon.colcon_core.package_identification:_identify(robo6) by extension 'ignore'
[0.214s] Level 1:colcon.colcon_core.package_identification:_identify(robo6) by extension 'ignore_ament_install'
[0.214s] Level 1:colcon.colcon_core.package_identification:_identify(robo6) by extensions ['colcon_pkg']
[0.214s] Level 1:colcon.colcon_core.package_identification:_identify(robo6) by extension 'colcon_pkg'
[0.214s] Level 1:colcon.colcon_core.package_identification:_identify(robo6) by extensions ['colcon_meta']
[0.214s] Level 1:colcon.colcon_core.package_identification:_identify(robo6) by extension 'colcon_meta'
[0.214s] Level 1:colcon.colcon_core.package_identification:_identify(robo6) by extensions ['ros']
[0.214s] Level 1:colcon.colcon_core.package_identification:_identify(robo6) by extension 'ros'
[0.214s] DEBUG:colcon.colcon_core.package_identification:Package 'robo6' with type 'ros.ament_python' and name 'robo6'
[0.214s] Level 1:colcon.colcon_core.package_discovery:discover_packages(recursive) using defaults
[0.214s] Level 1:colcon.colcon_core.package_discovery:discover_packages(ignore) discover
[0.214s] Level 1:colcon.colcon_core.package_discovery:discover_packages(ignore) using defaults
[0.214s] Level 1:colcon.colcon_core.package_discovery:discover_packages(path) discover
[0.214s] Level 1:colcon.colcon_core.package_discovery:discover_packages(path) using defaults
[0.237s] Level 1:colcon.colcon_core.package_discovery:discover_packages(prefix_path) check parameters
[0.237s] Level 1:colcon.colcon_core.package_discovery:discover_packages(prefix_path) discover
[0.238s] DEBUG:colcon.colcon_installed_package_information.package_discovery:Found 2 installed packages in /home/duallife/projects/urdf/install
[0.240s] DEBUG:colcon.colcon_installed_package_information.package_discovery:Found 399 installed packages in /opt/ros/humble
[0.241s] Level 1:colcon.colcon_core.package_discovery:discover_packages(prefix_path) using defaults
[0.275s] Level 5:colcon.colcon_core.verb:set package 'robo6' build argument 'cmake_args' from command line to 'None'
[0.275s] Level 5:colcon.colcon_core.verb:set package 'robo6' build argument 'cmake_target' from command line to 'None'
[0.275s] Level 5:colcon.colcon_core.verb:set package 'robo6' build argument 'cmake_target_skip_unavailable' from command line to 'False'
[0.275s] Level 5:colcon.colcon_core.verb:set package 'robo6' build argument 'cmake_clean_cache' from command line to 'False'
[0.275s] Level 5:colcon.colcon_core.verb:set package 'robo6' build argument 'cmake_clean_first' from command line to 'False'
[0.275s] Level 5:colcon.colcon_core.verb:set package 'robo6' build argument 'cmake_force_configure' from command line to 'False'
[0.275s] Level 5:colcon.colcon_core.verb:set package 'robo6' build argument 'ament_cmake_args' from command line to 'None'
[0.275s] Level 5:colcon.colcon_core.verb:set package 'robo6' build argument 'catkin_cmake_args' from command line to 'None'
[0.275s] Level 5:colcon.colcon_core.verb:set package 'robo6' build argument 'catkin_skip_building_tests' from command line to 'False'
[0.275s] DEBUG:colcon.colcon_core.verb:Building package 'robo6' with the following arguments: {'ament_cmake_args': None, 'build_base': '/home/duallife/projects/urdf/build/robo6', 'catkin_cmake_args': None, 'catkin_skip_building_tests': False, 'cmake_args': None, 'cmake_clean_cache': False, 'cmake_clean_first': False, 'cmake_force_configure': False, 'cmake_target': None, 'cmake_target_skip_unavailable': False, 'install_base': '/home/duallife/projects/urdf/install/robo6', 'merge_install': False, 'path': '/home/duallife/projects/urdf/robo6', 'symlink_install': False, 'test_result_base': None}
[0.276s] Level 5:colcon.colcon_core.verb:set package 'mybot' build argument 'cmake_args' from command line to 'None'
[0.276s] Level 5:colcon.colcon_core.verb:set package 'mybot' build argument 'cmake_target' from command line to 'None'
[0.276s] Level 5:colcon.colcon_core.verb:set package 'mybot' build argument 'cmake_target_skip_unavailable' from command line to 'False'
[0.276s] Level 5:colcon.colcon_core.verb:set package 'mybot' build argument 'cmake_clean_cache' from command line to 'False'
[0.276s] Level 5:colcon.colcon_core.verb:set package 'mybot' build argument 'cmake_clean_first' from command line to 'False'
[0.276s] Level 5:colcon.colcon_core.verb:set package 'mybot' build argument 'cmake_force_configure' from command line to 'False'
[0.276s] Level 5:colcon.colcon_core.verb:set package 'mybot' build argument 'ament_cmake_args' from command line to 'None'
[0.276s] Level 5:colcon.colcon_core.verb:set package 'mybot' build argument 'catkin_cmake_args' from command line to 'None'
[0.276s] Level 5:colcon.colcon_core.verb:set package 'mybot' build argument 'catkin_skip_building_tests' from command line to 'False'
[0.276s] DEBUG:colcon.colcon_core.verb:Building package 'mybot' with the following arguments: {'ament_cmake_args': None, 'build_base': '/home/duallife/projects/urdf/build/mybot', 'catkin_cmake_args': None, 'catkin_skip_building_tests': False, 'cmake_args': None, 'cmake_clean_cache': False, 'cmake_clean_first': False, 'cmake_force_configure': False, 'cmake_target': None, 'cmake_target_skip_unavailable': False, 'install_base': '/home/duallife/projects/urdf/install/mybot', 'merge_install': False, 'path': '/home/duallife/projects/urdf/mybot', 'symlink_install': False, 'test_result_base': None}
[0.276s] INFO:colcon.colcon_core.executor:Executing jobs using 'parallel' executor
[0.277s] DEBUG:colcon.colcon_parallel_executor.executor.parallel:run_until_complete
[0.277s] INFO:colcon.colcon_ros.task.ament_python.build:Building ROS package in '/home/duallife/projects/urdf/robo6' with build type 'ament_python'
[0.277s] Level 1:colcon.colcon_core.shell:create_environment_hook('robo6', 'ament_prefix_path')
[0.279s] INFO:colcon.colcon_core.plugin_system:Skipping extension 'colcon_core.shell.bat': Not used on non-Windows systems
[0.279s] INFO:colcon.colcon_core.shell:Creating environment hook '/home/duallife/projects/urdf/install/robo6/share/robo6/hook/ament_prefix_path.ps1'
[0.279s] INFO:colcon.colcon_core.shell:Creating environment descriptor '/home/duallife/projects/urdf/install/robo6/share/robo6/hook/ament_prefix_path.dsv'
[0.279s] INFO:colcon.colcon_core.shell:Creating environment hook '/home/duallife/projects/urdf/install/robo6/share/robo6/hook/ament_prefix_path.sh'
[0.280s] INFO:colcon.colcon_core.shell:Skip shell extension 'powershell' for command environment: Not usable outside of PowerShell
[0.280s] DEBUG:colcon.colcon_core.shell:Skip shell extension 'dsv' for command environment
[0.475s] INFO:colcon.colcon_core.task.python.build:Building Python package in '/home/duallife/projects/urdf/robo6'
[0.475s] INFO:colcon.colcon_core.shell:Skip shell extension 'powershell' for command environment: Not usable outside of PowerShell
[0.475s] DEBUG:colcon.colcon_core.shell:Skip shell extension 'dsv' for command environment
[0.748s] DEBUG:colcon.colcon_core.event_handler.log_command:Invoking command in '/home/duallife/projects/urdf/robo6': PYTHONPATH=/home/duallife/projects/urdf/build/robo6/prefix_override:/usr/lib/python3/dist-packages/colcon_core/task/python/colcon_distutils_commands:/home/duallife/projects/urdf/install/robo6/lib/python3.10/site-packages:${PYTHONPATH} /usr/bin/python3 -W ignore:setup.py install is deprecated setup.py egg_info --egg-base ../build/robo6 build --build-base /home/duallife/projects/urdf/build/robo6/build install --record /home/duallife/projects/urdf/build/robo6/install.log --single-version-externally-managed install_data
[0.960s] DEBUG:colcon.colcon_core.event_handler.log_command:Invoked command in '/home/duallife/projects/urdf/robo6' returned '0': PYTHONPATH=/home/duallife/projects/urdf/build/robo6/prefix_override:/usr/lib/python3/dist-packages/colcon_core/task/python/colcon_distutils_commands:/home/duallife/projects/urdf/install/robo6/lib/python3.10/site-packages:${PYTHONPATH} /usr/bin/python3 -W ignore:setup.py install is deprecated setup.py egg_info --egg-base ../build/robo6 build --build-base /home/duallife/projects/urdf/build/robo6/build install --record /home/duallife/projects/urdf/build/robo6/install.log --single-version-externally-managed install_data
[0.961s] Level 1:colcon.colcon_core.environment:checking '/home/duallife/projects/urdf/install/robo6' for CMake module files
[0.962s] Level 1:colcon.colcon_core.environment:checking '/home/duallife/projects/urdf/install/robo6' for CMake config files
[0.962s] Level 1:colcon.colcon_core.environment:checking '/home/duallife/projects/urdf/install/robo6/lib'
[0.962s] Level 1:colcon.colcon_core.environment:checking '/home/duallife/projects/urdf/install/robo6/bin'
[0.962s] Level 1:colcon.colcon_core.environment:checking '/home/duallife/projects/urdf/install/robo6/lib/pkgconfig/robo6.pc'
[0.963s] Level 1:colcon.colcon_core.environment:checking '/home/duallife/projects/urdf/install/robo6/lib/python3.10/site-packages'
[0.963s] Level 1:colcon.colcon_core.shell:create_environment_hook('robo6', 'pythonpath')
[0.963s] INFO:colcon.colcon_core.shell:Creating environment hook '/home/duallife/projects/urdf/install/robo6/share/robo6/hook/pythonpath.ps1'
[0.963s] INFO:colcon.colcon_core.shell:Creating environment descriptor '/home/duallife/projects/urdf/install/robo6/share/robo6/hook/pythonpath.dsv'
[0.963s] INFO:colcon.colcon_core.shell:Creating environment hook '/home/duallife/projects/urdf/install/robo6/share/robo6/hook/pythonpath.sh'
[0.964s] Level 1:colcon.colcon_core.environment:checking '/home/duallife/projects/urdf/install/robo6/bin'
[0.964s] Level 1:colcon.colcon_core.environment:create_environment_scripts_only(robo6)
[0.964s] INFO:colcon.colcon_core.shell:Creating package script '/home/duallife/projects/urdf/install/robo6/share/robo6/package.ps1'
[0.965s] INFO:colcon.colcon_core.shell:Creating package descriptor '/home/duallife/projects/urdf/install/robo6/share/robo6/package.dsv'
[0.965s] INFO:colcon.colcon_core.shell:Creating package script '/home/duallife/projects/urdf/install/robo6/share/robo6/package.sh'
[0.965s] INFO:colcon.colcon_core.shell:Creating package script '/home/duallife/projects/urdf/install/robo6/share/robo6/package.bash'
[0.966s] INFO:colcon.colcon_core.shell:Creating package script '/home/duallife/projects/urdf/install/robo6/share/robo6/package.zsh'
[0.966s] Level 1:colcon.colcon_core.environment:create_file_with_runtime_dependencies(/home/duallife/projects/urdf/install/robo6/share/colcon-core/packages/robo6)
[0.966s] INFO:colcon.colcon_ros.task.ament_cmake.build:Building ROS package in '/home/duallife/projects/urdf/mybot' with build type 'ament_cmake'
[0.967s] INFO:colcon.colcon_cmake.task.cmake.build:Building CMake package in '/home/duallife/projects/urdf/mybot'
[0.967s] INFO:colcon.colcon_core.shell:Skip shell extension 'powershell' for command environment: Not usable outside of PowerShell
[0.967s] DEBUG:colcon.colcon_core.shell:Skip shell extension 'dsv' for command environment
[0.977s] DEBUG:colcon.colcon_core.event_handler.log_command:Invoking command in '/home/duallife/projects/urdf/build/mybot': AMENT_PREFIX_PATH=/home/duallife/projects/urdf/install/robo6:/home/duallife/projects/urdf/install/mybot:/opt/ros/humble CMAKE_PREFIX_PATH=${CMAKE_PREFIX_PATH}:/home/duallife/projects/urdf/install/robo6:/opt/ros/humble /usr/bin/cmake --build /home/duallife/projects/urdf/build/mybot -- -j16 -l16
[1.016s] DEBUG:colcon.colcon_core.event_handler.log_command:Invoked command in '/home/duallife/projects/urdf/build/mybot' returned '0': AMENT_PREFIX_PATH=/home/duallife/projects/urdf/install/robo6:/home/duallife/projects/urdf/install/mybot:/opt/ros/humble CMAKE_PREFIX_PATH=${CMAKE_PREFIX_PATH}:/home/duallife/projects/urdf/install/robo6:/opt/ros/humble /usr/bin/cmake --build /home/duallife/projects/urdf/build/mybot -- -j16 -l16
[1.051s] DEBUG:colcon.colcon_core.event_handler.log_command:Invoking command in '/home/duallife/projects/urdf/build/mybot': AMENT_PREFIX_PATH=/home/duallife/projects/urdf/install/robo6:/home/duallife/projects/urdf/install/mybot:/opt/ros/humble CMAKE_PREFIX_PATH=${CMAKE_PREFIX_PATH}:/home/duallife/projects/urdf/install/robo6:/opt/ros/humble /usr/bin/cmake --install /home/duallife/projects/urdf/build/mybot
[1.059s] Level 1:colcon.colcon_core.environment:create_environment_scripts_only(mybot)
[1.060s] DEBUG:colcon.colcon_core.event_handler.log_command:Invoked command in '/home/duallife/projects/urdf/build/mybot' returned '0': AMENT_PREFIX_PATH=/home/duallife/projects/urdf/install/robo6:/home/duallife/projects/urdf/install/mybot:/opt/ros/humble CMAKE_PREFIX_PATH=${CMAKE_PREFIX_PATH}:/home/duallife/projects/urdf/install/robo6:/opt/ros/humble /usr/bin/cmake --install /home/duallife/projects/urdf/build/mybot
[1.060s] Level 1:colcon.colcon_core.environment:checking '/home/duallife/projects/urdf/install/mybot' for CMake module files
[1.060s] Level 1:colcon.colcon_core.environment:checking '/home/duallife/projects/urdf/install/mybot' for CMake config files
[1.061s] Level 1:colcon.colcon_core.shell:create_environment_hook('mybot', 'cmake_prefix_path')
[1.061s] INFO:colcon.colcon_core.shell:Creating environment hook '/home/duallife/projects/urdf/install/mybot/share/mybot/hook/cmake_prefix_path.ps1'
[1.061s] INFO:colcon.colcon_core.shell:Creating environment descriptor '/home/duallife/projects/urdf/install/mybot/share/mybot/hook/cmake_prefix_path.dsv'
[1.061s] INFO:colcon.colcon_core.shell:Creating environment hook '/home/duallife/projects/urdf/install/mybot/share/mybot/hook/cmake_prefix_path.sh'
[1.062s] Level 1:colcon.colcon_core.environment:checking '/home/duallife/projects/urdf/install/mybot/bin'
[1.062s] Level 1:colcon.colcon_core.environment:checking '/home/duallife/projects/urdf/install/mybot/lib/pkgconfig/mybot.pc'
[1.062s] Level 1:colcon.colcon_core.environment:checking '/home/duallife/projects/urdf/install/mybot/lib/python3.10/site-packages'
[1.062s] Level 1:colcon.colcon_core.environment:checking '/home/duallife/projects/urdf/install/mybot/bin'
[1.062s] INFO:colcon.colcon_core.shell:Creating package script '/home/duallife/projects/urdf/install/mybot/share/mybot/package.ps1'
[1.062s] INFO:colcon.colcon_core.shell:Creating package descriptor '/home/duallife/projects/urdf/install/mybot/share/mybot/package.dsv'
[1.063s] INFO:colcon.colcon_core.shell:Creating package script '/home/duallife/projects/urdf/install/mybot/share/mybot/package.sh'
[1.063s] INFO:colcon.colcon_core.shell:Creating package script '/home/duallife/projects/urdf/install/mybot/share/mybot/package.bash'
[1.063s] INFO:colcon.colcon_core.shell:Creating package script '/home/duallife/projects/urdf/install/mybot/share/mybot/package.zsh'
[1.063s] Level 1:colcon.colcon_core.environment:create_file_with_runtime_dependencies(/home/duallife/projects/urdf/install/mybot/share/colcon-core/packages/mybot)
[1.090s] Level 1:colcon.colcon_core.environment:create_environment_scripts_only(mybot)
[1.090s] Level 1:colcon.colcon_core.environment:checking '/home/duallife/projects/urdf/install/mybot' for CMake module files
[1.090s] Level 1:colcon.colcon_core.environment:checking '/home/duallife/projects/urdf/install/mybot' for CMake config files
[1.090s] Level 1:colcon.colcon_core.shell:create_environment_hook('mybot', 'cmake_prefix_path')
[1.091s] INFO:colcon.colcon_core.shell:Creating environment hook '/home/duallife/projects/urdf/install/mybot/share/mybot/hook/cmake_prefix_path.ps1'
[1.091s] INFO:colcon.colcon_core.shell:Creating environment descriptor '/home/duallife/projects/urdf/install/mybot/share/mybot/hook/cmake_prefix_path.dsv'
[1.091s] INFO:colcon.colcon_core.shell:Creating environment hook '/home/duallife/projects/urdf/install/mybot/share/mybot/hook/cmake_prefix_path.sh'
[1.091s] Level 1:colcon.colcon_core.environment:checking '/home/duallife/projects/urdf/install/mybot/bin'
[1.091s] Level 1:colcon.colcon_core.environment:checking '/home/duallife/projects/urdf/install/mybot/lib/pkgconfig/mybot.pc'
[1.092s] Level 1:colcon.colcon_core.environment:checking '/home/duallife/projects/urdf/install/mybot/lib/python3.10/site-packages'
[1.092s] Level 1:colcon.colcon_core.environment:checking '/home/duallife/projects/urdf/install/mybot/bin'
[1.092s] INFO:colcon.colcon_core.shell:Creating package script '/home/duallife/projects/urdf/install/mybot/share/mybot/package.ps1'
[1.092s] INFO:colcon.colcon_core.shell:Creating package descriptor '/home/duallife/projects/urdf/install/mybot/share/mybot/package.dsv'
[1.092s] INFO:colcon.colcon_core.shell:Creating package script '/home/duallife/projects/urdf/install/mybot/share/mybot/package.sh'
[1.093s] INFO:colcon.colcon_core.shell:Creating package script '/home/duallife/projects/urdf/install/mybot/share/mybot/package.bash'
[1.093s] INFO:colcon.colcon_core.shell:Creating package script '/home/duallife/projects/urdf/install/mybot/share/mybot/package.zsh'
[1.093s] Level 1:colcon.colcon_core.environment:create_file_with_runtime_dependencies(/home/duallife/projects/urdf/install/mybot/share/colcon-core/packages/mybot)
[1.093s] DEBUG:colcon.colcon_parallel_executor.executor.parallel:closing loop
[1.094s] DEBUG:colcon.colcon_parallel_executor.executor.parallel:loop closed
[1.094s] DEBUG:colcon.colcon_parallel_executor.executor.parallel:run_until_complete finished with '0'
[1.094s] DEBUG:colcon.colcon_core.event_reactor:joining thread
[1.098s] INFO:colcon.colcon_core.plugin_system:Skipping extension 'colcon_notification.desktop_notification.terminal_notifier': Not used on non-Darwin systems
[1.098s] INFO:colcon.colcon_core.plugin_system:Skipping extension 'colcon_notification.desktop_notification.win32': Not used on non-Windows systems
[1.098s] INFO:colcon.colcon_notification.desktop_notification:Sending desktop notification using 'notify2'
[1.107s] DEBUG:colcon.colcon_core.event_reactor:joined thread
[1.108s] INFO:colcon.colcon_core.shell:Creating prefix script '/home/duallife/projects/urdf/install/local_setup.ps1'
[1.108s] INFO:colcon.colcon_core.shell:Creating prefix util module '/home/duallife/projects/urdf/install/_local_setup_util_ps1.py'
[1.109s] INFO:colcon.colcon_core.shell:Creating prefix chain script '/home/duallife/projects/urdf/install/setup.ps1'
[1.110s] INFO:colcon.colcon_core.shell:Creating prefix script '/home/duallife/projects/urdf/install/local_setup.sh'
[1.111s] INFO:colcon.colcon_core.shell:Creating prefix util module '/home/duallife/projects/urdf/install/_local_setup_util_sh.py'
[1.111s] INFO:colcon.colcon_core.shell:Creating prefix chain script '/home/duallife/projects/urdf/install/setup.sh'
[1.111s] INFO:colcon.colcon_core.shell:Creating prefix script '/home/duallife/projects/urdf/install/local_setup.bash'
[1.112s] INFO:colcon.colcon_core.shell:Creating prefix chain script '/home/duallife/projects/urdf/install/setup.bash'
[1.112s] INFO:colcon.colcon_core.shell:Creating prefix script '/home/duallife/projects/urdf/install/local_setup.zsh'
[1.113s] INFO:colcon.colcon_core.shell:Creating prefix chain script '/home/duallife/projects/urdf/install/setup.zsh'
