[0.008s] Invoking command in '/home/duallife/projects/urdf/build/mybot': AMENT_PREFIX_PATH=/home/duallife/projects/urdf/install/robo6:/home/duallife/projects/urdf/install/mybot:/opt/ros/humble CMAKE_PREFIX_PATH=${CMAKE_PREFIX_PATH}:/home/duallife/projects/urdf/install/robo6:/opt/ros/humble /usr/bin/cmake /home/duallife/projects/urdf/mybot -DCMAKE_INSTALL_PREFIX=/home/duallife/projects/urdf/install/mybot
[0.105s] -- The C compiler identification is GNU 11.4.0
[0.198s] -- The CXX compiler identification is GNU 11.4.0
[0.206s] -- Detecting C compiler ABI info
[0.272s] -- Detecting C compiler ABI info - done
[0.277s] -- Check for working C compiler: /usr/bin/cc - skipped
[0.277s] -- Detecting C compile features
[0.278s] -- Detecting C compile features - done
[0.280s] -- Detecting CXX compiler ABI info
[0.353s] -- Detecting CXX compiler ABI info - done
[0.358s] -- Check for working CXX compiler: /usr/bin/c++ - skipped
[0.358s] -- Detecting CXX compile features
[0.358s] -- Detecting CXX compile features - done
[0.361s] -- Found ament_cmake: 1.3.9 (/opt/ros/humble/share/ament_cmake/cmake)
[0.473s] -- Found Python3: /usr/bin/python3 (found version "3.10.12") found components: Interpreter 
[0.593s] -- Configuring done
[0.596s] -- Generating done
[0.596s] -- Build files have been written to: /home/duallife/projects/urdf/build/mybot
[0.601s] Invoked command in '/home/duallife/projects/urdf/build/mybot' returned '0': AMENT_PREFIX_PATH=/home/duallife/projects/urdf/install/robo6:/home/duallife/projects/urdf/install/mybot:/opt/ros/humble CMAKE_PREFIX_PATH=${CMAKE_PREFIX_PATH}:/home/duallife/projects/urdf/install/robo6:/opt/ros/humble /usr/bin/cmake /home/duallife/projects/urdf/mybot -DCMAKE_INSTALL_PREFIX=/home/duallife/projects/urdf/install/mybot
[0.602s] Invoking command in '/home/duallife/projects/urdf/build/mybot': AMENT_PREFIX_PATH=/home/duallife/projects/urdf/install/robo6:/home/duallife/projects/urdf/install/mybot:/opt/ros/humble CMAKE_PREFIX_PATH=${CMAKE_PREFIX_PATH}:/home/duallife/projects/urdf/install/robo6:/opt/ros/humble /usr/bin/cmake --build /home/duallife/projects/urdf/build/mybot -- -j16 -l16
[0.636s] Invoked command in '/home/duallife/projects/urdf/build/mybot' returned '0': AMENT_PREFIX_PATH=/home/duallife/projects/urdf/install/robo6:/home/duallife/projects/urdf/install/mybot:/opt/ros/humble CMAKE_PREFIX_PATH=${CMAKE_PREFIX_PATH}:/home/duallife/projects/urdf/install/robo6:/opt/ros/humble /usr/bin/cmake --build /home/duallife/projects/urdf/build/mybot -- -j16 -l16
[0.672s] Invoking command in '/home/duallife/projects/urdf/build/mybot': AMENT_PREFIX_PATH=/home/duallife/projects/urdf/install/robo6:/home/duallife/projects/urdf/install/mybot:/opt/ros/humble CMAKE_PREFIX_PATH=${CMAKE_PREFIX_PATH}:/home/duallife/projects/urdf/install/robo6:/opt/ros/humble /usr/bin/cmake --install /home/duallife/projects/urdf/build/mybot
[0.678s] -- Install configuration: ""
[0.678s] -- Up-to-date: /home/duallife/projects/urdf/install/mybot/share/ament_index/resource_index/package_run_dependencies/mybot
[0.678s] -- Installing: /home/duallife/projects/urdf/install/mybot/share/ament_index/resource_index/parent_prefix_path/mybot
[0.678s] -- Up-to-date: /home/duallife/projects/urdf/install/mybot/share/mybot/environment/ament_prefix_path.sh
[0.678s] -- Installing: /home/duallife/projects/urdf/install/mybot/share/mybot/environment/ament_prefix_path.dsv
[0.678s] -- Up-to-date: /home/duallife/projects/urdf/install/mybot/share/mybot/environment/path.sh
[0.679s] -- Installing: /home/duallife/projects/urdf/install/mybot/share/mybot/environment/path.dsv
[0.679s] -- Up-to-date: /home/duallife/projects/urdf/install/mybot/share/mybot/local_setup.bash
[0.679s] -- Up-to-date: /home/duallife/projects/urdf/install/mybot/share/mybot/local_setup.sh
[0.679s] -- Up-to-date: /home/duallife/projects/urdf/install/mybot/share/mybot/local_setup.zsh
[0.679s] -- Installing: /home/duallife/projects/urdf/install/mybot/share/mybot/local_setup.dsv
[0.679s] -- Installing: /home/duallife/projects/urdf/install/mybot/share/mybot/package.dsv
[0.679s] -- Up-to-date: /home/duallife/projects/urdf/install/mybot/share/ament_index/resource_index/packages/mybot
[0.679s] -- Up-to-date: /home/duallife/projects/urdf/install/mybot/share/mybot/cmake/mybotConfig.cmake
[0.679s] -- Up-to-date: /home/duallife/projects/urdf/install/mybot/share/mybot/cmake/mybotConfig-version.cmake
[0.679s] -- Up-to-date: /home/duallife/projects/urdf/install/mybot/share/mybot/package.xml
[0.679s] -- Up-to-date: /home/duallife/projects/urdf/install/mybot/share/mybot/launch
[0.680s] -- Up-to-date: /home/duallife/projects/urdf/install/mybot/share/mybot/launch/warehouse_db.launch.py
[0.680s] -- Up-to-date: /home/duallife/projects/urdf/install/mybot/share/mybot/launch/move_group.launch.py
[0.680s] -- Up-to-date: /home/duallife/projects/urdf/install/mybot/share/mybot/launch/spawn_controllers.launch.py
[0.680s] -- Up-to-date: /home/duallife/projects/urdf/install/mybot/share/mybot/launch/rsp.launch.py
[0.680s] -- Up-to-date: /home/duallife/projects/urdf/install/mybot/share/mybot/launch/static_virtual_joint_tfs.launch.py
[0.680s] -- Up-to-date: /home/duallife/projects/urdf/install/mybot/share/mybot/launch/gazebo.launch.py
[0.680s] -- Up-to-date: /home/duallife/projects/urdf/install/mybot/share/mybot/launch/demo.launch.py
[0.680s] -- Up-to-date: /home/duallife/projects/urdf/install/mybot/share/mybot/launch/setup_assistant.launch.py
[0.680s] -- Up-to-date: /home/duallife/projects/urdf/install/mybot/share/mybot/launch/moveit_rviz.launch.py
[0.680s] -- Up-to-date: /home/duallife/projects/urdf/install/mybot/share/mybot/config
[0.680s] -- Up-to-date: /home/duallife/projects/urdf/install/mybot/share/mybot/config/robo6.srdf
[0.680s] -- Up-to-date: /home/duallife/projects/urdf/install/mybot/share/mybot/config/moveit.rviz
[0.680s] -- Up-to-date: /home/duallife/projects/urdf/install/mybot/share/mybot/config/pilz_cartesian_limits.yaml
[0.680s] -- Up-to-date: /home/duallife/projects/urdf/install/mybot/share/mybot/config/robo6.ros2_control.xacro
[0.680s] -- Up-to-date: /home/duallife/projects/urdf/install/mybot/share/mybot/config/ros2_controllers.yaml
[0.680s] -- Up-to-date: /home/duallife/projects/urdf/install/mybot/share/mybot/config/robo6.urdf.xacro
[0.680s] -- Up-to-date: /home/duallife/projects/urdf/install/mybot/share/mybot/config/kinematics.yaml
[0.680s] -- Up-to-date: /home/duallife/projects/urdf/install/mybot/share/mybot/config/initial_positions.yaml
[0.681s] -- Up-to-date: /home/duallife/projects/urdf/install/mybot/share/mybot/config/gazebo_robo6.urdf.xacro
[0.681s] -- Up-to-date: /home/duallife/projects/urdf/install/mybot/share/mybot/config/moveit_controllers.yaml
[0.681s] -- Up-to-date: /home/duallife/projects/urdf/install/mybot/share/mybot/config/joint_limits.yaml
[0.681s] -- Up-to-date: /home/duallife/projects/urdf/install/mybot/share/mybot/.setup_assistant
[0.681s] Invoked command in '/home/duallife/projects/urdf/build/mybot' returned '0': AMENT_PREFIX_PATH=/home/duallife/projects/urdf/install/robo6:/home/duallife/projects/urdf/install/mybot:/opt/ros/humble CMAKE_PREFIX_PATH=${CMAKE_PREFIX_PATH}:/home/duallife/projects/urdf/install/robo6:/opt/ros/humble /usr/bin/cmake --install /home/duallife/projects/urdf/build/mybot
