[0.070s] DEBUG:colcon:Command line arguments: ['/usr/bin/colcon', 'build']
[0.070s] DEBUG:colcon:Parsed command line arguments: Namespace(log_base=None, log_level=None, verb_name='build', build_base='build', install_base='install', merge_install=False, symlink_install=False, test_result_base=None, continue_on_error=False, executor='parallel', parallel_workers=16, event_handlers=None, ignore_user_meta=False, metas=['./colcon.meta'], base_paths=['.'], packages_ignore=None, packages_ignore_regex=None, paths=None, packages_up_to=None, packages_up_to_regex=None, packages_above=None, packages_above_and_dependencies=None, packages_above_depth=None, packages_select_by_dep=None, packages_skip_by_dep=None, packages_skip_up_to=None, packages_select_build_failed=False, packages_skip_build_finished=False, packages_select_test_failures=False, packages_skip_test_passed=False, packages_select=None, packages_skip=None, packages_select_regex=None, packages_skip_regex=None, packages_start=None, packages_end=None, allow_overriding=[], cmake_args=None, cmake_target=None, cmake_target_skip_unavailable=False, cmake_clean_cache=False, cmake_clean_first=False, cmake_force_configure=False, ament_cmake_args=None, catkin_cmake_args=None, catkin_skip_building_tests=False, verb_parser=<colcon_defaults.argument_parser.defaults.DefaultArgumentsDecorator object at 0x711b78c22050>, verb_extension=<colcon_core.verb.build.BuildVerb object at 0x711b78c21b10>, main=<bound method BuildVerb.main of <colcon_core.verb.build.BuildVerb object at 0x711b78c21b10>>)
[0.186s] Level 1:colcon.colcon_core.package_discovery:discover_packages(colcon_meta) check parameters
[0.186s] Level 1:colcon.colcon_core.package_discovery:discover_packages(recursive) check parameters
[0.186s] Level 1:colcon.colcon_core.package_discovery:discover_packages(ignore) check parameters
[0.186s] Level 1:colcon.colcon_core.package_discovery:discover_packages(path) check parameters
[0.186s] Level 1:colcon.colcon_core.package_discovery:discover_packages(colcon_meta) discover
[0.186s] Level 1:colcon.colcon_core.package_discovery:discover_packages(recursive) discover
[0.186s] INFO:colcon.colcon_core.package_discovery:Crawling recursively for packages in '/home/duallife/projects/urdf'
[0.186s] Level 1:colcon.colcon_core.package_identification:_identify(.) by extensions ['ignore', 'ignore_ament_install']
[0.186s] Level 1:colcon.colcon_core.package_identification:_identify(.) by extension 'ignore'
[0.186s] Level 1:colcon.colcon_core.package_identification:_identify(.) by extension 'ignore_ament_install'
[0.186s] Level 1:colcon.colcon_core.package_identification:_identify(.) by extensions ['colcon_pkg']
[0.186s] Level 1:colcon.colcon_core.package_identification:_identify(.) by extension 'colcon_pkg'
[0.186s] Level 1:colcon.colcon_core.package_identification:_identify(.) by extensions ['colcon_meta']
[0.186s] Level 1:colcon.colcon_core.package_identification:_identify(.) by extension 'colcon_meta'
[0.186s] Level 1:colcon.colcon_core.package_identification:_identify(.) by extensions ['ros']
[0.186s] Level 1:colcon.colcon_core.package_identification:_identify(.) by extension 'ros'
[0.193s] Level 1:colcon.colcon_core.package_identification:_identify(.) by extensions ['cmake', 'python']
[0.193s] Level 1:colcon.colcon_core.package_identification:_identify(.) by extension 'cmake'
[0.193s] Level 1:colcon.colcon_core.package_identification:_identify(.) by extension 'python'
[0.193s] Level 1:colcon.colcon_core.package_identification:_identify(.) by extensions ['python_setup_py']
[0.193s] Level 1:colcon.colcon_core.package_identification:_identify(.) by extension 'python_setup_py'
[0.194s] Level 1:colcon.colcon_core.package_identification:_identify(ROBOv2) by extensions ['ignore', 'ignore_ament_install']
[0.194s] Level 1:colcon.colcon_core.package_identification:_identify(ROBOv2) by extension 'ignore'
[0.194s] Level 1:colcon.colcon_core.package_identification:_identify(ROBOv2) by extension 'ignore_ament_install'
[0.194s] Level 1:colcon.colcon_core.package_identification:_identify(ROBOv2) by extensions ['colcon_pkg']
[0.194s] Level 1:colcon.colcon_core.package_identification:_identify(ROBOv2) by extension 'colcon_pkg'
[0.194s] Level 1:colcon.colcon_core.package_identification:_identify(ROBOv2) by extensions ['colcon_meta']
[0.194s] Level 1:colcon.colcon_core.package_identification:_identify(ROBOv2) by extension 'colcon_meta'
[0.194s] Level 1:colcon.colcon_core.package_identification:_identify(ROBOv2) by extensions ['ros']
[0.194s] Level 1:colcon.colcon_core.package_identification:_identify(ROBOv2) by extension 'ros'
[0.195s] DEBUG:colcon.colcon_core.package_identification:Package 'ROBOv2' with type 'ros.ament_python' and name 'ROBOv2'
[0.195s] Level 1:colcon.colcon_core.package_identification:_identify(build) by extensions ['ignore', 'ignore_ament_install']
[0.195s] Level 1:colcon.colcon_core.package_identification:_identify(build) by extension 'ignore'
[0.195s] Level 1:colcon.colcon_core.package_identification:_identify(build) ignored
[0.195s] Level 1:colcon.colcon_core.package_identification:_identify(install) by extensions ['ignore', 'ignore_ament_install']
[0.196s] Level 1:colcon.colcon_core.package_identification:_identify(install) by extension 'ignore'
[0.196s] Level 1:colcon.colcon_core.package_identification:_identify(install) ignored
[0.196s] Level 1:colcon.colcon_core.package_identification:_identify(interface) by extensions ['ignore', 'ignore_ament_install']
[0.196s] Level 1:colcon.colcon_core.package_identification:_identify(interface) by extension 'ignore'
[0.196s] Level 1:colcon.colcon_core.package_identification:_identify(interface) by extension 'ignore_ament_install'
[0.196s] Level 1:colcon.colcon_core.package_identification:_identify(interface) by extensions ['colcon_pkg']
[0.196s] Level 1:colcon.colcon_core.package_identification:_identify(interface) by extension 'colcon_pkg'
[0.196s] Level 1:colcon.colcon_core.package_identification:_identify(interface) by extensions ['colcon_meta']
[0.196s] Level 1:colcon.colcon_core.package_identification:_identify(interface) by extension 'colcon_meta'
[0.196s] Level 1:colcon.colcon_core.package_identification:_identify(interface) by extensions ['ros']
[0.196s] Level 1:colcon.colcon_core.package_identification:_identify(interface) by extension 'ros'
[0.196s] DEBUG:colcon.colcon_core.package_identification:Package 'interface' with type 'ros.ament_cmake' and name 'interface'
[0.196s] Level 1:colcon.colcon_core.package_identification:_identify(log) by extensions ['ignore', 'ignore_ament_install']
[0.196s] Level 1:colcon.colcon_core.package_identification:_identify(log) by extension 'ignore'
[0.196s] Level 1:colcon.colcon_core.package_identification:_identify(log) ignored
[0.197s] Level 1:colcon.colcon_core.package_identification:_identify(mybot) by extensions ['ignore', 'ignore_ament_install']
[0.197s] Level 1:colcon.colcon_core.package_identification:_identify(mybot) by extension 'ignore'
[0.197s] Level 1:colcon.colcon_core.package_identification:_identify(mybot) by extension 'ignore_ament_install'
[0.197s] Level 1:colcon.colcon_core.package_identification:_identify(mybot) by extensions ['colcon_pkg']
[0.197s] Level 1:colcon.colcon_core.package_identification:_identify(mybot) by extension 'colcon_pkg'
[0.197s] Level 1:colcon.colcon_core.package_identification:_identify(mybot) by extensions ['colcon_meta']
[0.197s] Level 1:colcon.colcon_core.package_identification:_identify(mybot) by extension 'colcon_meta'
[0.197s] Level 1:colcon.colcon_core.package_identification:_identify(mybot) by extensions ['ros']
[0.197s] Level 1:colcon.colcon_core.package_identification:_identify(mybot) by extension 'ros'
[0.197s] DEBUG:colcon.colcon_core.package_identification:Package 'mybot' with type 'ros.ament_cmake' and name 'mybot'
[0.197s] Level 1:colcon.colcon_core.package_identification:_identify(robo6) by extensions ['ignore', 'ignore_ament_install']
[0.197s] Level 1:colcon.colcon_core.package_identification:_identify(robo6) by extension 'ignore'
[0.197s] Level 1:colcon.colcon_core.package_identification:_identify(robo6) by extension 'ignore_ament_install'
[0.198s] Level 1:colcon.colcon_core.package_identification:_identify(robo6) by extensions ['colcon_pkg']
[0.198s] Level 1:colcon.colcon_core.package_identification:_identify(robo6) by extension 'colcon_pkg'
[0.198s] Level 1:colcon.colcon_core.package_identification:_identify(robo6) by extensions ['colcon_meta']
[0.198s] Level 1:colcon.colcon_core.package_identification:_identify(robo6) by extension 'colcon_meta'
[0.198s] Level 1:colcon.colcon_core.package_identification:_identify(robo6) by extensions ['ros']
[0.198s] Level 1:colcon.colcon_core.package_identification:_identify(robo6) by extension 'ros'
[0.198s] DEBUG:colcon.colcon_core.package_identification:Package 'robo6' with type 'ros.ament_python' and name 'robo6'
[0.198s] Level 1:colcon.colcon_core.package_discovery:discover_packages(recursive) using defaults
[0.198s] Level 1:colcon.colcon_core.package_discovery:discover_packages(ignore) discover
[0.198s] Level 1:colcon.colcon_core.package_discovery:discover_packages(ignore) using defaults
[0.198s] Level 1:colcon.colcon_core.package_discovery:discover_packages(path) discover
[0.198s] Level 1:colcon.colcon_core.package_discovery:discover_packages(path) using defaults
[0.220s] Level 1:colcon.colcon_core.package_discovery:discover_packages(prefix_path) check parameters
[0.220s] Level 1:colcon.colcon_core.package_discovery:discover_packages(prefix_path) discover
[0.221s] DEBUG:colcon.colcon_installed_package_information.package_discovery:Found 4 installed packages in /home/duallife/projects/urdf/install
[0.222s] DEBUG:colcon.colcon_installed_package_information.package_discovery:Found 399 installed packages in /opt/ros/humble
[0.224s] Level 1:colcon.colcon_core.package_discovery:discover_packages(prefix_path) using defaults
[0.260s] Level 5:colcon.colcon_core.verb:set package 'ROBOv2' build argument 'cmake_args' from command line to 'None'
[0.260s] Level 5:colcon.colcon_core.verb:set package 'ROBOv2' build argument 'cmake_target' from command line to 'None'
[0.260s] Level 5:colcon.colcon_core.verb:set package 'ROBOv2' build argument 'cmake_target_skip_unavailable' from command line to 'False'
[0.260s] Level 5:colcon.colcon_core.verb:set package 'ROBOv2' build argument 'cmake_clean_cache' from command line to 'False'
[0.260s] Level 5:colcon.colcon_core.verb:set package 'ROBOv2' build argument 'cmake_clean_first' from command line to 'False'
[0.260s] Level 5:colcon.colcon_core.verb:set package 'ROBOv2' build argument 'cmake_force_configure' from command line to 'False'
[0.260s] Level 5:colcon.colcon_core.verb:set package 'ROBOv2' build argument 'ament_cmake_args' from command line to 'None'
[0.260s] Level 5:colcon.colcon_core.verb:set package 'ROBOv2' build argument 'catkin_cmake_args' from command line to 'None'
[0.260s] Level 5:colcon.colcon_core.verb:set package 'ROBOv2' build argument 'catkin_skip_building_tests' from command line to 'False'
[0.260s] DEBUG:colcon.colcon_core.verb:Building package 'ROBOv2' with the following arguments: {'ament_cmake_args': None, 'build_base': '/home/duallife/projects/urdf/build/ROBOv2', 'catkin_cmake_args': None, 'catkin_skip_building_tests': False, 'cmake_args': None, 'cmake_clean_cache': False, 'cmake_clean_first': False, 'cmake_force_configure': False, 'cmake_target': None, 'cmake_target_skip_unavailable': False, 'install_base': '/home/duallife/projects/urdf/install/ROBOv2', 'merge_install': False, 'path': '/home/duallife/projects/urdf/ROBOv2', 'symlink_install': False, 'test_result_base': None}
[0.260s] Level 5:colcon.colcon_core.verb:set package 'interface' build argument 'cmake_args' from command line to 'None'
[0.261s] Level 5:colcon.colcon_core.verb:set package 'interface' build argument 'cmake_target' from command line to 'None'
[0.261s] Level 5:colcon.colcon_core.verb:set package 'interface' build argument 'cmake_target_skip_unavailable' from command line to 'False'
[0.261s] Level 5:colcon.colcon_core.verb:set package 'interface' build argument 'cmake_clean_cache' from command line to 'False'
[0.261s] Level 5:colcon.colcon_core.verb:set package 'interface' build argument 'cmake_clean_first' from command line to 'False'
[0.261s] Level 5:colcon.colcon_core.verb:set package 'interface' build argument 'cmake_force_configure' from command line to 'False'
[0.261s] Level 5:colcon.colcon_core.verb:set package 'interface' build argument 'ament_cmake_args' from command line to 'None'
[0.261s] Level 5:colcon.colcon_core.verb:set package 'interface' build argument 'catkin_cmake_args' from command line to 'None'
[0.261s] Level 5:colcon.colcon_core.verb:set package 'interface' build argument 'catkin_skip_building_tests' from command line to 'False'
[0.261s] DEBUG:colcon.colcon_core.verb:Building package 'interface' with the following arguments: {'ament_cmake_args': None, 'build_base': '/home/duallife/projects/urdf/build/interface', 'catkin_cmake_args': None, 'catkin_skip_building_tests': False, 'cmake_args': None, 'cmake_clean_cache': False, 'cmake_clean_first': False, 'cmake_force_configure': False, 'cmake_target': None, 'cmake_target_skip_unavailable': False, 'install_base': '/home/duallife/projects/urdf/install/interface', 'merge_install': False, 'path': '/home/duallife/projects/urdf/interface', 'symlink_install': False, 'test_result_base': None}
[0.261s] Level 5:colcon.colcon_core.verb:set package 'robo6' build argument 'cmake_args' from command line to 'None'
[0.261s] Level 5:colcon.colcon_core.verb:set package 'robo6' build argument 'cmake_target' from command line to 'None'
[0.261s] Level 5:colcon.colcon_core.verb:set package 'robo6' build argument 'cmake_target_skip_unavailable' from command line to 'False'
[0.261s] Level 5:colcon.colcon_core.verb:set package 'robo6' build argument 'cmake_clean_cache' from command line to 'False'
[0.261s] Level 5:colcon.colcon_core.verb:set package 'robo6' build argument 'cmake_clean_first' from command line to 'False'
[0.261s] Level 5:colcon.colcon_core.verb:set package 'robo6' build argument 'cmake_force_configure' from command line to 'False'
[0.261s] Level 5:colcon.colcon_core.verb:set package 'robo6' build argument 'ament_cmake_args' from command line to 'None'
[0.261s] Level 5:colcon.colcon_core.verb:set package 'robo6' build argument 'catkin_cmake_args' from command line to 'None'
[0.261s] Level 5:colcon.colcon_core.verb:set package 'robo6' build argument 'catkin_skip_building_tests' from command line to 'False'
[0.261s] DEBUG:colcon.colcon_core.verb:Building package 'robo6' with the following arguments: {'ament_cmake_args': None, 'build_base': '/home/duallife/projects/urdf/build/robo6', 'catkin_cmake_args': None, 'catkin_skip_building_tests': False, 'cmake_args': None, 'cmake_clean_cache': False, 'cmake_clean_first': False, 'cmake_force_configure': False, 'cmake_target': None, 'cmake_target_skip_unavailable': False, 'install_base': '/home/duallife/projects/urdf/install/robo6', 'merge_install': False, 'path': '/home/duallife/projects/urdf/robo6', 'symlink_install': False, 'test_result_base': None}
[0.261s] Level 5:colcon.colcon_core.verb:set package 'mybot' build argument 'cmake_args' from command line to 'None'
[0.261s] Level 5:colcon.colcon_core.verb:set package 'mybot' build argument 'cmake_target' from command line to 'None'
[0.261s] Level 5:colcon.colcon_core.verb:set package 'mybot' build argument 'cmake_target_skip_unavailable' from command line to 'False'
[0.261s] Level 5:colcon.colcon_core.verb:set package 'mybot' build argument 'cmake_clean_cache' from command line to 'False'
[0.261s] Level 5:colcon.colcon_core.verb:set package 'mybot' build argument 'cmake_clean_first' from command line to 'False'
[0.261s] Level 5:colcon.colcon_core.verb:set package 'mybot' build argument 'cmake_force_configure' from command line to 'False'
[0.261s] Level 5:colcon.colcon_core.verb:set package 'mybot' build argument 'ament_cmake_args' from command line to 'None'
[0.261s] Level 5:colcon.colcon_core.verb:set package 'mybot' build argument 'catkin_cmake_args' from command line to 'None'
[0.261s] Level 5:colcon.colcon_core.verb:set package 'mybot' build argument 'catkin_skip_building_tests' from command line to 'False'
[0.261s] DEBUG:colcon.colcon_core.verb:Building package 'mybot' with the following arguments: {'ament_cmake_args': None, 'build_base': '/home/duallife/projects/urdf/build/mybot', 'catkin_cmake_args': None, 'catkin_skip_building_tests': False, 'cmake_args': None, 'cmake_clean_cache': False, 'cmake_clean_first': False, 'cmake_force_configure': False, 'cmake_target': None, 'cmake_target_skip_unavailable': False, 'install_base': '/home/duallife/projects/urdf/install/mybot', 'merge_install': False, 'path': '/home/duallife/projects/urdf/mybot', 'symlink_install': False, 'test_result_base': None}
[0.261s] INFO:colcon.colcon_core.executor:Executing jobs using 'parallel' executor
[0.262s] DEBUG:colcon.colcon_parallel_executor.executor.parallel:run_until_complete
[0.262s] INFO:colcon.colcon_ros.task.ament_python.build:Building ROS package in '/home/duallife/projects/urdf/robo6' with build type 'ament_python'
[0.262s] Level 1:colcon.colcon_core.shell:create_environment_hook('robo6', 'ament_prefix_path')
[0.264s] INFO:colcon.colcon_core.plugin_system:Skipping extension 'colcon_core.shell.bat': Not used on non-Windows systems
[0.264s] INFO:colcon.colcon_core.shell:Creating environment hook '/home/duallife/projects/urdf/install/robo6/share/robo6/hook/ament_prefix_path.ps1'
[0.264s] INFO:colcon.colcon_core.shell:Creating environment descriptor '/home/duallife/projects/urdf/install/robo6/share/robo6/hook/ament_prefix_path.dsv'
[0.265s] INFO:colcon.colcon_core.shell:Creating environment hook '/home/duallife/projects/urdf/install/robo6/share/robo6/hook/ament_prefix_path.sh'
[0.265s] INFO:colcon.colcon_core.shell:Skip shell extension 'powershell' for command environment: Not usable outside of PowerShell
[0.265s] DEBUG:colcon.colcon_core.shell:Skip shell extension 'dsv' for command environment
[0.269s] INFO:colcon.colcon_ros.task.ament_python.build:Building ROS package in '/home/duallife/projects/urdf/ROBOv2' with build type 'ament_python'
[0.269s] Level 1:colcon.colcon_core.shell:create_environment_hook('ROBOv2', 'ament_prefix_path')
[0.269s] INFO:colcon.colcon_core.shell:Creating environment hook '/home/duallife/projects/urdf/install/ROBOv2/share/ROBOv2/hook/ament_prefix_path.ps1'
[0.269s] INFO:colcon.colcon_core.shell:Creating environment descriptor '/home/duallife/projects/urdf/install/ROBOv2/share/ROBOv2/hook/ament_prefix_path.dsv'
[0.269s] INFO:colcon.colcon_core.shell:Creating environment hook '/home/duallife/projects/urdf/install/ROBOv2/share/ROBOv2/hook/ament_prefix_path.sh'
[0.270s] INFO:colcon.colcon_core.shell:Skip shell extension 'powershell' for command environment: Not usable outside of PowerShell
[0.270s] DEBUG:colcon.colcon_core.shell:Skip shell extension 'dsv' for command environment
[0.273s] INFO:colcon.colcon_ros.task.ament_cmake.build:Building ROS package in '/home/duallife/projects/urdf/interface' with build type 'ament_cmake'
[0.273s] INFO:colcon.colcon_cmake.task.cmake.build:Building CMake package in '/home/duallife/projects/urdf/interface'
[0.273s] INFO:colcon.colcon_core.shell:Skip shell extension 'powershell' for command environment: Not usable outside of PowerShell
[0.273s] DEBUG:colcon.colcon_core.shell:Skip shell extension 'dsv' for command environment
[0.463s] INFO:colcon.colcon_core.task.python.build:Building Python package in '/home/duallife/projects/urdf/robo6'
[0.463s] INFO:colcon.colcon_core.shell:Skip shell extension 'powershell' for command environment: Not usable outside of PowerShell
[0.463s] DEBUG:colcon.colcon_core.shell:Skip shell extension 'dsv' for command environment
[0.652s] INFO:colcon.colcon_core.task.python.build:Building Python package in '/home/duallife/projects/urdf/ROBOv2'
[0.652s] INFO:colcon.colcon_core.shell:Skip shell extension 'powershell' for command environment: Not usable outside of PowerShell
[0.652s] DEBUG:colcon.colcon_core.shell:Skip shell extension 'dsv' for command environment
[0.659s] DEBUG:colcon.colcon_core.event_handler.log_command:Invoking command in '/home/duallife/projects/urdf/build/interface': CMAKE_PREFIX_PATH=${CMAKE_PREFIX_PATH}:/home/duallife/projects/urdf/install/robo6:/home/duallife/projects/urdf/install/ROBOv2:/opt/ros/humble /usr/bin/cmake --build /home/duallife/projects/urdf/build/interface -- -j16 -l16
[0.941s] DEBUG:colcon.colcon_core.event_handler.log_command:Invoking command in '/home/duallife/projects/urdf/robo6': PYTHONPATH=/home/duallife/projects/urdf/build/robo6/prefix_override:/usr/lib/python3/dist-packages/colcon_core/task/python/colcon_distutils_commands:/home/duallife/projects/urdf/install/robo6/lib/python3.10/site-packages:${PYTHONPATH} /usr/bin/python3 -W ignore:setup.py install is deprecated setup.py egg_info --egg-base ../build/robo6 build --build-base /home/duallife/projects/urdf/build/robo6/build install --record /home/duallife/projects/urdf/build/robo6/install.log --single-version-externally-managed install_data
[0.943s] DEBUG:colcon.colcon_core.event_handler.log_command:Invoking command in '/home/duallife/projects/urdf/ROBOv2': PYTHONPATH=/home/duallife/projects/urdf/build/ROBOv2/prefix_override:/usr/lib/python3/dist-packages/colcon_core/task/python/colcon_distutils_commands:/home/duallife/projects/urdf/install/ROBOv2/lib/python3.10/site-packages:${PYTHONPATH} /usr/bin/python3 -W ignore:setup.py install is deprecated setup.py egg_info --egg-base ../build/ROBOv2 build --build-base /home/duallife/projects/urdf/build/ROBOv2/build install --record /home/duallife/projects/urdf/build/ROBOv2/install.log --single-version-externally-managed install_data
[0.944s] DEBUG:colcon.colcon_core.event_handler.log_command:Invoked command in '/home/duallife/projects/urdf/build/interface' returned '0': CMAKE_PREFIX_PATH=${CMAKE_PREFIX_PATH}:/home/duallife/projects/urdf/install/robo6:/home/duallife/projects/urdf/install/ROBOv2:/opt/ros/humble /usr/bin/cmake --build /home/duallife/projects/urdf/build/interface -- -j16 -l16
[1.038s] DEBUG:colcon.colcon_core.event_handler.log_command:Invoking command in '/home/duallife/projects/urdf/build/interface': CMAKE_PREFIX_PATH=${CMAKE_PREFIX_PATH}:/home/duallife/projects/urdf/install/robo6:/home/duallife/projects/urdf/install/ROBOv2:/opt/ros/humble /usr/bin/cmake --install /home/duallife/projects/urdf/build/interface
[1.079s] Level 1:colcon.colcon_core.environment:create_environment_scripts_only(interface)
[1.079s] DEBUG:colcon.colcon_core.event_handler.log_command:Invoked command in '/home/duallife/projects/urdf/build/interface' returned '0': CMAKE_PREFIX_PATH=${CMAKE_PREFIX_PATH}:/home/duallife/projects/urdf/install/robo6:/home/duallife/projects/urdf/install/ROBOv2:/opt/ros/humble /usr/bin/cmake --install /home/duallife/projects/urdf/build/interface
[1.081s] Level 1:colcon.colcon_core.environment:checking '/home/duallife/projects/urdf/install/interface' for CMake module files
[1.081s] Level 1:colcon.colcon_core.environment:checking '/home/duallife/projects/urdf/install/interface' for CMake config files
[1.081s] Level 1:colcon.colcon_core.shell:create_environment_hook('interface', 'cmake_prefix_path')
[1.082s] INFO:colcon.colcon_core.shell:Creating environment hook '/home/duallife/projects/urdf/install/interface/share/interface/hook/cmake_prefix_path.ps1'
[1.082s] INFO:colcon.colcon_core.shell:Creating environment descriptor '/home/duallife/projects/urdf/install/interface/share/interface/hook/cmake_prefix_path.dsv'
[1.082s] INFO:colcon.colcon_core.shell:Creating environment hook '/home/duallife/projects/urdf/install/interface/share/interface/hook/cmake_prefix_path.sh'
[1.083s] Level 1:colcon.colcon_core.environment:checking '/home/duallife/projects/urdf/install/interface/lib'
[1.083s] Level 1:colcon.colcon_core.shell:create_environment_hook('interface', 'ld_library_path_lib')
[1.083s] INFO:colcon.colcon_core.shell:Creating environment hook '/home/duallife/projects/urdf/install/interface/share/interface/hook/ld_library_path_lib.ps1'
[1.083s] INFO:colcon.colcon_core.shell:Creating environment descriptor '/home/duallife/projects/urdf/install/interface/share/interface/hook/ld_library_path_lib.dsv'
[1.083s] INFO:colcon.colcon_core.shell:Creating environment hook '/home/duallife/projects/urdf/install/interface/share/interface/hook/ld_library_path_lib.sh'
[1.083s] Level 1:colcon.colcon_core.environment:checking '/home/duallife/projects/urdf/install/interface/bin'
[1.083s] Level 1:colcon.colcon_core.environment:checking '/home/duallife/projects/urdf/install/interface/lib/pkgconfig/interface.pc'
[1.084s] Level 1:colcon.colcon_core.environment:checking '/home/duallife/projects/urdf/install/interface/lib/python3.10/site-packages'
[1.084s] Level 1:colcon.colcon_core.environment:checking '/home/duallife/projects/urdf/install/interface/bin'
[1.084s] INFO:colcon.colcon_core.shell:Creating package script '/home/duallife/projects/urdf/install/interface/share/interface/package.ps1'
[1.085s] INFO:colcon.colcon_core.shell:Creating package descriptor '/home/duallife/projects/urdf/install/interface/share/interface/package.dsv'
[1.085s] INFO:colcon.colcon_core.shell:Creating package script '/home/duallife/projects/urdf/install/interface/share/interface/package.sh'
[1.085s] INFO:colcon.colcon_core.shell:Creating package script '/home/duallife/projects/urdf/install/interface/share/interface/package.bash'
[1.086s] INFO:colcon.colcon_core.shell:Creating package script '/home/duallife/projects/urdf/install/interface/share/interface/package.zsh'
[1.086s] Level 1:colcon.colcon_core.environment:create_file_with_runtime_dependencies(/home/duallife/projects/urdf/install/interface/share/colcon-core/packages/interface)
[1.159s] Level 1:colcon.colcon_core.environment:checking '/home/duallife/projects/urdf/install/ROBOv2' for CMake module files
[1.160s] DEBUG:colcon.colcon_core.event_handler.log_command:Invoked command in '/home/duallife/projects/urdf/ROBOv2' returned '0': PYTHONPATH=/home/duallife/projects/urdf/build/ROBOv2/prefix_override:/usr/lib/python3/dist-packages/colcon_core/task/python/colcon_distutils_commands:/home/duallife/projects/urdf/install/ROBOv2/lib/python3.10/site-packages:${PYTHONPATH} /usr/bin/python3 -W ignore:setup.py install is deprecated setup.py egg_info --egg-base ../build/ROBOv2 build --build-base /home/duallife/projects/urdf/build/ROBOv2/build install --record /home/duallife/projects/urdf/build/ROBOv2/install.log --single-version-externally-managed install_data
[1.160s] Level 1:colcon.colcon_core.environment:checking '/home/duallife/projects/urdf/install/ROBOv2' for CMake config files
[1.161s] Level 1:colcon.colcon_core.environment:checking '/home/duallife/projects/urdf/install/ROBOv2/lib'
[1.161s] Level 1:colcon.colcon_core.environment:checking '/home/duallife/projects/urdf/install/ROBOv2/bin'
[1.161s] Level 1:colcon.colcon_core.environment:checking '/home/duallife/projects/urdf/install/ROBOv2/lib/pkgconfig/ROBOv2.pc'
[1.161s] Level 1:colcon.colcon_core.environment:checking '/home/duallife/projects/urdf/install/ROBOv2/lib/python3.10/site-packages'
[1.161s] Level 1:colcon.colcon_core.shell:create_environment_hook('ROBOv2', 'pythonpath')
[1.162s] INFO:colcon.colcon_core.shell:Creating environment hook '/home/duallife/projects/urdf/install/ROBOv2/share/ROBOv2/hook/pythonpath.ps1'
[1.162s] INFO:colcon.colcon_core.shell:Creating environment descriptor '/home/duallife/projects/urdf/install/ROBOv2/share/ROBOv2/hook/pythonpath.dsv'
[1.162s] INFO:colcon.colcon_core.shell:Creating environment hook '/home/duallife/projects/urdf/install/ROBOv2/share/ROBOv2/hook/pythonpath.sh'
[1.163s] Level 1:colcon.colcon_core.environment:checking '/home/duallife/projects/urdf/install/ROBOv2/bin'
[1.163s] Level 1:colcon.colcon_core.environment:create_environment_scripts_only(ROBOv2)
[1.163s] INFO:colcon.colcon_core.shell:Creating package script '/home/duallife/projects/urdf/install/ROBOv2/share/ROBOv2/package.ps1'
[1.164s] INFO:colcon.colcon_core.shell:Creating package descriptor '/home/duallife/projects/urdf/install/ROBOv2/share/ROBOv2/package.dsv'
[1.164s] INFO:colcon.colcon_core.shell:Creating package script '/home/duallife/projects/urdf/install/ROBOv2/share/ROBOv2/package.sh'
[1.165s] INFO:colcon.colcon_core.shell:Creating package script '/home/duallife/projects/urdf/install/ROBOv2/share/ROBOv2/package.bash'
[1.165s] INFO:colcon.colcon_core.shell:Creating package script '/home/duallife/projects/urdf/install/ROBOv2/share/ROBOv2/package.zsh'
[1.165s] Level 1:colcon.colcon_core.environment:create_file_with_runtime_dependencies(/home/duallife/projects/urdf/install/ROBOv2/share/colcon-core/packages/ROBOv2)
[1.167s] Level 1:colcon.colcon_core.environment:checking '/home/duallife/projects/urdf/install/robo6' for CMake module files
[1.167s] DEBUG:colcon.colcon_core.event_handler.log_command:Invoked command in '/home/duallife/projects/urdf/robo6' returned '0': PYTHONPATH=/home/duallife/projects/urdf/build/robo6/prefix_override:/usr/lib/python3/dist-packages/colcon_core/task/python/colcon_distutils_commands:/home/duallife/projects/urdf/install/robo6/lib/python3.10/site-packages:${PYTHONPATH} /usr/bin/python3 -W ignore:setup.py install is deprecated setup.py egg_info --egg-base ../build/robo6 build --build-base /home/duallife/projects/urdf/build/robo6/build install --record /home/duallife/projects/urdf/build/robo6/install.log --single-version-externally-managed install_data
[1.168s] Level 1:colcon.colcon_core.environment:checking '/home/duallife/projects/urdf/install/robo6' for CMake config files
[1.168s] Level 1:colcon.colcon_core.environment:checking '/home/duallife/projects/urdf/install/robo6/lib'
[1.168s] Level 1:colcon.colcon_core.environment:checking '/home/duallife/projects/urdf/install/robo6/bin'
[1.168s] Level 1:colcon.colcon_core.environment:checking '/home/duallife/projects/urdf/install/robo6/lib/pkgconfig/robo6.pc'
[1.168s] Level 1:colcon.colcon_core.environment:checking '/home/duallife/projects/urdf/install/robo6/lib/python3.10/site-packages'
[1.168s] Level 1:colcon.colcon_core.shell:create_environment_hook('robo6', 'pythonpath')
[1.168s] INFO:colcon.colcon_core.shell:Creating environment hook '/home/duallife/projects/urdf/install/robo6/share/robo6/hook/pythonpath.ps1'
[1.169s] INFO:colcon.colcon_core.shell:Creating environment descriptor '/home/duallife/projects/urdf/install/robo6/share/robo6/hook/pythonpath.dsv'
[1.169s] INFO:colcon.colcon_core.shell:Creating environment hook '/home/duallife/projects/urdf/install/robo6/share/robo6/hook/pythonpath.sh'
[1.169s] Level 1:colcon.colcon_core.environment:checking '/home/duallife/projects/urdf/install/robo6/bin'
[1.169s] Level 1:colcon.colcon_core.environment:create_environment_scripts_only(robo6)
[1.170s] INFO:colcon.colcon_core.shell:Creating package script '/home/duallife/projects/urdf/install/robo6/share/robo6/package.ps1'
[1.170s] INFO:colcon.colcon_core.shell:Creating package descriptor '/home/duallife/projects/urdf/install/robo6/share/robo6/package.dsv'
[1.170s] INFO:colcon.colcon_core.shell:Creating package script '/home/duallife/projects/urdf/install/robo6/share/robo6/package.sh'
[1.170s] INFO:colcon.colcon_core.shell:Creating package script '/home/duallife/projects/urdf/install/robo6/share/robo6/package.bash'
[1.171s] INFO:colcon.colcon_core.shell:Creating package script '/home/duallife/projects/urdf/install/robo6/share/robo6/package.zsh'
[1.171s] Level 1:colcon.colcon_core.environment:create_file_with_runtime_dependencies(/home/duallife/projects/urdf/install/robo6/share/colcon-core/packages/robo6)
[1.171s] INFO:colcon.colcon_ros.task.ament_cmake.build:Building ROS package in '/home/duallife/projects/urdf/mybot' with build type 'ament_cmake'
[1.171s] INFO:colcon.colcon_cmake.task.cmake.build:Building CMake package in '/home/duallife/projects/urdf/mybot'
[1.171s] INFO:colcon.colcon_core.shell:Skip shell extension 'powershell' for command environment: Not usable outside of PowerShell
[1.171s] DEBUG:colcon.colcon_core.shell:Skip shell extension 'dsv' for command environment
[1.175s] Level 1:colcon.colcon_core.environment:create_environment_scripts_only(interface)
[1.175s] Level 1:colcon.colcon_core.environment:checking '/home/duallife/projects/urdf/install/interface' for CMake module files
[1.175s] Level 1:colcon.colcon_core.environment:checking '/home/duallife/projects/urdf/install/interface' for CMake config files
[1.176s] Level 1:colcon.colcon_core.shell:create_environment_hook('interface', 'cmake_prefix_path')
[1.176s] INFO:colcon.colcon_core.shell:Creating environment hook '/home/duallife/projects/urdf/install/interface/share/interface/hook/cmake_prefix_path.ps1'
[1.176s] INFO:colcon.colcon_core.shell:Creating environment descriptor '/home/duallife/projects/urdf/install/interface/share/interface/hook/cmake_prefix_path.dsv'
[1.176s] INFO:colcon.colcon_core.shell:Creating environment hook '/home/duallife/projects/urdf/install/interface/share/interface/hook/cmake_prefix_path.sh'
[1.177s] Level 1:colcon.colcon_core.environment:checking '/home/duallife/projects/urdf/install/interface/lib'
[1.177s] Level 1:colcon.colcon_core.shell:create_environment_hook('interface', 'ld_library_path_lib')
[1.177s] INFO:colcon.colcon_core.shell:Creating environment hook '/home/duallife/projects/urdf/install/interface/share/interface/hook/ld_library_path_lib.ps1'
[1.177s] INFO:colcon.colcon_core.shell:Creating environment descriptor '/home/duallife/projects/urdf/install/interface/share/interface/hook/ld_library_path_lib.dsv'
[1.177s] INFO:colcon.colcon_core.shell:Creating environment hook '/home/duallife/projects/urdf/install/interface/share/interface/hook/ld_library_path_lib.sh'
[1.178s] Level 1:colcon.colcon_core.environment:checking '/home/duallife/projects/urdf/install/interface/bin'
[1.178s] Level 1:colcon.colcon_core.environment:checking '/home/duallife/projects/urdf/install/interface/lib/pkgconfig/interface.pc'
[1.178s] Level 1:colcon.colcon_core.environment:checking '/home/duallife/projects/urdf/install/interface/lib/python3.10/site-packages'
[1.178s] Level 1:colcon.colcon_core.environment:checking '/home/duallife/projects/urdf/install/interface/bin'
[1.178s] INFO:colcon.colcon_core.shell:Creating package script '/home/duallife/projects/urdf/install/interface/share/interface/package.ps1'
[1.179s] INFO:colcon.colcon_core.shell:Creating package descriptor '/home/duallife/projects/urdf/install/interface/share/interface/package.dsv'
[1.179s] INFO:colcon.colcon_core.shell:Creating package script '/home/duallife/projects/urdf/install/interface/share/interface/package.sh'
[1.179s] INFO:colcon.colcon_core.shell:Creating package script '/home/duallife/projects/urdf/install/interface/share/interface/package.bash'
[1.179s] INFO:colcon.colcon_core.shell:Creating package script '/home/duallife/projects/urdf/install/interface/share/interface/package.zsh'
[1.180s] Level 1:colcon.colcon_core.environment:create_file_with_runtime_dependencies(/home/duallife/projects/urdf/install/interface/share/colcon-core/packages/interface)
[1.183s] DEBUG:colcon.colcon_core.event_handler.log_command:Invoking command in '/home/duallife/projects/urdf/build/mybot': AMENT_PREFIX_PATH=/home/duallife/projects/urdf/install/robo6:/home/duallife/projects/urdf/install/mybot:/home/duallife/projects/urdf/install/interface:/home/duallife/projects/urdf/install/ROBOv2:/opt/ros/humble CMAKE_PREFIX_PATH=${CMAKE_PREFIX_PATH}:/home/duallife/projects/urdf/install/robo6:/home/duallife/projects/urdf/install/ROBOv2:/opt/ros/humble /usr/bin/cmake --build /home/duallife/projects/urdf/build/mybot -- -j16 -l16
[1.219s] DEBUG:colcon.colcon_core.event_handler.log_command:Invoked command in '/home/duallife/projects/urdf/build/mybot' returned '0': AMENT_PREFIX_PATH=/home/duallife/projects/urdf/install/robo6:/home/duallife/projects/urdf/install/mybot:/home/duallife/projects/urdf/install/interface:/home/duallife/projects/urdf/install/ROBOv2:/opt/ros/humble CMAKE_PREFIX_PATH=${CMAKE_PREFIX_PATH}:/home/duallife/projects/urdf/install/robo6:/home/duallife/projects/urdf/install/ROBOv2:/opt/ros/humble /usr/bin/cmake --build /home/duallife/projects/urdf/build/mybot -- -j16 -l16
[1.247s] DEBUG:colcon.colcon_core.event_handler.log_command:Invoking command in '/home/duallife/projects/urdf/build/mybot': AMENT_PREFIX_PATH=/home/duallife/projects/urdf/install/robo6:/home/duallife/projects/urdf/install/mybot:/home/duallife/projects/urdf/install/interface:/home/duallife/projects/urdf/install/ROBOv2:/opt/ros/humble CMAKE_PREFIX_PATH=${CMAKE_PREFIX_PATH}:/home/duallife/projects/urdf/install/robo6:/home/duallife/projects/urdf/install/ROBOv2:/opt/ros/humble /usr/bin/cmake --install /home/duallife/projects/urdf/build/mybot
[1.257s] Level 1:colcon.colcon_core.environment:create_environment_scripts_only(mybot)
[1.257s] DEBUG:colcon.colcon_core.event_handler.log_command:Invoked command in '/home/duallife/projects/urdf/build/mybot' returned '0': AMENT_PREFIX_PATH=/home/duallife/projects/urdf/install/robo6:/home/duallife/projects/urdf/install/mybot:/home/duallife/projects/urdf/install/interface:/home/duallife/projects/urdf/install/ROBOv2:/opt/ros/humble CMAKE_PREFIX_PATH=${CMAKE_PREFIX_PATH}:/home/duallife/projects/urdf/install/robo6:/home/duallife/projects/urdf/install/ROBOv2:/opt/ros/humble /usr/bin/cmake --install /home/duallife/projects/urdf/build/mybot
[1.257s] Level 1:colcon.colcon_core.environment:checking '/home/duallife/projects/urdf/install/mybot' for CMake module files
[1.258s] Level 1:colcon.colcon_core.environment:checking '/home/duallife/projects/urdf/install/mybot' for CMake config files
[1.258s] Level 1:colcon.colcon_core.shell:create_environment_hook('mybot', 'cmake_prefix_path')
[1.258s] INFO:colcon.colcon_core.shell:Creating environment hook '/home/duallife/projects/urdf/install/mybot/share/mybot/hook/cmake_prefix_path.ps1'
[1.258s] INFO:colcon.colcon_core.shell:Creating environment descriptor '/home/duallife/projects/urdf/install/mybot/share/mybot/hook/cmake_prefix_path.dsv'
[1.259s] INFO:colcon.colcon_core.shell:Creating environment hook '/home/duallife/projects/urdf/install/mybot/share/mybot/hook/cmake_prefix_path.sh'
[1.259s] Level 1:colcon.colcon_core.environment:checking '/home/duallife/projects/urdf/install/mybot/bin'
[1.259s] Level 1:colcon.colcon_core.environment:checking '/home/duallife/projects/urdf/install/mybot/lib/pkgconfig/mybot.pc'
[1.259s] Level 1:colcon.colcon_core.environment:checking '/home/duallife/projects/urdf/install/mybot/lib/python3.10/site-packages'
[1.259s] Level 1:colcon.colcon_core.environment:checking '/home/duallife/projects/urdf/install/mybot/bin'
[1.259s] INFO:colcon.colcon_core.shell:Creating package script '/home/duallife/projects/urdf/install/mybot/share/mybot/package.ps1'
[1.260s] INFO:colcon.colcon_core.shell:Creating package descriptor '/home/duallife/projects/urdf/install/mybot/share/mybot/package.dsv'
[1.260s] INFO:colcon.colcon_core.shell:Creating package script '/home/duallife/projects/urdf/install/mybot/share/mybot/package.sh'
[1.260s] INFO:colcon.colcon_core.shell:Creating package script '/home/duallife/projects/urdf/install/mybot/share/mybot/package.bash'
[1.260s] INFO:colcon.colcon_core.shell:Creating package script '/home/duallife/projects/urdf/install/mybot/share/mybot/package.zsh'
[1.261s] Level 1:colcon.colcon_core.environment:create_file_with_runtime_dependencies(/home/duallife/projects/urdf/install/mybot/share/colcon-core/packages/mybot)
[1.288s] Level 1:colcon.colcon_core.environment:create_environment_scripts_only(mybot)
[1.288s] Level 1:colcon.colcon_core.environment:checking '/home/duallife/projects/urdf/install/mybot' for CMake module files
[1.289s] Level 1:colcon.colcon_core.environment:checking '/home/duallife/projects/urdf/install/mybot' for CMake config files
[1.289s] Level 1:colcon.colcon_core.shell:create_environment_hook('mybot', 'cmake_prefix_path')
[1.289s] INFO:colcon.colcon_core.shell:Creating environment hook '/home/duallife/projects/urdf/install/mybot/share/mybot/hook/cmake_prefix_path.ps1'
[1.289s] INFO:colcon.colcon_core.shell:Creating environment descriptor '/home/duallife/projects/urdf/install/mybot/share/mybot/hook/cmake_prefix_path.dsv'
[1.289s] INFO:colcon.colcon_core.shell:Creating environment hook '/home/duallife/projects/urdf/install/mybot/share/mybot/hook/cmake_prefix_path.sh'
[1.290s] Level 1:colcon.colcon_core.environment:checking '/home/duallife/projects/urdf/install/mybot/bin'
[1.290s] Level 1:colcon.colcon_core.environment:checking '/home/duallife/projects/urdf/install/mybot/lib/pkgconfig/mybot.pc'
[1.290s] Level 1:colcon.colcon_core.environment:checking '/home/duallife/projects/urdf/install/mybot/lib/python3.10/site-packages'
[1.290s] Level 1:colcon.colcon_core.environment:checking '/home/duallife/projects/urdf/install/mybot/bin'
[1.290s] INFO:colcon.colcon_core.shell:Creating package script '/home/duallife/projects/urdf/install/mybot/share/mybot/package.ps1'
[1.291s] INFO:colcon.colcon_core.shell:Creating package descriptor '/home/duallife/projects/urdf/install/mybot/share/mybot/package.dsv'
[1.291s] INFO:colcon.colcon_core.shell:Creating package script '/home/duallife/projects/urdf/install/mybot/share/mybot/package.sh'
[1.291s] INFO:colcon.colcon_core.shell:Creating package script '/home/duallife/projects/urdf/install/mybot/share/mybot/package.bash'
[1.292s] INFO:colcon.colcon_core.shell:Creating package script '/home/duallife/projects/urdf/install/mybot/share/mybot/package.zsh'
[1.292s] Level 1:colcon.colcon_core.environment:create_file_with_runtime_dependencies(/home/duallife/projects/urdf/install/mybot/share/colcon-core/packages/mybot)
[1.292s] DEBUG:colcon.colcon_parallel_executor.executor.parallel:closing loop
[1.292s] DEBUG:colcon.colcon_parallel_executor.executor.parallel:loop closed
[1.292s] DEBUG:colcon.colcon_parallel_executor.executor.parallel:run_until_complete finished with '0'
[1.292s] DEBUG:colcon.colcon_core.event_reactor:joining thread
[1.297s] INFO:colcon.colcon_core.plugin_system:Skipping extension 'colcon_notification.desktop_notification.terminal_notifier': Not used on non-Darwin systems
[1.297s] INFO:colcon.colcon_core.plugin_system:Skipping extension 'colcon_notification.desktop_notification.win32': Not used on non-Windows systems
[1.297s] INFO:colcon.colcon_notification.desktop_notification:Sending desktop notification using 'notify2'
[1.307s] DEBUG:colcon.colcon_core.event_reactor:joined thread
[1.307s] INFO:colcon.colcon_core.shell:Creating prefix script '/home/duallife/projects/urdf/install/local_setup.ps1'
[1.308s] INFO:colcon.colcon_core.shell:Creating prefix util module '/home/duallife/projects/urdf/install/_local_setup_util_ps1.py'
[1.309s] INFO:colcon.colcon_core.shell:Creating prefix chain script '/home/duallife/projects/urdf/install/setup.ps1'
[1.310s] INFO:colcon.colcon_core.shell:Creating prefix script '/home/duallife/projects/urdf/install/local_setup.sh'
[1.310s] INFO:colcon.colcon_core.shell:Creating prefix util module '/home/duallife/projects/urdf/install/_local_setup_util_sh.py'
[1.310s] INFO:colcon.colcon_core.shell:Creating prefix chain script '/home/duallife/projects/urdf/install/setup.sh'
[1.311s] INFO:colcon.colcon_core.shell:Creating prefix script '/home/duallife/projects/urdf/install/local_setup.bash'
[1.311s] INFO:colcon.colcon_core.shell:Creating prefix chain script '/home/duallife/projects/urdf/install/setup.bash'
[1.312s] INFO:colcon.colcon_core.shell:Creating prefix script '/home/duallife/projects/urdf/install/local_setup.zsh'
[1.313s] INFO:colcon.colcon_core.shell:Creating prefix chain script '/home/duallife/projects/urdf/install/setup.zsh'
