[0.440s] Invoking command in '/home/duallife/projects/urdf/robo6': PYTHONPATH=/home/duallife/projects/urdf/build/robo6/prefix_override:/usr/lib/python3/dist-packages/colcon_core/task/python/colcon_distutils_commands:/home/duallife/projects/urdf/install/robo6/lib/python3.10/site-packages:${PYTHONPATH} /usr/bin/python3 -W ignore:setup.py install is deprecated setup.py egg_info --egg-base ../build/robo6 build --build-base /home/duallife/projects/urdf/build/robo6/build install --record /home/duallife/projects/urdf/build/robo6/install.log --single-version-externally-managed install_data
[0.609s] running egg_info
[0.610s] writing ../build/robo6/robo6.egg-info/PKG-INFO
[0.610s] writing dependency_links to ../build/robo6/robo6.egg-info/dependency_links.txt
[0.610s] writing entry points to ../build/robo6/robo6.egg-info/entry_points.txt
[0.610s] writing requirements to ../build/robo6/robo6.egg-info/requires.txt
[0.610s] writing top-level names to ../build/robo6/robo6.egg-info/top_level.txt
[0.611s] reading manifest file '../build/robo6/robo6.egg-info/SOURCES.txt'
[0.612s] writing manifest file '../build/robo6/robo6.egg-info/SOURCES.txt'
[0.612s] running build
[0.612s] running build_py
[0.612s] running install
[0.613s] running install_lib
[0.613s] running install_data
[0.614s] creating /home/duallife/projects/urdf/install/robo6/share/robo6/resource
[0.614s] copying resource/test_sub.py -> /home/duallife/projects/urdf/install/robo6/share/robo6/resource
[0.614s] copying resource/robo6 -> /home/duallife/projects/urdf/install/robo6/share/robo6/resource
[0.614s] running install_egg_info
[0.615s] removing '/home/duallife/projects/urdf/install/robo6/lib/python3.10/site-packages/robo6-0.0.0-py3.10.egg-info' (and everything under it)
[0.615s] Copying ../build/robo6/robo6.egg-info to /home/duallife/projects/urdf/install/robo6/lib/python3.10/site-packages/robo6-0.0.0-py3.10.egg-info
[0.616s] running install_scripts
[0.629s] Installing test_sub script to /home/duallife/projects/urdf/install/robo6/lib/robo6
[0.629s] writing list of installed files to '/home/duallife/projects/urdf/build/robo6/install.log'
[0.649s] Invoked command in '/home/duallife/projects/urdf/robo6' returned '0': PYTHONPATH=/home/duallife/projects/urdf/build/robo6/prefix_override:/usr/lib/python3/dist-packages/colcon_core/task/python/colcon_distutils_commands:/home/duallife/projects/urdf/install/robo6/lib/python3.10/site-packages:${PYTHONPATH} /usr/bin/python3 -W ignore:setup.py install is deprecated setup.py egg_info --egg-base ../build/robo6 build --build-base /home/duallife/projects/urdf/build/robo6/build install --record /home/duallife/projects/urdf/build/robo6/install.log --single-version-externally-managed install_data
