/home/duallife/projects/urdf/install/ROBOv2/lib/python3.10/site-packages/ROBOv2/jointAnglePub.py
/home/duallife/projects/urdf/install/ROBOv2/lib/python3.10/site-packages/ROBOv2/__init__.py
/home/duallife/projects/urdf/install/ROBOv2/lib/python3.10/site-packages/ROBOv2/test_sub.py
/home/duallife/projects/urdf/install/ROBOv2/lib/python3.10/site-packages/ROBOv2/test_pub.py
/home/duallife/projects/urdf/install/ROBOv2/lib/python3.10/site-packages/ROBOv2/__pycache__/jointAnglePub.cpython-310.pyc
/home/duallife/projects/urdf/install/ROBOv2/lib/python3.10/site-packages/ROBOv2/__pycache__/__init__.cpython-310.pyc
/home/duallife/projects/urdf/install/ROBOv2/lib/python3.10/site-packages/ROBOv2/__pycache__/test_sub.cpython-310.pyc
/home/duallife/projects/urdf/install/ROBOv2/lib/python3.10/site-packages/ROBOv2/__pycache__/test_pub.cpython-310.pyc
/home/duallife/projects/urdf/install/ROBOv2/share/ament_index/resource_index/packages/ROBOv2
/home/duallife/projects/urdf/install/ROBOv2/share/ROBOv2/package.xml
/home/duallife/projects/urdf/install/ROBOv2/share/ROBOv2/launch/gazebo.launch.py
/home/duallife/projects/urdf/install/ROBOv2/share/ROBOv2/launch/display_rviz2.launch.py
/home/duallife/projects/urdf/install/ROBOv2/share/ROBOv2/urdf/ROBOv2.urdf
/home/duallife/projects/urdf/install/ROBOv2/share/ROBOv2/urdf/ROBOv2gazebo.urdf
/home/duallife/projects/urdf/install/ROBOv2/share/ROBOv2/urdf/ROBOv2.csv
/home/duallife/projects/urdf/install/ROBOv2/share/ROBOv2/meshes/link4.STL
/home/duallife/projects/urdf/install/ROBOv2/share/ROBOv2/meshes/link3.STL
/home/duallife/projects/urdf/install/ROBOv2/share/ROBOv2/meshes/link6.STL
/home/duallife/projects/urdf/install/ROBOv2/share/ROBOv2/meshes/link5.STL
/home/duallife/projects/urdf/install/ROBOv2/share/ROBOv2/meshes/link2.STL
/home/duallife/projects/urdf/install/ROBOv2/share/ROBOv2/meshes/base_link.STL
/home/duallife/projects/urdf/install/ROBOv2/share/ROBOv2/meshes/link1.STL
/home/duallife/projects/urdf/install/ROBOv2/lib/python3.10/site-packages/ROBOv2-1.0.0-py3.10.egg-info/dependency_links.txt
/home/duallife/projects/urdf/install/ROBOv2/lib/python3.10/site-packages/ROBOv2-1.0.0-py3.10.egg-info/PKG-INFO
/home/duallife/projects/urdf/install/ROBOv2/lib/python3.10/site-packages/ROBOv2-1.0.0-py3.10.egg-info/zip-safe
/home/duallife/projects/urdf/install/ROBOv2/lib/python3.10/site-packages/ROBOv2-1.0.0-py3.10.egg-info/requires.txt
/home/duallife/projects/urdf/install/ROBOv2/lib/python3.10/site-packages/ROBOv2-1.0.0-py3.10.egg-info/entry_points.txt
/home/duallife/projects/urdf/install/ROBOv2/lib/python3.10/site-packages/ROBOv2-1.0.0-py3.10.egg-info/top_level.txt
/home/duallife/projects/urdf/install/ROBOv2/lib/python3.10/site-packages/ROBOv2-1.0.0-py3.10.egg-info/SOURCES.txt
/home/duallife/projects/urdf/install/ROBOv2/lib/ROBOv2/jointAnglePub
/home/duallife/projects/urdf/install/ROBOv2/lib/ROBOv2/test_pub
/home/duallife/projects/urdf/install/ROBOv2/lib/ROBOv2/test_sub
