[0.423s] Invoking command in '/home/duallife/projects/urdf/robo6': PYTHONPATH=/home/duallife/projects/urdf/build/robo6/prefix_override:/home/duallife/projects/urdf/install/robo6/lib/python3.10/site-packages:${PYTHONPATH} /usr/bin/python3 -W ignore:setup.py install is deprecated setup.py egg_info --egg-base ../build/robo6 build --build-base /home/duallife/projects/urdf/build/robo6/build install --record /home/duallife/projects/urdf/build/robo6/install.log --single-version-externally-managed install_data
[0.583s] running egg_info
[0.584s] writing ../build/robo6/robo6.egg-info/PKG-INFO
[0.584s] writing dependency_links to ../build/robo6/robo6.egg-info/dependency_links.txt
[0.584s] writing entry points to ../build/robo6/robo6.egg-info/entry_points.txt
[0.584s] writing requirements to ../build/robo6/robo6.egg-info/requires.txt
[0.584s] writing top-level names to ../build/robo6/robo6.egg-info/top_level.txt
[0.585s] reading manifest file '../build/robo6/robo6.egg-info/SOURCES.txt'
[0.586s] writing manifest file '../build/robo6/robo6.egg-info/SOURCES.txt'
[0.586s] running build
[0.586s] running build_py
[0.586s] running install
[0.586s] running install_lib
[0.587s] running install_data
[0.587s] copying launch/gazebo.launch.py -> /home/duallife/projects/urdf/install/robo6/share/robo6/launch
[0.587s] running install_egg_info
[0.588s] removing '/home/duallife/projects/urdf/install/robo6/lib/python3.10/site-packages/robo6-0.0.0-py3.10.egg-info' (and everything under it)
[0.588s] Copying ../build/robo6/robo6.egg-info to /home/duallife/projects/urdf/install/robo6/lib/python3.10/site-packages/robo6-0.0.0-py3.10.egg-info
[0.589s] running install_scripts
[0.603s] writing list of installed files to '/home/duallife/projects/urdf/build/robo6/install.log'
[0.618s] Invoked command in '/home/duallife/projects/urdf/robo6' returned '0': PYTHONPATH=/home/duallife/projects/urdf/build/robo6/prefix_override:/home/duallife/projects/urdf/install/robo6/lib/python3.10/site-packages:${PYTHONPATH} /usr/bin/python3 -W ignore:setup.py install is deprecated setup.py egg_info --egg-base ../build/robo6 build --build-base /home/duallife/projects/urdf/build/robo6/build install --record /home/duallife/projects/urdf/build/robo6/install.log --single-version-externally-managed install_data
