running egg_info
writing ../build/robo6/robo6.egg-info/PKG-INFO
writing dependency_links to ../build/robo6/robo6.egg-info/dependency_links.txt
writing entry points to ../build/robo6/robo6.egg-info/entry_points.txt
writing requirements to ../build/robo6/robo6.egg-info/requires.txt
writing top-level names to ../build/robo6/robo6.egg-info/top_level.txt
reading manifest file '../build/robo6/robo6.egg-info/SOURCES.txt'
writing manifest file '../build/robo6/robo6.egg-info/SOURCES.txt'
running build
running build_py
copying robo6/jointAnglePub.py -> /home/duallife/projects/urdf/build/robo6/build/lib/robo6
running install
running install_lib
copying /home/duallife/projects/urdf/build/robo6/build/lib/robo6/jointAnglePub.py -> /home/duallife/projects/urdf/install/robo6/lib/python3.10/site-packages/robo6
byte-compiling /home/duallife/projects/urdf/install/robo6/lib/python3.10/site-packages/robo6/jointAnglePub.py to jointAnglePub.cpython-310.pyc
running install_data
running install_egg_info
removing '/home/duallife/projects/urdf/install/robo6/lib/python3.10/site-packages/robo6-0.0.0-py3.10.egg-info' (and everything under it)
Copying ../build/robo6/robo6.egg-info to /home/duallife/projects/urdf/install/robo6/lib/python3.10/site-packages/robo6-0.0.0-py3.10.egg-info
running install_scripts
Installing test_pub script to /home/duallife/projects/urdf/install/robo6/lib/robo6
Installing test_sub script to /home/duallife/projects/urdf/install/robo6/lib/robo6
writing list of installed files to '/home/duallife/projects/urdf/build/robo6/install.log'
