[0.819s] Invoking command in '/home/duallife/projects/urdf/ROBOv2': PYTHONPATH=/home/duallife/projects/urdf/build/ROBOv2/prefix_override:/usr/lib/python3/dist-packages/colcon_core/task/python/colcon_distutils_commands:/home/duallife/projects/urdf/install/ROBOv2/lib/python3.10/site-packages:${PYTHONPATH} /usr/bin/python3 -W ignore:setup.py install is deprecated setup.py egg_info --egg-base ../build/ROBOv2 build --build-base /home/duallife/projects/urdf/build/ROBOv2/build install --record /home/duallife/projects/urdf/build/ROBOv2/install.log --single-version-externally-managed install_data
[1.003s] running egg_info
[1.004s] writing ../build/ROBOv2/ROBOv2.egg-info/PKG-INFO
[1.004s] writing dependency_links to ../build/ROBOv2/ROBOv2.egg-info/dependency_links.txt
[1.004s] writing entry points to ../build/ROBOv2/ROBOv2.egg-info/entry_points.txt
[1.004s] writing requirements to ../build/ROBOv2/ROBOv2.egg-info/requires.txt
[1.004s] writing top-level names to ../build/ROBOv2/ROBOv2.egg-info/top_level.txt
[1.006s] reading manifest file '../build/ROBOv2/ROBOv2.egg-info/SOURCES.txt'
[1.007s] writing manifest file '../build/ROBOv2/ROBOv2.egg-info/SOURCES.txt'
[1.007s] running build
[1.007s] running build_py
[1.007s] running install
[1.008s] running install_lib
[1.008s] running install_data
[1.009s] running install_egg_info
[1.011s] removing '/home/duallife/projects/urdf/install/ROBOv2/lib/python3.10/site-packages/ROBOv2-1.0.0-py3.10.egg-info' (and everything under it)
[1.011s] Copying ../build/ROBOv2/ROBOv2.egg-info to /home/duallife/projects/urdf/install/ROBOv2/lib/python3.10/site-packages/ROBOv2-1.0.0-py3.10.egg-info
[1.012s] running install_scripts
[1.027s] Installing jointAnglePub script to /home/duallife/projects/urdf/install/ROBOv2/lib/ROBOv2
[1.027s] Installing test_pub script to /home/duallife/projects/urdf/install/ROBOv2/lib/ROBOv2
[1.027s] Installing test_sub script to /home/duallife/projects/urdf/install/ROBOv2/lib/ROBOv2
[1.028s] writing list of installed files to '/home/duallife/projects/urdf/build/ROBOv2/install.log'
[1.057s] Invoked command in '/home/duallife/projects/urdf/ROBOv2' returned '0': PYTHONPATH=/home/duallife/projects/urdf/build/ROBOv2/prefix_override:/usr/lib/python3/dist-packages/colcon_core/task/python/colcon_distutils_commands:/home/duallife/projects/urdf/install/ROBOv2/lib/python3.10/site-packages:${PYTHONPATH} /usr/bin/python3 -W ignore:setup.py install is deprecated setup.py egg_info --egg-base ../build/ROBOv2 build --build-base /home/duallife/projects/urdf/build/ROBOv2/build install --record /home/duallife/projects/urdf/build/ROBOv2/install.log --single-version-externally-managed install_data
