[0.101s] DEBUG:colcon:Command line arguments: ['/usr/bin/colcon', 'build']
[0.101s] DEBUG:colcon:Parsed command line arguments: Namespace(log_base=None, log_level=None, verb_name='build', build_base='build', install_base='install', merge_install=False, symlink_install=False, test_result_base=None, continue_on_error=False, executor='parallel', parallel_workers=16, event_handlers=None, ignore_user_meta=False, metas=['./colcon.meta'], base_paths=['.'], packages_ignore=None, packages_ignore_regex=None, paths=None, packages_up_to=None, packages_up_to_regex=None, packages_above=None, packages_above_and_dependencies=None, packages_above_depth=None, packages_select_by_dep=None, packages_skip_by_dep=None, packages_skip_up_to=None, packages_select_build_failed=False, packages_skip_build_finished=False, packages_select_test_failures=False, packages_skip_test_passed=False, packages_select=None, packages_skip=None, packages_select_regex=None, packages_skip_regex=None, packages_start=None, packages_end=None, allow_overriding=[], cmake_args=None, cmake_target=None, cmake_target_skip_unavailable=False, cmake_clean_cache=False, cmake_clean_first=False, cmake_force_configure=False, ament_cmake_args=None, catkin_cmake_args=None, catkin_skip_building_tests=False, verb_parser=<colcon_defaults.argument_parser.defaults.DefaultArgumentsDecorator object at 0x70ea86841e70>, verb_extension=<colcon_core.verb.build.BuildVerb object at 0x70ea86841930>, main=<bound method BuildVerb.main of <colcon_core.verb.build.BuildVerb object at 0x70ea86841930>>)
[0.276s] Level 1:colcon.colcon_core.package_discovery:discover_packages(colcon_meta) check parameters
[0.276s] Level 1:colcon.colcon_core.package_discovery:discover_packages(recursive) check parameters
[0.276s] Level 1:colcon.colcon_core.package_discovery:discover_packages(ignore) check parameters
[0.276s] Level 1:colcon.colcon_core.package_discovery:discover_packages(path) check parameters
[0.276s] Level 1:colcon.colcon_core.package_discovery:discover_packages(colcon_meta) discover
[0.276s] Level 1:colcon.colcon_core.package_discovery:discover_packages(recursive) discover
[0.276s] INFO:colcon.colcon_core.package_discovery:Crawling recursively for packages in '/home/duallife/projects/urdf'
[0.276s] Level 1:colcon.colcon_core.package_identification:_identify(.) by extensions ['ignore', 'ignore_ament_install']
[0.276s] Level 1:colcon.colcon_core.package_identification:_identify(.) by extension 'ignore'
[0.276s] Level 1:colcon.colcon_core.package_identification:_identify(.) by extension 'ignore_ament_install'
[0.276s] Level 1:colcon.colcon_core.package_identification:_identify(.) by extensions ['colcon_pkg']
[0.276s] Level 1:colcon.colcon_core.package_identification:_identify(.) by extension 'colcon_pkg'
[0.276s] Level 1:colcon.colcon_core.package_identification:_identify(.) by extensions ['colcon_meta']
[0.276s] Level 1:colcon.colcon_core.package_identification:_identify(.) by extension 'colcon_meta'
[0.276s] Level 1:colcon.colcon_core.package_identification:_identify(.) by extensions ['ros']
[0.276s] Level 1:colcon.colcon_core.package_identification:_identify(.) by extension 'ros'
[0.285s] Level 1:colcon.colcon_core.package_identification:_identify(.) by extensions ['cmake', 'python']
[0.285s] Level 1:colcon.colcon_core.package_identification:_identify(.) by extension 'cmake'
[0.285s] Level 1:colcon.colcon_core.package_identification:_identify(.) by extension 'python'
[0.285s] Level 1:colcon.colcon_core.package_identification:_identify(.) by extensions ['python_setup_py']
[0.285s] Level 1:colcon.colcon_core.package_identification:_identify(.) by extension 'python_setup_py'
[0.285s] Level 1:colcon.colcon_core.package_identification:_identify(ROBOv2) by extensions ['ignore', 'ignore_ament_install']
[0.285s] Level 1:colcon.colcon_core.package_identification:_identify(ROBOv2) by extension 'ignore'
[0.285s] Level 1:colcon.colcon_core.package_identification:_identify(ROBOv2) by extension 'ignore_ament_install'
[0.285s] Level 1:colcon.colcon_core.package_identification:_identify(ROBOv2) by extensions ['colcon_pkg']
[0.285s] Level 1:colcon.colcon_core.package_identification:_identify(ROBOv2) by extension 'colcon_pkg'
[0.285s] Level 1:colcon.colcon_core.package_identification:_identify(ROBOv2) by extensions ['colcon_meta']
[0.285s] Level 1:colcon.colcon_core.package_identification:_identify(ROBOv2) by extension 'colcon_meta'
[0.285s] Level 1:colcon.colcon_core.package_identification:_identify(ROBOv2) by extensions ['ros']
[0.285s] Level 1:colcon.colcon_core.package_identification:_identify(ROBOv2) by extension 'ros'
[0.287s] DEBUG:colcon.colcon_core.package_identification:Package 'ROBOv2' with type 'ros.ament_python' and name 'ROBOv2'
[0.287s] Level 1:colcon.colcon_core.package_identification:_identify(build) by extensions ['ignore', 'ignore_ament_install']
[0.288s] Level 1:colcon.colcon_core.package_identification:_identify(build) by extension 'ignore'
[0.288s] Level 1:colcon.colcon_core.package_identification:_identify(build) ignored
[0.288s] Level 1:colcon.colcon_core.package_identification:_identify(install) by extensions ['ignore', 'ignore_ament_install']
[0.288s] Level 1:colcon.colcon_core.package_identification:_identify(install) by extension 'ignore'
[0.288s] Level 1:colcon.colcon_core.package_identification:_identify(install) ignored
[0.288s] Level 1:colcon.colcon_core.package_identification:_identify(interface) by extensions ['ignore', 'ignore_ament_install']
[0.288s] Level 1:colcon.colcon_core.package_identification:_identify(interface) by extension 'ignore'
[0.288s] Level 1:colcon.colcon_core.package_identification:_identify(interface) by extension 'ignore_ament_install'
[0.288s] Level 1:colcon.colcon_core.package_identification:_identify(interface) by extensions ['colcon_pkg']
[0.288s] Level 1:colcon.colcon_core.package_identification:_identify(interface) by extension 'colcon_pkg'
[0.288s] Level 1:colcon.colcon_core.package_identification:_identify(interface) by extensions ['colcon_meta']
[0.288s] Level 1:colcon.colcon_core.package_identification:_identify(interface) by extension 'colcon_meta'
[0.288s] Level 1:colcon.colcon_core.package_identification:_identify(interface) by extensions ['ros']
[0.288s] Level 1:colcon.colcon_core.package_identification:_identify(interface) by extension 'ros'
[0.289s] DEBUG:colcon.colcon_core.package_identification:Package 'interface' with type 'ros.ament_cmake' and name 'interface'
[0.289s] Level 1:colcon.colcon_core.package_identification:_identify(log) by extensions ['ignore', 'ignore_ament_install']
[0.289s] Level 1:colcon.colcon_core.package_identification:_identify(log) by extension 'ignore'
[0.289s] Level 1:colcon.colcon_core.package_identification:_identify(log) ignored
[0.289s] Level 1:colcon.colcon_core.package_identification:_identify(mybot) by extensions ['ignore', 'ignore_ament_install']
[0.289s] Level 1:colcon.colcon_core.package_identification:_identify(mybot) by extension 'ignore'
[0.289s] Level 1:colcon.colcon_core.package_identification:_identify(mybot) by extension 'ignore_ament_install'
[0.289s] Level 1:colcon.colcon_core.package_identification:_identify(mybot) by extensions ['colcon_pkg']
[0.289s] Level 1:colcon.colcon_core.package_identification:_identify(mybot) by extension 'colcon_pkg'
[0.289s] Level 1:colcon.colcon_core.package_identification:_identify(mybot) by extensions ['colcon_meta']
[0.289s] Level 1:colcon.colcon_core.package_identification:_identify(mybot) by extension 'colcon_meta'
[0.289s] Level 1:colcon.colcon_core.package_identification:_identify(mybot) by extensions ['ros']
[0.289s] Level 1:colcon.colcon_core.package_identification:_identify(mybot) by extension 'ros'
[0.290s] DEBUG:colcon.colcon_core.package_identification:Package 'mybot' with type 'ros.ament_cmake' and name 'mybot'
[0.290s] Level 1:colcon.colcon_core.package_identification:_identify(robo6) by extensions ['ignore', 'ignore_ament_install']
[0.290s] Level 1:colcon.colcon_core.package_identification:_identify(robo6) by extension 'ignore'
[0.290s] Level 1:colcon.colcon_core.package_identification:_identify(robo6) by extension 'ignore_ament_install'
[0.290s] Level 1:colcon.colcon_core.package_identification:_identify(robo6) by extensions ['colcon_pkg']
[0.290s] Level 1:colcon.colcon_core.package_identification:_identify(robo6) by extension 'colcon_pkg'
[0.290s] Level 1:colcon.colcon_core.package_identification:_identify(robo6) by extensions ['colcon_meta']
[0.290s] Level 1:colcon.colcon_core.package_identification:_identify(robo6) by extension 'colcon_meta'
[0.290s] Level 1:colcon.colcon_core.package_identification:_identify(robo6) by extensions ['ros']
[0.290s] Level 1:colcon.colcon_core.package_identification:_identify(robo6) by extension 'ros'
[0.291s] DEBUG:colcon.colcon_core.package_identification:Package 'robo6' with type 'ros.ament_python' and name 'robo6'
[0.291s] Level 1:colcon.colcon_core.package_identification:_identify(robov2description) by extensions ['ignore', 'ignore_ament_install']
[0.291s] Level 1:colcon.colcon_core.package_identification:_identify(robov2description) by extension 'ignore'
[0.291s] Level 1:colcon.colcon_core.package_identification:_identify(robov2description) by extension 'ignore_ament_install'
[0.291s] Level 1:colcon.colcon_core.package_identification:_identify(robov2description) by extensions ['colcon_pkg']
[0.291s] Level 1:colcon.colcon_core.package_identification:_identify(robov2description) by extension 'colcon_pkg'
[0.291s] Level 1:colcon.colcon_core.package_identification:_identify(robov2description) by extensions ['colcon_meta']
[0.291s] Level 1:colcon.colcon_core.package_identification:_identify(robov2description) by extension 'colcon_meta'
[0.291s] Level 1:colcon.colcon_core.package_identification:_identify(robov2description) by extensions ['ros']
[0.291s] Level 1:colcon.colcon_core.package_identification:_identify(robov2description) by extension 'ros'
[0.291s] DEBUG:colcon.colcon_core.package_identification:Package 'robov2description' with type 'ros.ament_cmake' and name 'robov2description'
[0.291s] Level 1:colcon.colcon_core.package_discovery:discover_packages(recursive) using defaults
[0.291s] Level 1:colcon.colcon_core.package_discovery:discover_packages(ignore) discover
[0.292s] Level 1:colcon.colcon_core.package_discovery:discover_packages(ignore) using defaults
[0.292s] Level 1:colcon.colcon_core.package_discovery:discover_packages(path) discover
[0.292s] Level 1:colcon.colcon_core.package_discovery:discover_packages(path) using defaults
[0.321s] Level 1:colcon.colcon_core.package_discovery:discover_packages(prefix_path) check parameters
[0.321s] Level 1:colcon.colcon_core.package_discovery:discover_packages(prefix_path) discover
[0.324s] DEBUG:colcon.colcon_installed_package_information.package_discovery:Found 399 installed packages in /opt/ros/humble
[0.325s] Level 1:colcon.colcon_core.package_discovery:discover_packages(prefix_path) using defaults
[0.357s] Level 5:colcon.colcon_core.verb:set package 'ROBOv2' build argument 'cmake_args' from command line to 'None'
[0.357s] Level 5:colcon.colcon_core.verb:set package 'ROBOv2' build argument 'cmake_target' from command line to 'None'
[0.357s] Level 5:colcon.colcon_core.verb:set package 'ROBOv2' build argument 'cmake_target_skip_unavailable' from command line to 'False'
[0.357s] Level 5:colcon.colcon_core.verb:set package 'ROBOv2' build argument 'cmake_clean_cache' from command line to 'False'
[0.357s] Level 5:colcon.colcon_core.verb:set package 'ROBOv2' build argument 'cmake_clean_first' from command line to 'False'
[0.357s] Level 5:colcon.colcon_core.verb:set package 'ROBOv2' build argument 'cmake_force_configure' from command line to 'False'
[0.357s] Level 5:colcon.colcon_core.verb:set package 'ROBOv2' build argument 'ament_cmake_args' from command line to 'None'
[0.357s] Level 5:colcon.colcon_core.verb:set package 'ROBOv2' build argument 'catkin_cmake_args' from command line to 'None'
[0.357s] Level 5:colcon.colcon_core.verb:set package 'ROBOv2' build argument 'catkin_skip_building_tests' from command line to 'False'
[0.358s] DEBUG:colcon.colcon_core.verb:Building package 'ROBOv2' with the following arguments: {'ament_cmake_args': None, 'build_base': '/home/duallife/projects/urdf/build/ROBOv2', 'catkin_cmake_args': None, 'catkin_skip_building_tests': False, 'cmake_args': None, 'cmake_clean_cache': False, 'cmake_clean_first': False, 'cmake_force_configure': False, 'cmake_target': None, 'cmake_target_skip_unavailable': False, 'install_base': '/home/duallife/projects/urdf/install/ROBOv2', 'merge_install': False, 'path': '/home/duallife/projects/urdf/ROBOv2', 'symlink_install': False, 'test_result_base': None}
[0.358s] Level 5:colcon.colcon_core.verb:set package 'interface' build argument 'cmake_args' from command line to 'None'
[0.358s] Level 5:colcon.colcon_core.verb:set package 'interface' build argument 'cmake_target' from command line to 'None'
[0.358s] Level 5:colcon.colcon_core.verb:set package 'interface' build argument 'cmake_target_skip_unavailable' from command line to 'False'
[0.358s] Level 5:colcon.colcon_core.verb:set package 'interface' build argument 'cmake_clean_cache' from command line to 'False'
[0.358s] Level 5:colcon.colcon_core.verb:set package 'interface' build argument 'cmake_clean_first' from command line to 'False'
[0.358s] Level 5:colcon.colcon_core.verb:set package 'interface' build argument 'cmake_force_configure' from command line to 'False'
[0.358s] Level 5:colcon.colcon_core.verb:set package 'interface' build argument 'ament_cmake_args' from command line to 'None'
[0.358s] Level 5:colcon.colcon_core.verb:set package 'interface' build argument 'catkin_cmake_args' from command line to 'None'
[0.358s] Level 5:colcon.colcon_core.verb:set package 'interface' build argument 'catkin_skip_building_tests' from command line to 'False'
[0.358s] DEBUG:colcon.colcon_core.verb:Building package 'interface' with the following arguments: {'ament_cmake_args': None, 'build_base': '/home/duallife/projects/urdf/build/interface', 'catkin_cmake_args': None, 'catkin_skip_building_tests': False, 'cmake_args': None, 'cmake_clean_cache': False, 'cmake_clean_first': False, 'cmake_force_configure': False, 'cmake_target': None, 'cmake_target_skip_unavailable': False, 'install_base': '/home/duallife/projects/urdf/install/interface', 'merge_install': False, 'path': '/home/duallife/projects/urdf/interface', 'symlink_install': False, 'test_result_base': None}
[0.358s] Level 5:colcon.colcon_core.verb:set package 'robo6' build argument 'cmake_args' from command line to 'None'
[0.358s] Level 5:colcon.colcon_core.verb:set package 'robo6' build argument 'cmake_target' from command line to 'None'
[0.358s] Level 5:colcon.colcon_core.verb:set package 'robo6' build argument 'cmake_target_skip_unavailable' from command line to 'False'
[0.358s] Level 5:colcon.colcon_core.verb:set package 'robo6' build argument 'cmake_clean_cache' from command line to 'False'
[0.358s] Level 5:colcon.colcon_core.verb:set package 'robo6' build argument 'cmake_clean_first' from command line to 'False'
[0.358s] Level 5:colcon.colcon_core.verb:set package 'robo6' build argument 'cmake_force_configure' from command line to 'False'
[0.358s] Level 5:colcon.colcon_core.verb:set package 'robo6' build argument 'ament_cmake_args' from command line to 'None'
[0.358s] Level 5:colcon.colcon_core.verb:set package 'robo6' build argument 'catkin_cmake_args' from command line to 'None'
[0.358s] Level 5:colcon.colcon_core.verb:set package 'robo6' build argument 'catkin_skip_building_tests' from command line to 'False'
[0.358s] DEBUG:colcon.colcon_core.verb:Building package 'robo6' with the following arguments: {'ament_cmake_args': None, 'build_base': '/home/duallife/projects/urdf/build/robo6', 'catkin_cmake_args': None, 'catkin_skip_building_tests': False, 'cmake_args': None, 'cmake_clean_cache': False, 'cmake_clean_first': False, 'cmake_force_configure': False, 'cmake_target': None, 'cmake_target_skip_unavailable': False, 'install_base': '/home/duallife/projects/urdf/install/robo6', 'merge_install': False, 'path': '/home/duallife/projects/urdf/robo6', 'symlink_install': False, 'test_result_base': None}
[0.358s] Level 5:colcon.colcon_core.verb:set package 'mybot' build argument 'cmake_args' from command line to 'None'
[0.358s] Level 5:colcon.colcon_core.verb:set package 'mybot' build argument 'cmake_target' from command line to 'None'
[0.358s] Level 5:colcon.colcon_core.verb:set package 'mybot' build argument 'cmake_target_skip_unavailable' from command line to 'False'
[0.359s] Level 5:colcon.colcon_core.verb:set package 'mybot' build argument 'cmake_clean_cache' from command line to 'False'
[0.359s] Level 5:colcon.colcon_core.verb:set package 'mybot' build argument 'cmake_clean_first' from command line to 'False'
[0.359s] Level 5:colcon.colcon_core.verb:set package 'mybot' build argument 'cmake_force_configure' from command line to 'False'
[0.359s] Level 5:colcon.colcon_core.verb:set package 'mybot' build argument 'ament_cmake_args' from command line to 'None'
[0.359s] Level 5:colcon.colcon_core.verb:set package 'mybot' build argument 'catkin_cmake_args' from command line to 'None'
[0.359s] Level 5:colcon.colcon_core.verb:set package 'mybot' build argument 'catkin_skip_building_tests' from command line to 'False'
[0.359s] DEBUG:colcon.colcon_core.verb:Building package 'mybot' with the following arguments: {'ament_cmake_args': None, 'build_base': '/home/duallife/projects/urdf/build/mybot', 'catkin_cmake_args': None, 'catkin_skip_building_tests': False, 'cmake_args': None, 'cmake_clean_cache': False, 'cmake_clean_first': False, 'cmake_force_configure': False, 'cmake_target': None, 'cmake_target_skip_unavailable': False, 'install_base': '/home/duallife/projects/urdf/install/mybot', 'merge_install': False, 'path': '/home/duallife/projects/urdf/mybot', 'symlink_install': False, 'test_result_base': None}
[0.359s] Level 5:colcon.colcon_core.verb:set package 'robov2description' build argument 'cmake_args' from command line to 'None'
[0.359s] Level 5:colcon.colcon_core.verb:set package 'robov2description' build argument 'cmake_target' from command line to 'None'
[0.359s] Level 5:colcon.colcon_core.verb:set package 'robov2description' build argument 'cmake_target_skip_unavailable' from command line to 'False'
[0.359s] Level 5:colcon.colcon_core.verb:set package 'robov2description' build argument 'cmake_clean_cache' from command line to 'False'
[0.359s] Level 5:colcon.colcon_core.verb:set package 'robov2description' build argument 'cmake_clean_first' from command line to 'False'
[0.359s] Level 5:colcon.colcon_core.verb:set package 'robov2description' build argument 'cmake_force_configure' from command line to 'False'
[0.359s] Level 5:colcon.colcon_core.verb:set package 'robov2description' build argument 'ament_cmake_args' from command line to 'None'
[0.359s] Level 5:colcon.colcon_core.verb:set package 'robov2description' build argument 'catkin_cmake_args' from command line to 'None'
[0.359s] Level 5:colcon.colcon_core.verb:set package 'robov2description' build argument 'catkin_skip_building_tests' from command line to 'False'
[0.359s] DEBUG:colcon.colcon_core.verb:Building package 'robov2description' with the following arguments: {'ament_cmake_args': None, 'build_base': '/home/duallife/projects/urdf/build/robov2description', 'catkin_cmake_args': None, 'catkin_skip_building_tests': False, 'cmake_args': None, 'cmake_clean_cache': False, 'cmake_clean_first': False, 'cmake_force_configure': False, 'cmake_target': None, 'cmake_target_skip_unavailable': False, 'install_base': '/home/duallife/projects/urdf/install/robov2description', 'merge_install': False, 'path': '/home/duallife/projects/urdf/robov2description', 'symlink_install': False, 'test_result_base': None}
[0.359s] INFO:colcon.colcon_core.executor:Executing jobs using 'parallel' executor
[0.360s] DEBUG:colcon.colcon_parallel_executor.executor.parallel:run_until_complete
[0.360s] INFO:colcon.colcon_ros.task.ament_python.build:Building ROS package in '/home/duallife/projects/urdf/ROBOv2' with build type 'ament_python'
[0.360s] Level 1:colcon.colcon_core.shell:create_environment_hook('ROBOv2', 'ament_prefix_path')
[0.363s] INFO:colcon.colcon_core.plugin_system:Skipping extension 'colcon_core.shell.bat': Not used on non-Windows systems
[0.363s] INFO:colcon.colcon_core.shell:Creating environment hook '/home/duallife/projects/urdf/install/ROBOv2/share/ROBOv2/hook/ament_prefix_path.ps1'
[0.364s] INFO:colcon.colcon_core.shell:Creating environment descriptor '/home/duallife/projects/urdf/install/ROBOv2/share/ROBOv2/hook/ament_prefix_path.dsv'
[0.364s] INFO:colcon.colcon_core.shell:Creating environment hook '/home/duallife/projects/urdf/install/ROBOv2/share/ROBOv2/hook/ament_prefix_path.sh'
[0.365s] INFO:colcon.colcon_core.shell:Skip shell extension 'powershell' for command environment: Not usable outside of PowerShell
[0.365s] DEBUG:colcon.colcon_core.shell:Skip shell extension 'dsv' for command environment
[0.367s] INFO:colcon.colcon_ros.task.ament_python.build:Building ROS package in '/home/duallife/projects/urdf/robo6' with build type 'ament_python'
[0.367s] Level 1:colcon.colcon_core.shell:create_environment_hook('robo6', 'ament_prefix_path')
[0.368s] INFO:colcon.colcon_core.shell:Creating environment hook '/home/duallife/projects/urdf/install/robo6/share/robo6/hook/ament_prefix_path.ps1'
[0.368s] INFO:colcon.colcon_core.shell:Creating environment descriptor '/home/duallife/projects/urdf/install/robo6/share/robo6/hook/ament_prefix_path.dsv'
[0.368s] INFO:colcon.colcon_core.shell:Creating environment hook '/home/duallife/projects/urdf/install/robo6/share/robo6/hook/ament_prefix_path.sh'
[0.369s] INFO:colcon.colcon_core.shell:Skip shell extension 'powershell' for command environment: Not usable outside of PowerShell
[0.369s] DEBUG:colcon.colcon_core.shell:Skip shell extension 'dsv' for command environment
[0.371s] INFO:colcon.colcon_ros.task.ament_cmake.build:Building ROS package in '/home/duallife/projects/urdf/interface' with build type 'ament_cmake'
[0.371s] INFO:colcon.colcon_cmake.task.cmake.build:Building CMake package in '/home/duallife/projects/urdf/interface'
[0.371s] INFO:colcon.colcon_core.shell:Skip shell extension 'powershell' for command environment: Not usable outside of PowerShell
[0.371s] DEBUG:colcon.colcon_core.shell:Skip shell extension 'dsv' for command environment
[0.552s] INFO:colcon.colcon_core.task.python.build:Building Python package in '/home/duallife/projects/urdf/ROBOv2'
[0.552s] INFO:colcon.colcon_core.shell:Skip shell extension 'powershell' for command environment: Not usable outside of PowerShell
[0.552s] DEBUG:colcon.colcon_core.shell:Skip shell extension 'dsv' for command environment
[0.731s] INFO:colcon.colcon_core.task.python.build:Building Python package in '/home/duallife/projects/urdf/robo6'
[0.732s] INFO:colcon.colcon_core.shell:Skip shell extension 'powershell' for command environment: Not usable outside of PowerShell
[0.732s] DEBUG:colcon.colcon_core.shell:Skip shell extension 'dsv' for command environment
[0.739s] DEBUG:colcon.colcon_core.event_handler.log_command:Invoking command in '/home/duallife/projects/urdf/build/interface': CMAKE_PREFIX_PATH=/opt/ros/humble /usr/bin/cmake --build /home/duallife/projects/urdf/build/interface -- -j16 -l16
[1.053s] DEBUG:colcon.colcon_core.event_handler.log_command:Invoked command in '/home/duallife/projects/urdf/build/interface' returned '0': CMAKE_PREFIX_PATH=/opt/ros/humble /usr/bin/cmake --build /home/duallife/projects/urdf/build/interface -- -j16 -l16
[1.080s] DEBUG:colcon.colcon_core.event_handler.log_command:Invoking command in '/home/duallife/projects/urdf/robo6': PYTHONPATH=/home/duallife/projects/urdf/build/robo6/prefix_override:/usr/lib/python3/dist-packages/colcon_core/task/python/colcon_distutils_commands:/home/duallife/projects/urdf/install/robo6/lib/python3.10/site-packages:${PYTHONPATH} /usr/bin/python3 -W ignore:setup.py install is deprecated setup.py egg_info --egg-base ../build/robo6 build --build-base /home/duallife/projects/urdf/build/robo6/build install --record /home/duallife/projects/urdf/build/robo6/install.log --single-version-externally-managed install_data
[1.081s] DEBUG:colcon.colcon_core.event_handler.log_command:Invoking command in '/home/duallife/projects/urdf/ROBOv2': PYTHONPATH=/home/duallife/projects/urdf/build/ROBOv2/prefix_override:/usr/lib/python3/dist-packages/colcon_core/task/python/colcon_distutils_commands:/home/duallife/projects/urdf/install/ROBOv2/lib/python3.10/site-packages:${PYTHONPATH} /usr/bin/python3 -W ignore:setup.py install is deprecated setup.py egg_info --egg-base ../build/ROBOv2 build --build-base /home/duallife/projects/urdf/build/ROBOv2/build install --record /home/duallife/projects/urdf/build/ROBOv2/install.log --single-version-externally-managed install_data
[1.142s] DEBUG:colcon.colcon_core.event_handler.log_command:Invoking command in '/home/duallife/projects/urdf/build/interface': CMAKE_PREFIX_PATH=/opt/ros/humble /usr/bin/cmake --install /home/duallife/projects/urdf/build/interface
[1.197s] Level 1:colcon.colcon_core.environment:create_environment_scripts_only(interface)
[1.197s] DEBUG:colcon.colcon_core.event_handler.log_command:Invoked command in '/home/duallife/projects/urdf/build/interface' returned '0': CMAKE_PREFIX_PATH=/opt/ros/humble /usr/bin/cmake --install /home/duallife/projects/urdf/build/interface
[1.201s] Level 1:colcon.colcon_core.environment:checking '/home/duallife/projects/urdf/install/interface' for CMake module files
[1.202s] Level 1:colcon.colcon_core.environment:checking '/home/duallife/projects/urdf/install/interface' for CMake config files
[1.202s] Level 1:colcon.colcon_core.shell:create_environment_hook('interface', 'cmake_prefix_path')
[1.202s] INFO:colcon.colcon_core.shell:Creating environment hook '/home/duallife/projects/urdf/install/interface/share/interface/hook/cmake_prefix_path.ps1'
[1.202s] INFO:colcon.colcon_core.shell:Creating environment descriptor '/home/duallife/projects/urdf/install/interface/share/interface/hook/cmake_prefix_path.dsv'
[1.203s] INFO:colcon.colcon_core.shell:Creating environment hook '/home/duallife/projects/urdf/install/interface/share/interface/hook/cmake_prefix_path.sh'
[1.203s] Level 1:colcon.colcon_core.environment:checking '/home/duallife/projects/urdf/install/interface/lib'
[1.203s] Level 1:colcon.colcon_core.shell:create_environment_hook('interface', 'ld_library_path_lib')
[1.203s] INFO:colcon.colcon_core.shell:Creating environment hook '/home/duallife/projects/urdf/install/interface/share/interface/hook/ld_library_path_lib.ps1'
[1.204s] INFO:colcon.colcon_core.shell:Creating environment descriptor '/home/duallife/projects/urdf/install/interface/share/interface/hook/ld_library_path_lib.dsv'
[1.204s] INFO:colcon.colcon_core.shell:Creating environment hook '/home/duallife/projects/urdf/install/interface/share/interface/hook/ld_library_path_lib.sh'
[1.204s] Level 1:colcon.colcon_core.environment:checking '/home/duallife/projects/urdf/install/interface/bin'
[1.204s] Level 1:colcon.colcon_core.environment:checking '/home/duallife/projects/urdf/install/interface/lib/pkgconfig/interface.pc'
[1.204s] Level 1:colcon.colcon_core.environment:checking '/home/duallife/projects/urdf/install/interface/lib/python3.10/site-packages'
[1.204s] Level 1:colcon.colcon_core.environment:checking '/home/duallife/projects/urdf/install/interface/bin'
[1.205s] INFO:colcon.colcon_core.shell:Creating package script '/home/duallife/projects/urdf/install/interface/share/interface/package.ps1'
[1.205s] INFO:colcon.colcon_core.shell:Creating package descriptor '/home/duallife/projects/urdf/install/interface/share/interface/package.dsv'
[1.206s] INFO:colcon.colcon_core.shell:Creating package script '/home/duallife/projects/urdf/install/interface/share/interface/package.sh'
[1.206s] INFO:colcon.colcon_core.shell:Creating package script '/home/duallife/projects/urdf/install/interface/share/interface/package.bash'
[1.207s] INFO:colcon.colcon_core.shell:Creating package script '/home/duallife/projects/urdf/install/interface/share/interface/package.zsh'
[1.207s] Level 1:colcon.colcon_core.environment:create_file_with_runtime_dependencies(/home/duallife/projects/urdf/install/interface/share/colcon-core/packages/interface)
[1.289s] Level 1:colcon.colcon_core.environment:create_environment_scripts_only(interface)
[1.289s] Level 1:colcon.colcon_core.environment:checking '/home/duallife/projects/urdf/install/interface' for CMake module files
[1.290s] Level 1:colcon.colcon_core.environment:checking '/home/duallife/projects/urdf/install/interface' for CMake config files
[1.290s] Level 1:colcon.colcon_core.shell:create_environment_hook('interface', 'cmake_prefix_path')
[1.290s] INFO:colcon.colcon_core.shell:Creating environment hook '/home/duallife/projects/urdf/install/interface/share/interface/hook/cmake_prefix_path.ps1'
[1.290s] INFO:colcon.colcon_core.shell:Creating environment descriptor '/home/duallife/projects/urdf/install/interface/share/interface/hook/cmake_prefix_path.dsv'
[1.291s] INFO:colcon.colcon_core.shell:Creating environment hook '/home/duallife/projects/urdf/install/interface/share/interface/hook/cmake_prefix_path.sh'
[1.291s] Level 1:colcon.colcon_core.environment:checking '/home/duallife/projects/urdf/install/interface/lib'
[1.291s] Level 1:colcon.colcon_core.shell:create_environment_hook('interface', 'ld_library_path_lib')
[1.291s] INFO:colcon.colcon_core.shell:Creating environment hook '/home/duallife/projects/urdf/install/interface/share/interface/hook/ld_library_path_lib.ps1'
[1.291s] INFO:colcon.colcon_core.shell:Creating environment descriptor '/home/duallife/projects/urdf/install/interface/share/interface/hook/ld_library_path_lib.dsv'
[1.292s] INFO:colcon.colcon_core.shell:Creating environment hook '/home/duallife/projects/urdf/install/interface/share/interface/hook/ld_library_path_lib.sh'
[1.292s] Level 1:colcon.colcon_core.environment:checking '/home/duallife/projects/urdf/install/interface/bin'
[1.292s] Level 1:colcon.colcon_core.environment:checking '/home/duallife/projects/urdf/install/interface/lib/pkgconfig/interface.pc'
[1.292s] Level 1:colcon.colcon_core.environment:checking '/home/duallife/projects/urdf/install/interface/lib/python3.10/site-packages'
[1.292s] Level 1:colcon.colcon_core.environment:checking '/home/duallife/projects/urdf/install/interface/bin'
[1.293s] INFO:colcon.colcon_core.shell:Creating package script '/home/duallife/projects/urdf/install/interface/share/interface/package.ps1'
[1.293s] INFO:colcon.colcon_core.shell:Creating package descriptor '/home/duallife/projects/urdf/install/interface/share/interface/package.dsv'
[1.293s] INFO:colcon.colcon_core.shell:Creating package script '/home/duallife/projects/urdf/install/interface/share/interface/package.sh'
[1.294s] INFO:colcon.colcon_core.shell:Creating package script '/home/duallife/projects/urdf/install/interface/share/interface/package.bash'
[1.294s] INFO:colcon.colcon_core.shell:Creating package script '/home/duallife/projects/urdf/install/interface/share/interface/package.zsh'
[1.294s] Level 1:colcon.colcon_core.environment:create_file_with_runtime_dependencies(/home/duallife/projects/urdf/install/interface/share/colcon-core/packages/interface)
[1.295s] Level 1:colcon.colcon_core.environment:checking '/home/duallife/projects/urdf/install/ROBOv2' for CMake module files
[1.296s] Level 1:colcon.colcon_core.environment:checking '/home/duallife/projects/urdf/install/ROBOv2' for CMake config files
[1.296s] DEBUG:colcon.colcon_core.event_handler.log_command:Invoked command in '/home/duallife/projects/urdf/ROBOv2' returned '0': PYTHONPATH=/home/duallife/projects/urdf/build/ROBOv2/prefix_override:/usr/lib/python3/dist-packages/colcon_core/task/python/colcon_distutils_commands:/home/duallife/projects/urdf/install/ROBOv2/lib/python3.10/site-packages:${PYTHONPATH} /usr/bin/python3 -W ignore:setup.py install is deprecated setup.py egg_info --egg-base ../build/ROBOv2 build --build-base /home/duallife/projects/urdf/build/ROBOv2/build install --record /home/duallife/projects/urdf/build/ROBOv2/install.log --single-version-externally-managed install_data
[1.297s] Level 1:colcon.colcon_core.environment:checking '/home/duallife/projects/urdf/install/ROBOv2/lib'
[1.297s] Level 1:colcon.colcon_core.environment:checking '/home/duallife/projects/urdf/install/ROBOv2/bin'
[1.297s] Level 1:colcon.colcon_core.environment:checking '/home/duallife/projects/urdf/install/ROBOv2/lib/pkgconfig/ROBOv2.pc'
[1.297s] Level 1:colcon.colcon_core.environment:checking '/home/duallife/projects/urdf/install/ROBOv2/lib/python3.10/site-packages'
[1.297s] Level 1:colcon.colcon_core.shell:create_environment_hook('ROBOv2', 'pythonpath')
[1.297s] INFO:colcon.colcon_core.shell:Creating environment hook '/home/duallife/projects/urdf/install/ROBOv2/share/ROBOv2/hook/pythonpath.ps1'
[1.298s] INFO:colcon.colcon_core.shell:Creating environment descriptor '/home/duallife/projects/urdf/install/ROBOv2/share/ROBOv2/hook/pythonpath.dsv'
[1.298s] INFO:colcon.colcon_core.shell:Creating environment hook '/home/duallife/projects/urdf/install/ROBOv2/share/ROBOv2/hook/pythonpath.sh'
[1.298s] Level 1:colcon.colcon_core.environment:checking '/home/duallife/projects/urdf/install/ROBOv2/bin'
[1.298s] Level 1:colcon.colcon_core.environment:create_environment_scripts_only(ROBOv2)
[1.298s] INFO:colcon.colcon_core.shell:Creating package script '/home/duallife/projects/urdf/install/ROBOv2/share/ROBOv2/package.ps1'
[1.299s] INFO:colcon.colcon_core.shell:Creating package descriptor '/home/duallife/projects/urdf/install/ROBOv2/share/ROBOv2/package.dsv'
[1.299s] INFO:colcon.colcon_core.shell:Creating package script '/home/duallife/projects/urdf/install/ROBOv2/share/ROBOv2/package.sh'
[1.299s] INFO:colcon.colcon_core.shell:Creating package script '/home/duallife/projects/urdf/install/ROBOv2/share/ROBOv2/package.bash'
[1.299s] INFO:colcon.colcon_core.shell:Creating package script '/home/duallife/projects/urdf/install/ROBOv2/share/ROBOv2/package.zsh'
[1.299s] Level 1:colcon.colcon_core.environment:create_file_with_runtime_dependencies(/home/duallife/projects/urdf/install/ROBOv2/share/colcon-core/packages/ROBOv2)
[1.300s] INFO:colcon.colcon_ros.task.ament_cmake.build:Building ROS package in '/home/duallife/projects/urdf/robov2description' with build type 'ament_cmake'
[1.300s] INFO:colcon.colcon_cmake.task.cmake.build:Building CMake package in '/home/duallife/projects/urdf/robov2description'
[1.300s] INFO:colcon.colcon_core.shell:Skip shell extension 'powershell' for command environment: Not usable outside of PowerShell
[1.300s] DEBUG:colcon.colcon_core.shell:Skip shell extension 'dsv' for command environment
[1.303s] Level 1:colcon.colcon_core.environment:checking '/home/duallife/projects/urdf/install/robo6' for CMake module files
[1.304s] DEBUG:colcon.colcon_core.event_handler.log_command:Invoked command in '/home/duallife/projects/urdf/robo6' returned '0': PYTHONPATH=/home/duallife/projects/urdf/build/robo6/prefix_override:/usr/lib/python3/dist-packages/colcon_core/task/python/colcon_distutils_commands:/home/duallife/projects/urdf/install/robo6/lib/python3.10/site-packages:${PYTHONPATH} /usr/bin/python3 -W ignore:setup.py install is deprecated setup.py egg_info --egg-base ../build/robo6 build --build-base /home/duallife/projects/urdf/build/robo6/build install --record /home/duallife/projects/urdf/build/robo6/install.log --single-version-externally-managed install_data
[1.304s] Level 1:colcon.colcon_core.environment:checking '/home/duallife/projects/urdf/install/robo6' for CMake config files
[1.305s] Level 1:colcon.colcon_core.environment:checking '/home/duallife/projects/urdf/install/robo6/lib'
[1.305s] Level 1:colcon.colcon_core.environment:checking '/home/duallife/projects/urdf/install/robo6/bin'
[1.305s] Level 1:colcon.colcon_core.environment:checking '/home/duallife/projects/urdf/install/robo6/lib/pkgconfig/robo6.pc'
[1.305s] Level 1:colcon.colcon_core.environment:checking '/home/duallife/projects/urdf/install/robo6/lib/python3.10/site-packages'
[1.305s] Level 1:colcon.colcon_core.shell:create_environment_hook('robo6', 'pythonpath')
[1.305s] INFO:colcon.colcon_core.shell:Creating environment hook '/home/duallife/projects/urdf/install/robo6/share/robo6/hook/pythonpath.ps1'
[1.305s] INFO:colcon.colcon_core.shell:Creating environment descriptor '/home/duallife/projects/urdf/install/robo6/share/robo6/hook/pythonpath.dsv'
[1.306s] INFO:colcon.colcon_core.shell:Creating environment hook '/home/duallife/projects/urdf/install/robo6/share/robo6/hook/pythonpath.sh'
[1.306s] Level 1:colcon.colcon_core.environment:checking '/home/duallife/projects/urdf/install/robo6/bin'
[1.306s] Level 1:colcon.colcon_core.environment:create_environment_scripts_only(robo6)
[1.306s] INFO:colcon.colcon_core.shell:Creating package script '/home/duallife/projects/urdf/install/robo6/share/robo6/package.ps1'
[1.307s] INFO:colcon.colcon_core.shell:Creating package descriptor '/home/duallife/projects/urdf/install/robo6/share/robo6/package.dsv'
[1.307s] INFO:colcon.colcon_core.shell:Creating package script '/home/duallife/projects/urdf/install/robo6/share/robo6/package.sh'
[1.307s] INFO:colcon.colcon_core.shell:Creating package script '/home/duallife/projects/urdf/install/robo6/share/robo6/package.bash'
[1.307s] INFO:colcon.colcon_core.shell:Creating package script '/home/duallife/projects/urdf/install/robo6/share/robo6/package.zsh'
[1.307s] Level 1:colcon.colcon_core.environment:create_file_with_runtime_dependencies(/home/duallife/projects/urdf/install/robo6/share/colcon-core/packages/robo6)
[1.308s] INFO:colcon.colcon_ros.task.ament_cmake.build:Building ROS package in '/home/duallife/projects/urdf/mybot' with build type 'ament_cmake'
[1.308s] INFO:colcon.colcon_cmake.task.cmake.build:Building CMake package in '/home/duallife/projects/urdf/mybot'
[1.308s] INFO:colcon.colcon_core.shell:Skip shell extension 'powershell' for command environment: Not usable outside of PowerShell
[1.308s] DEBUG:colcon.colcon_core.shell:Skip shell extension 'dsv' for command environment
[1.314s] DEBUG:colcon.colcon_core.event_handler.log_command:Invoking command in '/home/duallife/projects/urdf/build/robov2description': AMENT_PREFIX_PATH=/home/duallife/projects/urdf/install/ROBOv2:${AMENT_PREFIX_PATH} CMAKE_PREFIX_PATH=/opt/ros/humble PYTHONPATH=/home/duallife/projects/urdf/install/ROBOv2/lib/python3.10/site-packages:${PYTHONPATH} /usr/bin/cmake --build /home/duallife/projects/urdf/build/robov2description -- -j16 -l16
[1.317s] DEBUG:colcon.colcon_core.event_handler.log_command:Invoking command in '/home/duallife/projects/urdf/build/mybot': AMENT_PREFIX_PATH=/home/duallife/projects/urdf/install/robo6:${AMENT_PREFIX_PATH} CMAKE_PREFIX_PATH=/opt/ros/humble PYTHONPATH=/home/duallife/projects/urdf/install/robo6/lib/python3.10/site-packages:${PYTHONPATH} /usr/bin/cmake --build /home/duallife/projects/urdf/build/mybot -- -j16 -l16
[1.353s] DEBUG:colcon.colcon_core.event_handler.log_command:Invoked command in '/home/duallife/projects/urdf/build/robov2description' returned '0': AMENT_PREFIX_PATH=/home/duallife/projects/urdf/install/ROBOv2:${AMENT_PREFIX_PATH} CMAKE_PREFIX_PATH=/opt/ros/humble PYTHONPATH=/home/duallife/projects/urdf/install/ROBOv2/lib/python3.10/site-packages:${PYTHONPATH} /usr/bin/cmake --build /home/duallife/projects/urdf/build/robov2description -- -j16 -l16
[1.353s] DEBUG:colcon.colcon_core.event_handler.log_command:Invoked command in '/home/duallife/projects/urdf/build/mybot' returned '0': AMENT_PREFIX_PATH=/home/duallife/projects/urdf/install/robo6:${AMENT_PREFIX_PATH} CMAKE_PREFIX_PATH=/opt/ros/humble PYTHONPATH=/home/duallife/projects/urdf/install/robo6/lib/python3.10/site-packages:${PYTHONPATH} /usr/bin/cmake --build /home/duallife/projects/urdf/build/mybot -- -j16 -l16
[1.374s] DEBUG:colcon.colcon_core.event_handler.log_command:Invoking command in '/home/duallife/projects/urdf/build/robov2description': AMENT_PREFIX_PATH=/home/duallife/projects/urdf/install/ROBOv2:${AMENT_PREFIX_PATH} CMAKE_PREFIX_PATH=/opt/ros/humble PYTHONPATH=/home/duallife/projects/urdf/install/ROBOv2/lib/python3.10/site-packages:${PYTHONPATH} /usr/bin/cmake --install /home/duallife/projects/urdf/build/robov2description
[1.377s] DEBUG:colcon.colcon_core.event_handler.log_command:Invoking command in '/home/duallife/projects/urdf/build/mybot': AMENT_PREFIX_PATH=/home/duallife/projects/urdf/install/robo6:${AMENT_PREFIX_PATH} CMAKE_PREFIX_PATH=/opt/ros/humble PYTHONPATH=/home/duallife/projects/urdf/install/robo6/lib/python3.10/site-packages:${PYTHONPATH} /usr/bin/cmake --install /home/duallife/projects/urdf/build/mybot
[1.386s] Level 1:colcon.colcon_core.environment:create_environment_scripts_only(robov2description)
[1.386s] Level 1:colcon.colcon_core.environment:checking '/home/duallife/projects/urdf/install/robov2description' for CMake module files
[1.387s] DEBUG:colcon.colcon_core.event_handler.log_command:Invoked command in '/home/duallife/projects/urdf/build/robov2description' returned '0': AMENT_PREFIX_PATH=/home/duallife/projects/urdf/install/ROBOv2:${AMENT_PREFIX_PATH} CMAKE_PREFIX_PATH=/opt/ros/humble PYTHONPATH=/home/duallife/projects/urdf/install/ROBOv2/lib/python3.10/site-packages:${PYTHONPATH} /usr/bin/cmake --install /home/duallife/projects/urdf/build/robov2description
[1.388s] Level 1:colcon.colcon_core.environment:checking '/home/duallife/projects/urdf/install/robov2description' for CMake config files
[1.388s] Level 1:colcon.colcon_core.shell:create_environment_hook('robov2description', 'cmake_prefix_path')
[1.388s] INFO:colcon.colcon_core.shell:Creating environment hook '/home/duallife/projects/urdf/install/robov2description/share/robov2description/hook/cmake_prefix_path.ps1'
[1.388s] INFO:colcon.colcon_core.shell:Creating environment descriptor '/home/duallife/projects/urdf/install/robov2description/share/robov2description/hook/cmake_prefix_path.dsv'
[1.389s] INFO:colcon.colcon_core.shell:Creating environment hook '/home/duallife/projects/urdf/install/robov2description/share/robov2description/hook/cmake_prefix_path.sh'
[1.389s] Level 1:colcon.colcon_core.environment:checking '/home/duallife/projects/urdf/install/robov2description/bin'
[1.389s] Level 1:colcon.colcon_core.environment:checking '/home/duallife/projects/urdf/install/robov2description/lib/pkgconfig/robov2description.pc'
[1.389s] Level 1:colcon.colcon_core.environment:checking '/home/duallife/projects/urdf/install/robov2description/lib/python3.10/site-packages'
[1.389s] Level 1:colcon.colcon_core.environment:checking '/home/duallife/projects/urdf/install/robov2description/bin'
[1.389s] INFO:colcon.colcon_core.shell:Creating package script '/home/duallife/projects/urdf/install/robov2description/share/robov2description/package.ps1'
[1.390s] INFO:colcon.colcon_core.shell:Creating package descriptor '/home/duallife/projects/urdf/install/robov2description/share/robov2description/package.dsv'
[1.390s] INFO:colcon.colcon_core.shell:Creating package script '/home/duallife/projects/urdf/install/robov2description/share/robov2description/package.sh'
[1.390s] INFO:colcon.colcon_core.shell:Creating package script '/home/duallife/projects/urdf/install/robov2description/share/robov2description/package.bash'
[1.390s] INFO:colcon.colcon_core.shell:Creating package script '/home/duallife/projects/urdf/install/robov2description/share/robov2description/package.zsh'
[1.391s] Level 1:colcon.colcon_core.environment:create_file_with_runtime_dependencies(/home/duallife/projects/urdf/install/robov2description/share/colcon-core/packages/robov2description)
[1.392s] Level 1:colcon.colcon_core.environment:create_environment_scripts_only(mybot)
[1.392s] Level 1:colcon.colcon_core.environment:checking '/home/duallife/projects/urdf/install/mybot' for CMake module files
[1.392s] DEBUG:colcon.colcon_core.event_handler.log_command:Invoked command in '/home/duallife/projects/urdf/build/mybot' returned '0': AMENT_PREFIX_PATH=/home/duallife/projects/urdf/install/robo6:${AMENT_PREFIX_PATH} CMAKE_PREFIX_PATH=/opt/ros/humble PYTHONPATH=/home/duallife/projects/urdf/install/robo6/lib/python3.10/site-packages:${PYTHONPATH} /usr/bin/cmake --install /home/duallife/projects/urdf/build/mybot
[1.393s] Level 1:colcon.colcon_core.environment:checking '/home/duallife/projects/urdf/install/mybot' for CMake config files
[1.393s] Level 1:colcon.colcon_core.shell:create_environment_hook('mybot', 'cmake_prefix_path')
[1.393s] INFO:colcon.colcon_core.shell:Creating environment hook '/home/duallife/projects/urdf/install/mybot/share/mybot/hook/cmake_prefix_path.ps1'
[1.393s] INFO:colcon.colcon_core.shell:Creating environment descriptor '/home/duallife/projects/urdf/install/mybot/share/mybot/hook/cmake_prefix_path.dsv'
[1.394s] INFO:colcon.colcon_core.shell:Creating environment hook '/home/duallife/projects/urdf/install/mybot/share/mybot/hook/cmake_prefix_path.sh'
[1.394s] Level 1:colcon.colcon_core.environment:checking '/home/duallife/projects/urdf/install/mybot/bin'
[1.394s] Level 1:colcon.colcon_core.environment:checking '/home/duallife/projects/urdf/install/mybot/lib/pkgconfig/mybot.pc'
[1.394s] Level 1:colcon.colcon_core.environment:checking '/home/duallife/projects/urdf/install/mybot/lib/python3.10/site-packages'
[1.394s] Level 1:colcon.colcon_core.environment:checking '/home/duallife/projects/urdf/install/mybot/bin'
[1.394s] INFO:colcon.colcon_core.shell:Creating package script '/home/duallife/projects/urdf/install/mybot/share/mybot/package.ps1'
[1.395s] INFO:colcon.colcon_core.shell:Creating package descriptor '/home/duallife/projects/urdf/install/mybot/share/mybot/package.dsv'
[1.395s] INFO:colcon.colcon_core.shell:Creating package script '/home/duallife/projects/urdf/install/mybot/share/mybot/package.sh'
[1.395s] INFO:colcon.colcon_core.shell:Creating package script '/home/duallife/projects/urdf/install/mybot/share/mybot/package.bash'
[1.395s] INFO:colcon.colcon_core.shell:Creating package script '/home/duallife/projects/urdf/install/mybot/share/mybot/package.zsh'
[1.395s] Level 1:colcon.colcon_core.environment:create_file_with_runtime_dependencies(/home/duallife/projects/urdf/install/mybot/share/colcon-core/packages/mybot)
[1.416s] Level 1:colcon.colcon_core.environment:create_environment_scripts_only(mybot)
[1.416s] Level 1:colcon.colcon_core.environment:checking '/home/duallife/projects/urdf/install/mybot' for CMake module files
[1.416s] Level 1:colcon.colcon_core.environment:checking '/home/duallife/projects/urdf/install/mybot' for CMake config files
[1.416s] Level 1:colcon.colcon_core.shell:create_environment_hook('mybot', 'cmake_prefix_path')
[1.416s] INFO:colcon.colcon_core.shell:Creating environment hook '/home/duallife/projects/urdf/install/mybot/share/mybot/hook/cmake_prefix_path.ps1'
[1.417s] INFO:colcon.colcon_core.shell:Creating environment descriptor '/home/duallife/projects/urdf/install/mybot/share/mybot/hook/cmake_prefix_path.dsv'
[1.417s] INFO:colcon.colcon_core.shell:Creating environment hook '/home/duallife/projects/urdf/install/mybot/share/mybot/hook/cmake_prefix_path.sh'
[1.417s] Level 1:colcon.colcon_core.environment:checking '/home/duallife/projects/urdf/install/mybot/bin'
[1.417s] Level 1:colcon.colcon_core.environment:checking '/home/duallife/projects/urdf/install/mybot/lib/pkgconfig/mybot.pc'
[1.418s] Level 1:colcon.colcon_core.environment:checking '/home/duallife/projects/urdf/install/mybot/lib/python3.10/site-packages'
[1.418s] Level 1:colcon.colcon_core.environment:checking '/home/duallife/projects/urdf/install/mybot/bin'
[1.418s] INFO:colcon.colcon_core.shell:Creating package script '/home/duallife/projects/urdf/install/mybot/share/mybot/package.ps1'
[1.418s] INFO:colcon.colcon_core.shell:Creating package descriptor '/home/duallife/projects/urdf/install/mybot/share/mybot/package.dsv'
[1.418s] INFO:colcon.colcon_core.shell:Creating package script '/home/duallife/projects/urdf/install/mybot/share/mybot/package.sh'
[1.419s] INFO:colcon.colcon_core.shell:Creating package script '/home/duallife/projects/urdf/install/mybot/share/mybot/package.bash'
[1.419s] INFO:colcon.colcon_core.shell:Creating package script '/home/duallife/projects/urdf/install/mybot/share/mybot/package.zsh'
[1.419s] Level 1:colcon.colcon_core.environment:create_file_with_runtime_dependencies(/home/duallife/projects/urdf/install/mybot/share/colcon-core/packages/mybot)
[1.420s] Level 1:colcon.colcon_core.environment:create_environment_scripts_only(robov2description)
[1.420s] Level 1:colcon.colcon_core.environment:checking '/home/duallife/projects/urdf/install/robov2description' for CMake module files
[1.420s] Level 1:colcon.colcon_core.environment:checking '/home/duallife/projects/urdf/install/robov2description' for CMake config files
[1.421s] Level 1:colcon.colcon_core.shell:create_environment_hook('robov2description', 'cmake_prefix_path')
[1.421s] INFO:colcon.colcon_core.shell:Creating environment hook '/home/duallife/projects/urdf/install/robov2description/share/robov2description/hook/cmake_prefix_path.ps1'
[1.421s] INFO:colcon.colcon_core.shell:Creating environment descriptor '/home/duallife/projects/urdf/install/robov2description/share/robov2description/hook/cmake_prefix_path.dsv'
[1.421s] INFO:colcon.colcon_core.shell:Creating environment hook '/home/duallife/projects/urdf/install/robov2description/share/robov2description/hook/cmake_prefix_path.sh'
[1.421s] Level 1:colcon.colcon_core.environment:checking '/home/duallife/projects/urdf/install/robov2description/bin'
[1.421s] Level 1:colcon.colcon_core.environment:checking '/home/duallife/projects/urdf/install/robov2description/lib/pkgconfig/robov2description.pc'
[1.422s] Level 1:colcon.colcon_core.environment:checking '/home/duallife/projects/urdf/install/robov2description/lib/python3.10/site-packages'
[1.422s] Level 1:colcon.colcon_core.environment:checking '/home/duallife/projects/urdf/install/robov2description/bin'
[1.422s] INFO:colcon.colcon_core.shell:Creating package script '/home/duallife/projects/urdf/install/robov2description/share/robov2description/package.ps1'
[1.422s] INFO:colcon.colcon_core.shell:Creating package descriptor '/home/duallife/projects/urdf/install/robov2description/share/robov2description/package.dsv'
[1.422s] INFO:colcon.colcon_core.shell:Creating package script '/home/duallife/projects/urdf/install/robov2description/share/robov2description/package.sh'
[1.423s] INFO:colcon.colcon_core.shell:Creating package script '/home/duallife/projects/urdf/install/robov2description/share/robov2description/package.bash'
[1.423s] INFO:colcon.colcon_core.shell:Creating package script '/home/duallife/projects/urdf/install/robov2description/share/robov2description/package.zsh'
[1.423s] Level 1:colcon.colcon_core.environment:create_file_with_runtime_dependencies(/home/duallife/projects/urdf/install/robov2description/share/colcon-core/packages/robov2description)
[1.423s] DEBUG:colcon.colcon_parallel_executor.executor.parallel:closing loop
[1.423s] DEBUG:colcon.colcon_parallel_executor.executor.parallel:loop closed
[1.423s] DEBUG:colcon.colcon_parallel_executor.executor.parallel:run_until_complete finished with '0'
[1.423s] DEBUG:colcon.colcon_core.event_reactor:joining thread
[1.429s] INFO:colcon.colcon_core.plugin_system:Skipping extension 'colcon_notification.desktop_notification.terminal_notifier': Not used on non-Darwin systems
[1.429s] INFO:colcon.colcon_core.plugin_system:Skipping extension 'colcon_notification.desktop_notification.win32': Not used on non-Windows systems
[1.429s] INFO:colcon.colcon_notification.desktop_notification:Sending desktop notification using 'notify2'
[1.443s] DEBUG:colcon.colcon_core.event_reactor:joined thread
[1.443s] INFO:colcon.colcon_core.shell:Creating prefix script '/home/duallife/projects/urdf/install/local_setup.ps1'
[1.445s] INFO:colcon.colcon_core.shell:Creating prefix util module '/home/duallife/projects/urdf/install/_local_setup_util_ps1.py'
[1.445s] INFO:colcon.colcon_core.shell:Creating prefix chain script '/home/duallife/projects/urdf/install/setup.ps1'
[1.446s] INFO:colcon.colcon_core.shell:Creating prefix script '/home/duallife/projects/urdf/install/local_setup.sh'
[1.447s] INFO:colcon.colcon_core.shell:Creating prefix util module '/home/duallife/projects/urdf/install/_local_setup_util_sh.py'
[1.447s] INFO:colcon.colcon_core.shell:Creating prefix chain script '/home/duallife/projects/urdf/install/setup.sh'
[1.448s] INFO:colcon.colcon_core.shell:Creating prefix script '/home/duallife/projects/urdf/install/local_setup.bash'
[1.448s] INFO:colcon.colcon_core.shell:Creating prefix chain script '/home/duallife/projects/urdf/install/setup.bash'
[1.449s] INFO:colcon.colcon_core.shell:Creating prefix script '/home/duallife/projects/urdf/install/local_setup.zsh'
[1.449s] INFO:colcon.colcon_core.shell:Creating prefix chain script '/home/duallife/projects/urdf/install/setup.zsh'
