/home/duallife/projects/urdf/install/robo6/lib/python3.10/site-packages/robo6/jointAnglePub.py
/home/duallife/projects/urdf/install/robo6/lib/python3.10/site-packages/robo6/__init__.py
/home/duallife/projects/urdf/install/robo6/lib/python3.10/site-packages/robo6/test_sub.py
/home/duallife/projects/urdf/install/robo6/lib/python3.10/site-packages/robo6/test_pub.py
/home/duallife/projects/urdf/install/robo6/lib/python3.10/site-packages/robo6/__pycache__/jointAnglePub.cpython-310.pyc
/home/duallife/projects/urdf/install/robo6/lib/python3.10/site-packages/robo6/__pycache__/__init__.cpython-310.pyc
/home/duallife/projects/urdf/install/robo6/lib/python3.10/site-packages/robo6/__pycache__/test_sub.cpython-310.pyc
/home/duallife/projects/urdf/install/robo6/lib/python3.10/site-packages/robo6/__pycache__/test_pub.cpython-310.pyc
/home/duallife/projects/urdf/install/robo6/share/ament_index/resource_index/packages/robo6
/home/duallife/projects/urdf/install/robo6/share/robo6/package.xml
/home/duallife/projects/urdf/install/robo6/share/robo6/launch/gazebo.launch.py
/home/duallife/projects/urdf/install/robo6/share/robo6/launch/display_rviz2.launch.py
/home/duallife/projects/urdf/install/robo6/share/robo6/urdf/robo6.csv
/home/duallife/projects/urdf/install/robo6/share/robo6/urdf/robo6.urdf
/home/duallife/projects/urdf/install/robo6/share/robo6/urdf/robo6gazebo.urdf
/home/duallife/projects/urdf/install/robo6/share/robo6/meshes/Link3.STL
/home/duallife/projects/urdf/install/robo6/share/robo6/meshes/Link1.STL
/home/duallife/projects/urdf/install/robo6/share/robo6/meshes/Link4.STL
/home/duallife/projects/urdf/install/robo6/share/robo6/meshes/Link5.STL
/home/duallife/projects/urdf/install/robo6/share/robo6/meshes/base_link.STL
/home/duallife/projects/urdf/install/robo6/share/robo6/meshes/Link2.STL
/home/duallife/projects/urdf/install/robo6/share/robo6/meshes/Link6.STL
/home/duallife/projects/urdf/install/robo6/lib/python3.10/site-packages/robo6-0.0.0-py3.10.egg-info/dependency_links.txt
/home/duallife/projects/urdf/install/robo6/lib/python3.10/site-packages/robo6-0.0.0-py3.10.egg-info/PKG-INFO
/home/duallife/projects/urdf/install/robo6/lib/python3.10/site-packages/robo6-0.0.0-py3.10.egg-info/zip-safe
/home/duallife/projects/urdf/install/robo6/lib/python3.10/site-packages/robo6-0.0.0-py3.10.egg-info/requires.txt
/home/duallife/projects/urdf/install/robo6/lib/python3.10/site-packages/robo6-0.0.0-py3.10.egg-info/entry_points.txt
/home/duallife/projects/urdf/install/robo6/lib/python3.10/site-packages/robo6-0.0.0-py3.10.egg-info/top_level.txt
/home/duallife/projects/urdf/install/robo6/lib/python3.10/site-packages/robo6-0.0.0-py3.10.egg-info/SOURCES.txt
/home/duallife/projects/urdf/install/robo6/lib/robo6/jointAnglePub
/home/duallife/projects/urdf/install/robo6/lib/robo6/test_pub
/home/duallife/projects/urdf/install/robo6/lib/robo6/test_sub
